<?xml version="1.0" encoding="UTF-8"?>
<testsuite xmlns:xsi="http://www.w3.org/2001/XMLSchema-instance" xsi:noNamespaceSchemaLocation="https://maven.apache.org/surefire/maven-surefire-plugin/xsd/surefire-test-report-3.0.xsd" version="3.0" name="TestSuite" time="365.43" tests="1" errors="0" skipped="0" failures="0">
  <properties>
    <property name="java.specification.version" value="15"/>
    <property name="sun.cpu.isalist" value="amd64"/>
    <property name="sun.jnu.encoding" value="Cp1252"/>
    <property name="java.class.path" value="C:\SDET-Shravya\SDET\MobileAppFramework\target\test-classes;C:\SDET-Shravya\SDET\MobileAppFramework\target\classes;C:\Users\ShravyaRai\.m2\repository\org\seleniumhq\selenium\selenium-java\3.141.59\selenium-java-3.141.59.jar;C:\Users\ShravyaRai\.m2\repository\org\seleniumhq\selenium\selenium-api\3.141.59\selenium-api-3.141.59.jar;C:\Users\ShravyaRai\.m2\repository\org\seleniumhq\selenium\selenium-chrome-driver\3.141.59\selenium-chrome-driver-3.141.59.jar;C:\Users\ShravyaRai\.m2\repository\org\seleniumhq\selenium\selenium-edge-driver\3.141.59\selenium-edge-driver-3.141.59.jar;C:\Users\ShravyaRai\.m2\repository\org\seleniumhq\selenium\selenium-firefox-driver\3.141.59\selenium-firefox-driver-3.141.59.jar;C:\Users\ShravyaRai\.m2\repository\org\seleniumhq\selenium\selenium-ie-driver\3.141.59\selenium-ie-driver-3.141.59.jar;C:\Users\ShravyaRai\.m2\repository\org\seleniumhq\selenium\selenium-opera-driver\3.141.59\selenium-opera-driver-3.141.59.jar;C:\Users\ShravyaRai\.m2\repository\org\seleniumhq\selenium\selenium-remote-driver\3.141.59\selenium-remote-driver-3.141.59.jar;C:\Users\ShravyaRai\.m2\repository\org\seleniumhq\selenium\selenium-safari-driver\3.141.59\selenium-safari-driver-3.141.59.jar;C:\Users\ShravyaRai\.m2\repository\org\seleniumhq\selenium\selenium-support\3.141.59\selenium-support-3.141.59.jar;C:\Users\ShravyaRai\.m2\repository\net\bytebuddy\byte-buddy\1.8.15\byte-buddy-1.8.15.jar;C:\Users\ShravyaRai\.m2\repository\org\apache\commons\commons-exec\1.3\commons-exec-1.3.jar;C:\Users\ShravyaRai\.m2\repository\com\google\guava\guava\25.0-jre\guava-25.0-jre.jar;C:\Users\ShravyaRai\.m2\repository\com\google\code\findbugs\jsr305\1.3.9\jsr305-1.3.9.jar;C:\Users\ShravyaRai\.m2\repository\org\checkerframework\checker-compat-qual\2.0.0\checker-compat-qual-2.0.0.jar;C:\Users\ShravyaRai\.m2\repository\com\google\errorprone\error_prone_annotations\2.1.3\error_prone_annotations-2.1.3.jar;C:\Users\ShravyaRai\.m2\repository\com\google\j2objc\j2objc-annotations\1.1\j2objc-annotations-1.1.jar;C:\Users\ShravyaRai\.m2\repository\org\codehaus\mojo\animal-sniffer-annotations\1.14\animal-sniffer-annotations-1.14.jar;C:\Users\ShravyaRai\.m2\repository\com\squareup\okhttp3\okhttp\3.11.0\okhttp-3.11.0.jar;C:\Users\ShravyaRai\.m2\repository\com\squareup\okio\okio\1.14.0\okio-1.14.0.jar;C:\Users\ShravyaRai\.m2\repository\org\testng\testng\7.3.0\testng-7.3.0.jar;C:\Users\ShravyaRai\.m2\repository\com\beust\jcommander\1.78\jcommander-1.78.jar;C:\Users\ShravyaRai\.m2\repository\org\apache\ant\ant\1.10.3\ant-1.10.3.jar;C:\Users\ShravyaRai\.m2\repository\org\apache\ant\ant-launcher\1.10.3\ant-launcher-1.10.3.jar;C:\Users\ShravyaRai\.m2\repository\junit\junit\4.12\junit-4.12.jar;C:\Users\ShravyaRai\.m2\repository\org\hamcrest\hamcrest-core\1.3\hamcrest-core-1.3.jar;C:\Users\ShravyaRai\.m2\repository\com\google\inject\guice\4.2.2\guice-4.2.2-no_aop.jar;C:\Users\ShravyaRai\.m2\repository\javax\inject\javax.inject\1\javax.inject-1.jar;C:\Users\ShravyaRai\.m2\repository\aopalliance\aopalliance\1.0\aopalliance-1.0.jar;C:\Users\ShravyaRai\.m2\repository\org\yaml\snakeyaml\1.21\snakeyaml-1.21.jar;C:\Users\ShravyaRai\.m2\repository\io\appium\java-client\7.3.0\java-client-7.3.0.jar;C:\Users\ShravyaRai\.m2\repository\com\google\code\gson\gson\2.8.5\gson-2.8.5.jar;C:\Users\ShravyaRai\.m2\repository\org\apache\httpcomponents\httpclient\4.5.9\httpclient-4.5.9.jar;C:\Users\ShravyaRai\.m2\repository\org\apache\httpcomponents\httpcore\4.4.11\httpcore-4.4.11.jar;C:\Users\ShravyaRai\.m2\repository\commons-logging\commons-logging\1.2\commons-logging-1.2.jar;C:\Users\ShravyaRai\.m2\repository\commons-codec\commons-codec\1.11\commons-codec-1.11.jar;C:\Users\ShravyaRai\.m2\repository\cglib\cglib\3.2.12\cglib-3.2.12.jar;C:\Users\ShravyaRai\.m2\repository\org\ow2\asm\asm\7.1\asm-7.1.jar;C:\Users\ShravyaRai\.m2\repository\commons-validator\commons-validator\1.6\commons-validator-1.6.jar;C:\Users\ShravyaRai\.m2\repository\commons-beanutils\commons-beanutils\1.9.2\commons-beanutils-1.9.2.jar;C:\Users\ShravyaRai\.m2\repository\commons-digester\commons-digester\1.8.1\commons-digester-1.8.1.jar;C:\Users\ShravyaRai\.m2\repository\commons-collections\commons-collections\3.2.2\commons-collections-3.2.2.jar;C:\Users\ShravyaRai\.m2\repository\org\apache\commons\commons-lang3\3.9\commons-lang3-3.9.jar;C:\Users\ShravyaRai\.m2\repository\commons-io\commons-io\2.6\commons-io-2.6.jar;C:\Users\ShravyaRai\.m2\repository\org\springframework\spring-context\5.1.8.RELEASE\spring-context-5.1.8.RELEASE.jar;C:\Users\ShravyaRai\.m2\repository\org\springframework\spring-aop\5.1.8.RELEASE\spring-aop-5.1.8.RELEASE.jar;C:\Users\ShravyaRai\.m2\repository\org\springframework\spring-beans\5.1.8.RELEASE\spring-beans-5.1.8.RELEASE.jar;C:\Users\ShravyaRai\.m2\repository\org\springframework\spring-core\5.1.8.RELEASE\spring-core-5.1.8.RELEASE.jar;C:\Users\ShravyaRai\.m2\repository\org\springframework\spring-jcl\5.1.8.RELEASE\spring-jcl-5.1.8.RELEASE.jar;C:\Users\ShravyaRai\.m2\repository\org\springframework\spring-expression\5.1.8.RELEASE\spring-expression-5.1.8.RELEASE.jar;C:\Users\ShravyaRai\.m2\repository\org\aspectj\aspectjweaver\1.9.4\aspectjweaver-1.9.4.jar;C:\Users\ShravyaRai\.m2\repository\org\slf4j\slf4j-api\1.7.26\slf4j-api-1.7.26.jar;C:\Users\ShravyaRai\.m2\repository\com\aventstack\extentreports\4.0.0\extentreports-4.0.0.jar;C:\Users\ShravyaRai\.m2\repository\org\freemarker\freemarker\2.3.23\freemarker-2.3.23.jar;C:\Users\ShravyaRai\.m2\repository\org\mongodb\mongodb-driver\3.3.0\mongodb-driver-3.3.0.jar;C:\Users\ShravyaRai\.m2\repository\org\mongodb\mongodb-driver-core\3.3.0\mongodb-driver-core-3.3.0.jar;C:\Users\ShravyaRai\.m2\repository\org\mongodb\bson\3.3.0\bson-3.3.0.jar;C:\Users\ShravyaRai\.m2\repository\org\apache\httpcomponents\httpmime\4.5.2\httpmime-4.5.2.jar;"/>
    <property name="java.vm.vendor" value="Oracle Corporation"/>
    <property name="sun.arch.data.model" value="64"/>
    <property name="user.variant" value=""/>
    <property name="java.vendor.url" value="https://java.oracle.com/"/>
    <property name="user.timezone" value="Asia/Calcutta"/>
    <property name="os.name" value="Windows 10"/>
    <property name="java.vm.specification.version" value="15"/>
    <property name="sun.java.launcher" value="SUN_STANDARD"/>
    <property name="user.country" value="IN"/>
    <property name="sun.boot.library.path" value="C:\Users\ShravyaRai\.p2\pool\plugins\org.eclipse.justj.openjdk.hotspot.jre.full.win32.x86_64_15.0.2.v20210201-0955\jre\bin"/>
    <property name="sun.java.command" value="C:\Users\ShravyaRai\AppData\Local\Temp\surefire17057287244361844462\surefirebooter5955669693546482941.jar C:\Users\ShravyaRai\AppData\Local\Temp\surefire17057287244361844462 2021-06-02T16-47-33_143-jvmRun1 surefire10248779615296487262tmp surefire_012193263286103282625tmp"/>
    <property name="jdk.debug" value="release"/>
    <property name="surefire.test.class.path" value="C:\SDET-Shravya\SDET\MobileAppFramework\target\test-classes;C:\SDET-Shravya\SDET\MobileAppFramework\target\classes;C:\Users\ShravyaRai\.m2\repository\org\seleniumhq\selenium\selenium-java\3.141.59\selenium-java-3.141.59.jar;C:\Users\ShravyaRai\.m2\repository\org\seleniumhq\selenium\selenium-api\3.141.59\selenium-api-3.141.59.jar;C:\Users\ShravyaRai\.m2\repository\org\seleniumhq\selenium\selenium-chrome-driver\3.141.59\selenium-chrome-driver-3.141.59.jar;C:\Users\ShravyaRai\.m2\repository\org\seleniumhq\selenium\selenium-edge-driver\3.141.59\selenium-edge-driver-3.141.59.jar;C:\Users\ShravyaRai\.m2\repository\org\seleniumhq\selenium\selenium-firefox-driver\3.141.59\selenium-firefox-driver-3.141.59.jar;C:\Users\ShravyaRai\.m2\repository\org\seleniumhq\selenium\selenium-ie-driver\3.141.59\selenium-ie-driver-3.141.59.jar;C:\Users\ShravyaRai\.m2\repository\org\seleniumhq\selenium\selenium-opera-driver\3.141.59\selenium-opera-driver-3.141.59.jar;C:\Users\ShravyaRai\.m2\repository\org\seleniumhq\selenium\selenium-remote-driver\3.141.59\selenium-remote-driver-3.141.59.jar;C:\Users\ShravyaRai\.m2\repository\org\seleniumhq\selenium\selenium-safari-driver\3.141.59\selenium-safari-driver-3.141.59.jar;C:\Users\ShravyaRai\.m2\repository\org\seleniumhq\selenium\selenium-support\3.141.59\selenium-support-3.141.59.jar;C:\Users\ShravyaRai\.m2\repository\net\bytebuddy\byte-buddy\1.8.15\byte-buddy-1.8.15.jar;C:\Users\ShravyaRai\.m2\repository\org\apache\commons\commons-exec\1.3\commons-exec-1.3.jar;C:\Users\ShravyaRai\.m2\repository\com\google\guava\guava\25.0-jre\guava-25.0-jre.jar;C:\Users\ShravyaRai\.m2\repository\com\google\code\findbugs\jsr305\1.3.9\jsr305-1.3.9.jar;C:\Users\ShravyaRai\.m2\repository\org\checkerframework\checker-compat-qual\2.0.0\checker-compat-qual-2.0.0.jar;C:\Users\ShravyaRai\.m2\repository\com\google\errorprone\error_prone_annotations\2.1.3\error_prone_annotations-2.1.3.jar;C:\Users\ShravyaRai\.m2\repository\com\google\j2objc\j2objc-annotations\1.1\j2objc-annotations-1.1.jar;C:\Users\ShravyaRai\.m2\repository\org\codehaus\mojo\animal-sniffer-annotations\1.14\animal-sniffer-annotations-1.14.jar;C:\Users\ShravyaRai\.m2\repository\com\squareup\okhttp3\okhttp\3.11.0\okhttp-3.11.0.jar;C:\Users\ShravyaRai\.m2\repository\com\squareup\okio\okio\1.14.0\okio-1.14.0.jar;C:\Users\ShravyaRai\.m2\repository\org\testng\testng\7.3.0\testng-7.3.0.jar;C:\Users\ShravyaRai\.m2\repository\com\beust\jcommander\1.78\jcommander-1.78.jar;C:\Users\ShravyaRai\.m2\repository\org\apache\ant\ant\1.10.3\ant-1.10.3.jar;C:\Users\ShravyaRai\.m2\repository\org\apache\ant\ant-launcher\1.10.3\ant-launcher-1.10.3.jar;C:\Users\ShravyaRai\.m2\repository\junit\junit\4.12\junit-4.12.jar;C:\Users\ShravyaRai\.m2\repository\org\hamcrest\hamcrest-core\1.3\hamcrest-core-1.3.jar;C:\Users\ShravyaRai\.m2\repository\com\google\inject\guice\4.2.2\guice-4.2.2-no_aop.jar;C:\Users\ShravyaRai\.m2\repository\javax\inject\javax.inject\1\javax.inject-1.jar;C:\Users\ShravyaRai\.m2\repository\aopalliance\aopalliance\1.0\aopalliance-1.0.jar;C:\Users\ShravyaRai\.m2\repository\org\yaml\snakeyaml\1.21\snakeyaml-1.21.jar;C:\Users\ShravyaRai\.m2\repository\io\appium\java-client\7.3.0\java-client-7.3.0.jar;C:\Users\ShravyaRai\.m2\repository\com\google\code\gson\gson\2.8.5\gson-2.8.5.jar;C:\Users\ShravyaRai\.m2\repository\org\apache\httpcomponents\httpclient\4.5.9\httpclient-4.5.9.jar;C:\Users\ShravyaRai\.m2\repository\org\apache\httpcomponents\httpcore\4.4.11\httpcore-4.4.11.jar;C:\Users\ShravyaRai\.m2\repository\commons-logging\commons-logging\1.2\commons-logging-1.2.jar;C:\Users\ShravyaRai\.m2\repository\commons-codec\commons-codec\1.11\commons-codec-1.11.jar;C:\Users\ShravyaRai\.m2\repository\cglib\cglib\3.2.12\cglib-3.2.12.jar;C:\Users\ShravyaRai\.m2\repository\org\ow2\asm\asm\7.1\asm-7.1.jar;C:\Users\ShravyaRai\.m2\repository\commons-validator\commons-validator\1.6\commons-validator-1.6.jar;C:\Users\ShravyaRai\.m2\repository\commons-beanutils\commons-beanutils\1.9.2\commons-beanutils-1.9.2.jar;C:\Users\ShravyaRai\.m2\repository\commons-digester\commons-digester\1.8.1\commons-digester-1.8.1.jar;C:\Users\ShravyaRai\.m2\repository\commons-collections\commons-collections\3.2.2\commons-collections-3.2.2.jar;C:\Users\ShravyaRai\.m2\repository\org\apache\commons\commons-lang3\3.9\commons-lang3-3.9.jar;C:\Users\ShravyaRai\.m2\repository\commons-io\commons-io\2.6\commons-io-2.6.jar;C:\Users\ShravyaRai\.m2\repository\org\springframework\spring-context\5.1.8.RELEASE\spring-context-5.1.8.RELEASE.jar;C:\Users\ShravyaRai\.m2\repository\org\springframework\spring-aop\5.1.8.RELEASE\spring-aop-5.1.8.RELEASE.jar;C:\Users\ShravyaRai\.m2\repository\org\springframework\spring-beans\5.1.8.RELEASE\spring-beans-5.1.8.RELEASE.jar;C:\Users\ShravyaRai\.m2\repository\org\springframework\spring-core\5.1.8.RELEASE\spring-core-5.1.8.RELEASE.jar;C:\Users\ShravyaRai\.m2\repository\org\springframework\spring-jcl\5.1.8.RELEASE\spring-jcl-5.1.8.RELEASE.jar;C:\Users\ShravyaRai\.m2\repository\org\springframework\spring-expression\5.1.8.RELEASE\spring-expression-5.1.8.RELEASE.jar;C:\Users\ShravyaRai\.m2\repository\org\aspectj\aspectjweaver\1.9.4\aspectjweaver-1.9.4.jar;C:\Users\ShravyaRai\.m2\repository\org\slf4j\slf4j-api\1.7.26\slf4j-api-1.7.26.jar;C:\Users\ShravyaRai\.m2\repository\com\aventstack\extentreports\4.0.0\extentreports-4.0.0.jar;C:\Users\ShravyaRai\.m2\repository\org\freemarker\freemarker\2.3.23\freemarker-2.3.23.jar;C:\Users\ShravyaRai\.m2\repository\org\mongodb\mongodb-driver\3.3.0\mongodb-driver-3.3.0.jar;C:\Users\ShravyaRai\.m2\repository\org\mongodb\mongodb-driver-core\3.3.0\mongodb-driver-core-3.3.0.jar;C:\Users\ShravyaRai\.m2\repository\org\mongodb\bson\3.3.0\bson-3.3.0.jar;C:\Users\ShravyaRai\.m2\repository\org\apache\httpcomponents\httpmime\4.5.2\httpmime-4.5.2.jar;"/>
    <property name="sun.cpu.endian" value="little"/>
    <property name="user.home" value="C:\Users\ShravyaRai"/>
    <property name="user.language" value="en"/>
    <property name="java.specification.vendor" value="Oracle Corporation"/>
    <property name="java.version.date" value="2021-01-19"/>
    <property name="java.home" value="C:\Users\ShravyaRai\.p2\pool\plugins\org.eclipse.justj.openjdk.hotspot.jre.full.win32.x86_64_15.0.2.v20210201-0955\jre"/>
    <property name="file.separator" value="\"/>
    <property name="basedir" value="C:\SDET-Shravya\SDET\MobileAppFramework"/>
    <property name="java.vm.compressedOopsMode" value="Zero based"/>
    <property name="line.separator" value="&#10;"/>
    <property name="java.vm.specification.vendor" value="Oracle Corporation"/>
    <property name="java.specification.name" value="Java Platform API Specification"/>
    <property name="surefire.real.class.path" value="C:\Users\ShravyaRai\AppData\Local\Temp\surefire17057287244361844462\surefirebooter5955669693546482941.jar"/>
    <property name="user.script" value=""/>
    <property name="sun.management.compiler" value="HotSpot 64-Bit Tiered Compilers"/>
    <property name="java.runtime.version" value="15.0.2+7-27"/>
    <property name="user.name" value="000J8R744"/>
    <property name="path.separator" value=";"/>
    <property name="os.version" value="10.0"/>
    <property name="java.runtime.name" value="OpenJDK Runtime Environment"/>
    <property name="file.encoding" value="Cp1252"/>
    <property name="java.vm.name" value="OpenJDK 64-Bit Server VM"/>
    <property name="localRepository" value="C:\Users\ShravyaRai\.m2\repository"/>
    <property name="java.vendor.url.bug" value="https://bugreport.java.com/bugreport/"/>
    <property name="java.io.tmpdir" value="C:\Users\SHRAVY~1\AppData\Local\Temp\"/>
    <property name="java.version" value="15.0.2"/>
    <property name="user.dir" value="C:\SDET-Shravya\SDET\MobileAppFramework"/>
    <property name="os.arch" value="amd64"/>
    <property name="java.vm.specification.name" value="Java Virtual Machine Specification"/>
    <property name="sun.os.patch.level" value=""/>
    <property name="java.library.path" value="C:\Users\ShravyaRai\.p2\pool\plugins\org.eclipse.justj.openjdk.hotspot.jre.full.win32.x86_64_15.0.2.v20210201-0955\jre\bin;C:\WINDOWS\Sun\Java\bin;C:\WINDOWS\system32;C:\WINDOWS;C:/Users/ShravyaRai/.p2/pool/plugins/org.eclipse.justj.openjdk.hotspot.jre.full.win32.x86_64_15.0.2.v20210201-0955/jre/bin/server;C:/Users/ShravyaRai/.p2/pool/plugins/org.eclipse.justj.openjdk.hotspot.jre.full.win32.x86_64_15.0.2.v20210201-0955/jre/bin;C:\Program Files (x86)\RSA SecurID Token Common;C:\WINDOWS\system32;C:\WINDOWS;C:\WINDOWS\System32\Wbem;C:\WINDOWS\System32\WindowsPowerShell\v1.0\;C:\WINDOWS\System32\OpenSSH\;C:\SDET-Shravya\SDET\Java\jdk1.8.0_241\bin;C:\SDET-Shravya\SDET\Java\jdk1.8.0_241\bin;C:\Program Files\Git\cmd;C:\Program Files\nodejs\;C:\Users\ShravyaRai\AppData\Local\Android\Sdk\tools;C:\Users\ShravyaRai\AppData\Local\Android\Sdk\tools\bin;C:\Users\ShravyaRai\AppData\Local\Android\Sdk\platform-tools;C:\Users\ShravyaRai\Downloads\apache-maven-3.8.1\bin;C:\Program Files (x86)\Common Files\Oracle\Java\javapath_target_504033640;C:\Users\ShravyaRai\Downloads\apache-maven-3.8.1\bin;C:\SDET-Shravya\SDET\Java\jdk1.8.0_241\jre\bin;C:\Users\ShravyaRai\Downloads\apache-maven-3.8.1\bin;C:\Users\ShravyaRai\AppData\Local\Programs\Python\Python39\Scripts\;C:\Users\ShravyaRai\AppData\Local\Programs\Python\Python39\;C:\Users\ShravyaRai\AppData\Local\Microsoft\WindowsApps;C:\Users\ShravyaRai\AppData\Roaming\npm;;C:\Users\ShravyaRai\Desktop;;."/>
    <property name="java.vm.info" value="mixed mode"/>
    <property name="java.vendor" value="Oracle Corporation"/>
    <property name="java.vm.version" value="15.0.2+7-27"/>
    <property name="sun.io.unicode.encoding" value="UnicodeLittle"/>
    <property name="java.class.version" value="59.0"/>
  </properties>
  <testcase name="testcase1" classname="MobileAppiumFramework.HybridappTesting" time="354.33">
    <system-out><![CDATA[&amp#27;[35m[Appium]&amp#27;[39m Welcome to Appium v1.17.1
&amp#27;[35m[Appium]&amp#27;[39m Non-default server args:
&amp#27;[35m[Appium]&amp#27;[39m   address: 127.0.0.1
&amp#27;[35m[Appium]&amp#27;[39m Appium REST http interface listener started on 127.0.0.1:4723
&amp#27;[35m[HTTP]&amp#27;[39m &amp#27;[37m-->&amp#27;[39m &amp#27;[37mGET&amp#27;[39m &amp#27;[37m/wd/hub/status&amp#27;[39m
&amp#27;[35m[HTTP]&amp#27;[39m &amp#27;[90m{}&amp#27;[39m
[debug] &amp#27;[35m[GENERIC]&amp#27;[39m Calling AppiumDriver.getStatus() with args: []
[debug] &amp#27;[35m[GENERIC]&amp#27;[39m Responding to client with driver.getStatus() result: {"build":{"version":"1.17.1"}}
&amp#27;[35m[HTTP]&amp#27;[39m &amp#27;[37m<-- GET /wd/hub/status &amp#27;[39m&amp#27;[32m200&amp#27;[39m &amp#27;[90m5 ms - 68&amp#27;[39m
&amp#27;[35m[HTTP]&amp#27;[39m &amp#27;[90m&amp#27;[39m
&amp#27;[35m[HTTP]&amp#27;[39m &amp#27;[37m-->&amp#27;[39m &amp#27;[37mPOST&amp#27;[39m &amp#27;[37m/wd/hub/session&amp#27;[39m
&amp#27;[35m[HTTP]&amp#27;[39m &amp#27;[90m{"desiredCapabilities":{"appActivity":"org.khanacademy.android.ui.library.MainActivity","appPackage":"org.khanacademy.android","chromedriverExecutable":"C:\\Users\\ShravyaRai\\Downloads\\chromedriver_win32\\chromedriver.exe","noReset":false,"automationName":"UIAutomator2","platformName":"Android","deviceName":"Shravya9"},"capabilities":{"firstMatch":[{"appium:appActivity":"org.khanacademy.android.ui.library.MainActivity","appium:appPackage":"org.khanacademy.android","appium:automationName":"UIAutomator2","appium:chromedriverExecutable":"C:\\Users\\ShravyaRai\\Downloads\\chromedriver_win32\\chromedriver.exe","appium:deviceName":"Shravya9","appium:noReset":false,"platformName":"android"}]}}&amp#27;[39m
[debug] &amp#27;[35m[W3C]&amp#27;[39m Calling AppiumDriver.createSession() with args: [{"appActivity":"org.khanacademy.android.ui.library.MainActivity","appPackage":"org.khanacademy.android","chromedriverExecutable":"C:\\Users\\ShravyaRai\\Downloads\\chromedriver_win32\\chromedriver.exe","noReset":false,"automationName":"UIAutomator2","platformName":"Android","deviceName":"Shravya9"},null,{"firstMatch":[{"appium:appActivity":"org.khanacademy.android.ui.library.MainActivity","appium:appPackage":"org.khanacademy.android","appium:automationName":"UIAutomator2","appium:chromedriverExecutable":"C:\\Users\\ShravyaRai\\Downloads\\chromedriver_win32\\chromedriver.exe","appium:deviceName":"Shravya9","appium:noReset":false,"platformName":"android"}]}]
[debug] &amp#27;[35m[BaseDriver]&amp#27;[39m Event 'newSessionRequested' logged at 1622632682366 (16:48:02 GMT+0530 (India Standard Time))
&amp#27;[35m[Appium]&amp#27;[39m Appium v1.17.1 creating new AndroidUiautomator2Driver (v1.44.2) session
[debug] &amp#27;[35m[BaseDriver]&amp#27;[39m W3C capabilities and MJSONWP desired capabilities were provided
[debug] &amp#27;[35m[BaseDriver]&amp#27;[39m Creating session with W3C capabilities: {
[debug] &amp#27;[35m[BaseDriver]&amp#27;[39m   "alwaysMatch": {
[debug] &amp#27;[35m[BaseDriver]&amp#27;[39m     "platformName": "android",
[debug] &amp#27;[35m[BaseDriver]&amp#27;[39m     "appium:appActivity": "org.khanacademy.android.ui.library.MainActivity",
[debug] &amp#27;[35m[BaseDriver]&amp#27;[39m     "appium:appPackage": "org.khanacademy.android",
[debug] &amp#27;[35m[BaseDriver]&amp#27;[39m     "appium:automationName": "UIAutomator2",
[debug] &amp#27;[35m[BaseDriver]&amp#27;[39m     "appium:chromedriverExecutable": "C:\\Users\\ShravyaRai\\Downloads\\chromedriver_win32\\chromedriver.exe",
[debug] &amp#27;[35m[BaseDriver]&amp#27;[39m     "appium:deviceName": "Shravya9",
[debug] &amp#27;[35m[BaseDriver]&amp#27;[39m     "appium:noReset": false
[debug] &amp#27;[35m[BaseDriver]&amp#27;[39m   },
[debug] &amp#27;[35m[BaseDriver]&amp#27;[39m   "firstMatch": [
[debug] &amp#27;[35m[BaseDriver]&amp#27;[39m     {}
[debug] &amp#27;[35m[BaseDriver]&amp#27;[39m   ]
[debug] &amp#27;[35m[BaseDriver]&amp#27;[39m }
&amp#27;[35m[BaseDriver]&amp#27;[39m Session created with session id: 5d4d029e-608c-4025-b328-68d749c43761
&amp#27;[35m[UiAutomator2]&amp#27;[39m Starting 'org.khanacademy.android' directly on the device
&amp#27;[35m[ADB]&amp#27;[39m Found 1 'build-tools' folders under 'C:\Users\ShravyaRai\AppData\Local\Android\Sdk' (newest first):
&amp#27;[35m[ADB]&amp#27;[39m     C:/Users/ShravyaRai/AppData/Local/Android/Sdk/build-tools/30.0.3
&amp#27;[35m[ADB]&amp#27;[39m Using 'adb.exe' from 'C:\Users\ShravyaRai\AppData\Local\Android\Sdk\platform-tools\adb.exe'
&amp#27;[35m[AndroidDriver]&amp#27;[39m Retrieving device list
[debug] &amp#27;[35m[ADB]&amp#27;[39m Trying to find a connected android device
[debug] &amp#27;[35m[ADB]&amp#27;[39m Getting connected devices...
[debug] &amp#27;[35m[ADB]&amp#27;[39m Connected devices: [{"udid":"emulator-5554","state":"device"}]
&amp#27;[35m[AndroidDriver]&amp#27;[39m Using device: emulator-5554
&amp#27;[35m[ADB]&amp#27;[39m Using 'adb.exe' from 'C:\Users\ShravyaRai\AppData\Local\Android\Sdk\platform-tools\adb.exe'
[debug] &amp#27;[35m[ADB]&amp#27;[39m Setting device id to emulator-5554
[debug] &amp#27;[35m[ADB]&amp#27;[39m Running 'C:\Users\ShravyaRai\AppData\Local\Android\Sdk\platform-tools\adb.exe -P 5037 -s emulator-5554 shell getprop ro.build.version.sdk'
[debug] &amp#27;[35m[ADB]&amp#27;[39m Current device property 'ro.build.version.sdk': 26
[debug] &amp#27;[35m[ADB]&amp#27;[39m Device API level: 26
&amp#27;[35m[AndroidDriver]&amp#27;[39m No app sent in, not parsing package/activity
[debug] &amp#27;[35m[ADB]&amp#27;[39m Running 'C:\Users\ShravyaRai\AppData\Local\Android\Sdk\platform-tools\adb.exe -P 5037 -s emulator-5554 wait-for-device'
[debug] &amp#27;[35m[ADB]&amp#27;[39m Running 'C:\Users\ShravyaRai\AppData\Local\Android\Sdk\platform-tools\adb.exe -P 5037 -s emulator-5554 shell echo ping'
[debug] &amp#27;[35m[AndroidDriver]&amp#27;[39m Pushing settings apk to device...
[debug] &amp#27;[35m[ADB]&amp#27;[39m Getting install status for io.appium.settings
[debug] &amp#27;[35m[ADB]&amp#27;[39m Running 'C:\Users\ShravyaRai\AppData\Local\Android\Sdk\platform-tools\adb.exe -P 5037 -s emulator-5554 shell dumpsys package io.appium.settings'
[debug] &amp#27;[35m[ADB]&amp#27;[39m 'io.appium.settings' is installed
[debug] &amp#27;[35m[ADB]&amp#27;[39m Getting package info for 'io.appium.settings'
[debug] &amp#27;[35m[ADB]&amp#27;[39m Running 'C:\Users\ShravyaRai\AppData\Local\Android\Sdk\platform-tools\adb.exe -P 5037 -s emulator-5554 shell dumpsys package io.appium.settings'
[debug] &amp#27;[35m[ADB]&amp#27;[39m The version name of the installed 'io.appium.settings' is greater or equal to the application version name ('3.1.0' >= '3.1.0')
[debug] &amp#27;[35m[ADB]&amp#27;[39m There is no need to install/upgrade 'C:\Users\ShravyaRai\AppData\Roaming\npm\node_modules\appium\node_modules\io.appium.settings\apks\settings_apk-debug.apk'
[debug] &amp#27;[35m[ADB]&amp#27;[39m Getting IDs of all 'io.appium.settings' processes
[debug] &amp#27;[35m[ADB]&amp#27;[39m Running 'C:\Users\ShravyaRai\AppData\Local\Android\Sdk\platform-tools\adb.exe -P 5037 -s emulator-5554 shell 'pgrep --help; echo $?''
[debug] &amp#27;[35m[ADB]&amp#27;[39m Running 'C:\Users\ShravyaRai\AppData\Local\Android\Sdk\platform-tools\adb.exe -P 5037 -s emulator-5554 shell 'pgrep ^appium\\.settings$ || pgrep ^io\\.appium\\.setti$''
[debug] &amp#27;[35m[AndroidDriver]&amp#27;[39m io.appium.settings is already running. There is no need to reset its permissions.
[debug] &amp#27;[35m[ADB]&amp#27;[39m Running 'C:\Users\ShravyaRai\AppData\Local\Android\Sdk\platform-tools\adb.exe -P 5037 -s emulator-5554 shell appops set io.appium.settings android\:mock_location allow'
[debug] &amp#27;[35m[Logcat]&amp#27;[39m Starting logcat capture
[debug] &amp#27;[35m[UiAutomator2]&amp#27;[39m Forwarding UiAutomator2 Server port 6790 to 8200
[debug] &amp#27;[35m[ADB]&amp#27;[39m Forwarding system: 8200 to device: 6790
[debug] &amp#27;[35m[ADB]&amp#27;[39m Running 'C:\Users\ShravyaRai\AppData\Local\Android\Sdk\platform-tools\adb.exe -P 5037 -s emulator-5554 forward tcp\:8200 tcp\:6790'
[debug] &amp#27;[35m[ADB]&amp#27;[39m Getting install status for io.appium.uiautomator2.server
[debug] &amp#27;[35m[ADB]&amp#27;[39m Running 'C:\Users\ShravyaRai\AppData\Local\Android\Sdk\platform-tools\adb.exe -P 5037 -s emulator-5554 shell dumpsys package io.appium.uiautomator2.server'
[debug] &amp#27;[35m[ADB]&amp#27;[39m 'io.appium.uiautomator2.server' is installed
[debug] &amp#27;[35m[ADB]&amp#27;[39m Getting package info for 'io.appium.uiautomator2.server'
[debug] &amp#27;[35m[ADB]&amp#27;[39m Running 'C:\Users\ShravyaRai\AppData\Local\Android\Sdk\platform-tools\adb.exe -P 5037 -s emulator-5554 shell dumpsys package io.appium.uiautomator2.server'
[debug] &amp#27;[35m[ADB]&amp#27;[39m The version name of the installed 'io.appium.uiautomator2.server' is greater or equal to the application version name ('4.5.5' >= '4.5.5')
[debug] &amp#27;[35m[UiAutomator2]&amp#27;[39m io.appium.uiautomator2.server installation state: sameVersionInstalled
[debug] &amp#27;[35m[ADB]&amp#27;[39m Checking app cert for C:\Users\ShravyaRai\AppData\Roaming\npm\node_modules\appium\node_modules\appium-uiautomator2-server\apks\appium-uiautomator2-server-v4.5.5.apk
&amp#27;[35m[ADB]&amp#27;[39m Using 'apksigner.jar' from 'C:\Users\ShravyaRai\AppData\Local\Android\Sdk\build-tools\30.0.3\lib\apksigner.jar'
[debug] &amp#27;[35m[ADB]&amp#27;[39m Starting apksigner: C:\\SDET-Shravya\\SDET\\Java\\jdk1.8.0_241\\bin\\java.exe -Xmx1024M -Xss1m -jar C:\\Users\\ShravyaRai\\AppData\\Local\\Android\\Sdk\\build-tools\\30.0.3\\lib\\apksigner.jar verify --print-certs C:\\Users\\ShravyaRai\\AppData\\Roaming\\npm\\node_modules\\appium\\node_modules\\appium-uiautomator2-server\\apks\\appium-uiautomator2-server-v4.5.5.apk
[debug] &amp#27;[35m[ADB]&amp#27;[39m apksigner stdout: Signer #1 certificate DN: EMAILADDRESS=android@android.com, CN=Android, OU=Android, O=Android, L=Mountain View, ST=California, C=US
[debug] &amp#27;[35m[ADB]&amp#27;[39m Signer #1 certificate SHA-256 digest: a40da80a59d170caa950cf15c18c454d47a39b26989d8b640ecd745ba71bf5dc
[debug] &amp#27;[35m[ADB]&amp#27;[39m Signer #1 certificate SHA-1 digest: 61ed377e85d386a8dfee6b864bd85b0bfaa5af81
[debug] &amp#27;[35m[ADB]&amp#27;[39m Signer #1 certificate MD5 digest: e89b158e4bcf988ebd09eb83f5378e87
[debug] &amp#27;[35m[ADB]&amp#27;[39m 
[debug] &amp#27;[35m[ADB]&amp#27;[39m 'C:\Users\ShravyaRai\AppData\Roaming\npm\node_modules\appium\node_modules\appium-uiautomator2-server\apks\appium-uiautomator2-server-v4.5.5.apk' is signed with the default certificate
[debug] &amp#27;[35m[ADB]&amp#27;[39m Getting install status for io.appium.uiautomator2.server.test
[debug] &amp#27;[35m[ADB]&amp#27;[39m Running 'C:\Users\ShravyaRai\AppData\Local\Android\Sdk\platform-tools\adb.exe -P 5037 -s emulator-5554 shell dumpsys package io.appium.uiautomator2.server.test'
[debug] &amp#27;[35m[ADB]&amp#27;[39m 'io.appium.uiautomator2.server.test' is installed
[debug] &amp#27;[35m[ADB]&amp#27;[39m Checking app cert for C:\Users\ShravyaRai\AppData\Roaming\npm\node_modules\appium\node_modules\appium-uiautomator2-server\apks\appium-uiautomator2-server-debug-androidTest.apk
[debug] &amp#27;[35m[ADB]&amp#27;[39m Starting apksigner: C:\\SDET-Shravya\\SDET\\Java\\jdk1.8.0_241\\bin\\java.exe -Xmx1024M -Xss1m -jar C:\\Users\\ShravyaRai\\AppData\\Local\\Android\\Sdk\\build-tools\\30.0.3\\lib\\apksigner.jar verify --print-certs C:\\Users\\ShravyaRai\\AppData\\Roaming\\npm\\node_modules\\appium\\node_modules\\appium-uiautomator2-server\\apks\\appium-uiautomator2-server-debug-androidTest.apk
[debug] &amp#27;[35m[ADB]&amp#27;[39m apksigner stdout: Signer #1 certificate DN: EMAILADDRESS=android@android.com, CN=Android, OU=Android, O=Android, L=Mountain View, ST=California, C=US
[debug] &amp#27;[35m[ADB]&amp#27;[39m Signer #1 certificate SHA-256 digest: a40da80a59d170caa950cf15c18c454d47a39b26989d8b640ecd745ba71bf5dc
[debug] &amp#27;[35m[ADB]&amp#27;[39m Signer #1 certificate SHA-1 digest: 61ed377e85d386a8dfee6b864bd85b0bfaa5af81
[debug] &amp#27;[35m[ADB]&amp#27;[39m Signer #1 certificate MD5 digest: e89b158e4bcf988ebd09eb83f5378e87
[debug] &amp#27;[35m[ADB]&amp#27;[39m 
[debug] &amp#27;[35m[ADB]&amp#27;[39m 'C:\Users\ShravyaRai\AppData\Roaming\npm\node_modules\appium\node_modules\appium-uiautomator2-server\apks\appium-uiautomator2-server-debug-androidTest.apk' is signed with the default certificate
&amp#27;[35m[UiAutomator2]&amp#27;[39m Server packages are not going to be (re)installed
[debug] &amp#27;[35m[UiAutomator2]&amp#27;[39m Waiting up to 30000ms for services to be available
[debug] &amp#27;[35m[ADB]&amp#27;[39m Running 'C:\Users\ShravyaRai\AppData\Local\Android\Sdk\platform-tools\adb.exe -P 5037 -s emulator-5554 shell pm list instrumentation'
[debug] &amp#27;[35m[UiAutomator2]&amp#27;[39m Instrumentation target 'io.appium.uiautomator2.server.test/androidx.test.runner.AndroidJUnitRunner' is available
[debug] &amp#27;[35m[UiAutomator2]&amp#27;[39m No app capability. Assuming it is already on the device
[debug] &amp#27;[35m[ADB]&amp#27;[39m Getting install status for org.khanacademy.android
[debug] &amp#27;[35m[ADB]&amp#27;[39m Running 'C:\Users\ShravyaRai\AppData\Local\Android\Sdk\platform-tools\adb.exe -P 5037 -s emulator-5554 shell dumpsys package org.khanacademy.android'
[debug] &amp#27;[35m[ADB]&amp#27;[39m 'org.khanacademy.android' is installed
[debug] &amp#27;[35m[ADB]&amp#27;[39m Running 'C:\Users\ShravyaRai\AppData\Local\Android\Sdk\platform-tools\adb.exe -P 5037 -s emulator-5554 shell am force-stop org.khanacademy.android'
[debug] &amp#27;[35m[ADB]&amp#27;[39m Running 'C:\Users\ShravyaRai\AppData\Local\Android\Sdk\platform-tools\adb.exe -P 5037 -s emulator-5554 shell pm clear org.khanacademy.android'
[debug] &amp#27;[35m[AndroidDriver]&amp#27;[39m Performed fast reset on the installed 'org.khanacademy.android' application (stop and clear)
[debug] &amp#27;[35m[UiAutomator2]&amp#27;[39m Performing shallow cleanup of automation leftovers
[debug] &amp#27;[35m[UiAutomator2]&amp#27;[39m The following obsolete sessions are still running: ["9ba034aa-150b-4ddf-aa46-ebf31d1a19e8"]
[debug] &amp#27;[35m[UiAutomator2]&amp#27;[39m Cleaning up the obsolete sessions
[debug] &amp#27;[35m[ADB]&amp#27;[39m Running 'C:\Users\ShravyaRai\AppData\Local\Android\Sdk\platform-tools\adb.exe -P 5037 -s emulator-5554 shell am force-stop io.appium.uiautomator2.server.test'
&amp#27;[35m[UiAutomator2]&amp#27;[39m Starting UIAutomator2 server 4.5.5
&amp#27;[35m[UiAutomator2]&amp#27;[39m Using UIAutomator2 server from 'C:\Users\ShravyaRai\AppData\Roaming\npm\node_modules\appium\node_modules\appium-uiautomator2-server\apks\appium-uiautomator2-server-v4.5.5.apk' and test from 'C:\Users\ShravyaRai\AppData\Roaming\npm\node_modules\appium\node_modules\appium-uiautomator2-server\apks\appium-uiautomator2-server-debug-androidTest.apk'
&amp#27;[35m[UiAutomator2]&amp#27;[39m Waiting up to 30000ms for UiAutomator2 to be online...
[debug] &amp#27;[35m[ADB]&amp#27;[39m Creating ADB subprocess with args: ["-P",5037,"-s","emulator-5554","shell","am","instrument","-w","io.appium.uiautomator2.server.test/androidx.test.runner.AndroidJUnitRunner"]
[debug] &amp#27;[35m[Instrumentation]&amp#27;[39m io.appium.uiautomator2.server.test.AppiumUiAutomator2Server:
[debug] &amp#27;[35m[WD Proxy]&amp#27;[39m Matched '/status' to command name 'getStatus'
[debug] &amp#27;[35m[WD Proxy]&amp#27;[39m Proxying [GET /status] to [GET http://127.0.0.1:8200/wd/hub/status] with no body
&amp#27;[35m[WD Proxy]&amp#27;[39m Got response with unknown status: {"code":"ECONNRESET"}
[debug] &amp#27;[35m[WD Proxy]&amp#27;[39m Matched '/status' to command name 'getStatus'
[debug] &amp#27;[35m[WD Proxy]&amp#27;[39m Proxying [GET /status] to [GET http://127.0.0.1:8200/wd/hub/status] with no body
[debug] &amp#27;[35m[WD Proxy]&amp#27;[39m Got response with status 200: {"sessionId":"None","value":{"ready":true,"message":"UiAutomator2 Server is ready to accept commands"}}
[debug] &amp#27;[35m[UiAutomator2]&amp#27;[39m The initialization of the instrumentation process took 2101ms
[debug] &amp#27;[35m[WD Proxy]&amp#27;[39m Matched '/session' to command name 'createSession'
[debug] &amp#27;[35m[WD Proxy]&amp#27;[39m Proxying [POST /session] to [POST http://127.0.0.1:8200/wd/hub/session] with body: {"capabilities":{"firstMatch":[{"platform":"LINUX","webStorageEnabled":false,"takesScreenshot":true,"javascriptEnabled":true,"databaseEnabled":false,"networkConnectionEnabled":true,"locationContextEnabled":false,"warnings":{},"desired":{"platformName":"android","appActivity":"org.khanacademy.android.ui.library.MainActivity","appPackage":"org.khanacademy.android","automationName":"UIAutomator2","chromedriverExecutable":"C:\\Users\\ShravyaRai\\Downloads\\chromedriver_win32\\chromedriver.exe","deviceName":"Shravya9","noReset":false},"platformName":"android","appActivity":"org.khanacademy.android.ui.library.MainActivity","appPackage":"org.khanacademy.android","automationName":"UIAutomator2","chromedriverExecutable":"C:\\Users\\ShravyaRai\\Downloads\\chromedriver_win32\\chromedriver.exe","deviceName":"emulator-5554","noReset":false,"deviceUDID":"emulator-5554"}],"alwaysMatch":{}}}
[debug] &amp#27;[35m[WD Proxy]&amp#27;[39m Got response with status 200: {"sessionId":"b9791e08-e950-455d-abb7-57cd25fcf4fd","value":{"sessionId":"b9791e08-e950-455d-abb7-57cd25fcf4fd","capabilities":{"firstMatch":[{"platform":"LINUX","webStorageEnabled":false,"takesScreenshot":true,"javascriptEnabled":true,"databaseEnabled":false,"networkConnectionEnabled":true,"locationContextEnabled":false,"warnings":{},"desired":{"platformName":"android","appActivity":"org.khanacademy.android.ui.library.MainActivity","appPackage":"org.khanacademy.android","automationName":"UIAutomator2","chromedriverExecutable":"C:\\Users\\ShravyaRai\\Downloads\\chromedriver_win32\\chromedriver.exe","deviceName":"Shravya9","noReset":false},"platformName":"android","appActivity":"org.khanacademy.android.ui.library.MainActivity","appPackage":"org.khanacademy.android","automationName":"UIAutomator2","chromedriverExecutable":"C:\\Users\\ShravyaRai\\Downloads\\chromedriver_win32\\chromedriver.exe","deviceName":"emulator-5554","noReset":false,"deviceUDID":"emulator-5554"}],"alwaysMatch":{}}}}
&amp#27;[35m[WD Proxy]&amp#27;[39m Determined the downstream protocol as 'W3C'
[debug] &amp#27;[35m[WD Proxy]&amp#27;[39m Proxying [GET /appium/device/info] to [GET http://127.0.0.1:8200/wd/hub/session/b9791e08-e950-455d-abb7-57cd25fcf4fd/appium/device/info] with no body
[debug] &amp#27;[35m[WD Proxy]&amp#27;[39m Got response with status 200: {"sessionId":"b9791e08-e950-455d-abb7-57cd25fcf4fd","value":{"androidId":"cc4faf960e5666e8","manufacturer":"Google","model":"Android SDK built for x86","brand":"google","apiVersion":"26","platformVersion":"8.0.0","carrierName":"Android","realDisplaySize":"1080x2220","displayDensity":440,"networks":[{"type":0,"typeName":"MOBILE","subtype":13,"subtypeName":"LTE","isConnected":true,"detailedState":"CONNECTED","state":"CONNECTED","extraInfo":"epc.tmobile.com","isAvailable":true,"isFailover":false,"isRoaming":false,"capabilities":{"transportTypes":"TRANSPORT_CELLULAR","networkCapabilities":"NET_CAPABILITY_MMS,NET_CAPABILITY_SUPL,NET_CAPABILITY_FOTA,NET_CAPABILITY_IMS,NET_CAPABILITY_CBS,NET_CAPABILITY_IA,NET_CAPABILITY_INTERNET,NET_CAPABILITY_NOT_RESTRICTED,NET_CAPABILITY_TRUSTED,NET_CAPABILITY_NOT_VPN,NET_CAPABILITY_VALIDATED","linkUpstreamBandwidthKbps":51200,"linkDownBandwidthKbps":102400,"signalStrength":-2147483648,"networkSpecifier":"1","SSID":null}},{"type":1,"typeName":"WIFI","subtype":0,"subtypeName":""...
[debug] &amp#27;[35m[ADB]&amp#27;[39m Running 'C:\Users\ShravyaRai\AppData\Local\Android\Sdk\platform-tools\adb.exe -P 5037 -s emulator-5554 shell dumpsys window'
&amp#27;[35m[AndroidDriver]&amp#27;[39m Screen already unlocked, doing nothing
&amp#27;[35m[UiAutomator2]&amp#27;[39m Starting 'org.khanacademy.android/org.khanacademy.android.ui.library.MainActivity and waiting for 'org.khanacademy.android/org.khanacademy.android.ui.library.MainActivity'
[debug] &amp#27;[35m[ADB]&amp#27;[39m Running 'C:\Users\ShravyaRai\AppData\Local\Android\Sdk\platform-tools\adb.exe -P 5037 -s emulator-5554 shell am start -W -n org.khanacademy.android/org.khanacademy.android.ui.library.MainActivity -S -a android.intent.action.MAIN -c android.intent.category.LAUNCHER -f 0x10200000'
[debug] &amp#27;[35m[WD Proxy]&amp#27;[39m Proxying [GET /appium/device/pixel_ratio] to [GET http://127.0.0.1:8200/wd/hub/session/b9791e08-e950-455d-abb7-57cd25fcf4fd/appium/device/pixel_ratio] with body: {}
[debug] &amp#27;[35m[WD Proxy]&amp#27;[39m Got response with status 200: {"sessionId":"b9791e08-e950-455d-abb7-57cd25fcf4fd","value":2.75}
[debug] &amp#27;[35m[WD Proxy]&amp#27;[39m Matched '/appium/device/system_bars' to command name 'getSystemBars'
[debug] &amp#27;[35m[WD Proxy]&amp#27;[39m Proxying [GET /appium/device/system_bars] to [GET http://127.0.0.1:8200/wd/hub/session/b9791e08-e950-455d-abb7-57cd25fcf4fd/appium/device/system_bars] with body: {}
[debug] &amp#27;[35m[WD Proxy]&amp#27;[39m Got response with status 200: {"sessionId":"b9791e08-e950-455d-abb7-57cd25fcf4fd","value":{"statusBar":66}}
[debug] &amp#27;[35m[WD Proxy]&amp#27;[39m Matched '/window/current/size' to command name 'getWindowSize'
[debug] &amp#27;[35m[WD Proxy]&amp#27;[39m Proxying [GET /window/current/size] to [GET http://127.0.0.1:8200/wd/hub/session/b9791e08-e950-455d-abb7-57cd25fcf4fd/window/current/size] with body: {}
[debug] &amp#27;[35m[WD Proxy]&amp#27;[39m Got response with status 200: {"sessionId":"b9791e08-e950-455d-abb7-57cd25fcf4fd","value":{"height":2088,"width":1080}}
&amp#27;[35m[Appium]&amp#27;[39m New AndroidUiautomator2Driver session created successfully, session 5d4d029e-608c-4025-b328-68d749c43761 added to master session list
[debug] &amp#27;[35m[BaseDriver]&amp#27;[39m Event 'newSessionStarted' logged at 1622632690230 (16:48:10 GMT+0530 (India Standard Time))
[debug] &amp#27;[35m[W3C (5d4d029e)]&amp#27;[39m Cached the protocol value 'W3C' for the new session 5d4d029e-608c-4025-b328-68d749c43761
[debug] &amp#27;[35m[W3C (5d4d029e)]&amp#27;[39m Responding to client with driver.createSession() result: {"capabilities":{"platform":"LINUX","webStorageEnabled":false,"takesScreenshot":true,"javascriptEnabled":true,"databaseEnabled":false,"networkConnectionEnabled":true,"locationContextEnabled":false,"warnings":{},"desired":{"platformName":"android","appActivity":"org.khanacademy.android.ui.library.MainActivity","appPackage":"org.khanacademy.android","automationName":"UIAutomator2","chromedriverExecutable":"C:\\Users\\ShravyaRai\\Downloads\\chromedriver_win32\\chromedriver.exe","deviceName":"Shravya9","noReset":false},"platformName":"android","appActivity":"org.khanacademy.android.ui.library.MainActivity","appPackage":"org.khanacademy.android","automationName":"UIAutomator2","chromedriverExecutable":"C:\\Users\\ShravyaRai\\Downloads\\chromedriver_win32\\chromedriver.exe","deviceName":"emulator-5554","noReset":false,"deviceUDID":"emulator-5554","deviceApiLevel":26,"platformVersion":"8.0.0","deviceScreenSize":"1080x2220","deviceScreenDensity":440,"deviceModel":"Android SDK built for x86","deviceManufacturer":"G...
&amp#27;[35m[HTTP]&amp#27;[39m &amp#27;[37m<-- POST /wd/hub/session &amp#27;[39m&amp#27;[32m200&amp#27;[39m &amp#27;[90m7870 ms - 1189&amp#27;[39m
&amp#27;[35m[HTTP]&amp#27;[39m &amp#27;[90m&amp#27;[39m
&amp#27;[35m[HTTP]&amp#27;[39m &amp#27;[37m-->&amp#27;[39m &amp#27;[37mPOST&amp#27;[39m &amp#27;[37m/wd/hub/session/5d4d029e-608c-4025-b328-68d749c43761/timeouts&amp#27;[39m
&amp#27;[35m[HTTP]&amp#27;[39m &amp#27;[90m{"implicit":30000}&amp#27;[39m
[debug] &amp#27;[35m[W3C (5d4d029e)]&amp#27;[39m Calling AppiumDriver.timeouts() with args: [null,null,null,null,30000,"5d4d029e-608c-4025-b328-68d749c43761"]
[debug] &amp#27;[35m[BaseDriver]&amp#27;[39m W3C timeout argument: {"implicit":30000}}
[debug] &amp#27;[35m[BaseDriver]&amp#27;[39m Set implicit wait to 30000ms
[debug] &amp#27;[35m[W3C (5d4d029e)]&amp#27;[39m Responding to client with driver.timeouts() result: null
&amp#27;[35m[HTTP]&amp#27;[39m &amp#27;[37m<-- POST /wd/hub/session/5d4d029e-608c-4025-b328-68d749c43761/timeouts &amp#27;[39m&amp#27;[32m200&amp#27;[39m &amp#27;[90m10 ms - 14&amp#27;[39m
&amp#27;[35m[HTTP]&amp#27;[39m &amp#27;[90m&amp#27;[39m
Hybrid
&amp#27;[35m[HTTP]&amp#27;[39m &amp#27;[37m-->&amp#27;[39m &amp#27;[37mPOST&amp#27;[39m &amp#27;[37m/wd/hub/session/5d4d029e-608c-4025-b328-68d749c43761/element&amp#27;[39m
&amp#27;[35m[HTTP]&amp#27;[39m &amp#27;[90m{"using":"xpath","value":"//*[@text='Sign in']"}&amp#27;[39m
[debug] &amp#27;[35m[W3C (5d4d029e)]&amp#27;[39m Calling AppiumDriver.findElement() with args: ["xpath","//*[@text='Sign in']","5d4d029e-608c-4025-b328-68d749c43761"]
[debug] &amp#27;[35m[BaseDriver]&amp#27;[39m Valid locator strategies for this request: xpath, id, class name, accessibility id, -android uiautomator
[debug] &amp#27;[35m[BaseDriver]&amp#27;[39m Waiting up to 30000 ms for condition
[debug] &amp#27;[35m[WD Proxy]&amp#27;[39m Matched '/element' to command name 'findElement'
[debug] &amp#27;[35m[WD Proxy]&amp#27;[39m Proxying [POST /element] to [POST http://127.0.0.1:8200/wd/hub/session/b9791e08-e950-455d-abb7-57cd25fcf4fd/element] with body: {"strategy":"xpath","selector":"//*[@text='Sign in']","context":"","multiple":false}
[debug] &amp#27;[35m[WD Proxy]&amp#27;[39m Got response with status 200: {"sessionId":"b9791e08-e950-455d-abb7-57cd25fcf4fd","value":{"ELEMENT":"14e71fb7-142c-436d-801c-45cc477cbc0b","element-6066-11e4-a52e-4f735466cecf":"14e71fb7-142c-436d-801c-45cc477cbc0b"}}
[debug] &amp#27;[35m[W3C (5d4d029e)]&amp#27;[39m Responding to client with driver.findElement() result: {"element-6066-11e4-a52e-4f735466cecf":"14e71fb7-142c-436d-801c-45cc477cbc0b","ELEMENT":"14e71fb7-142c-436d-801c-45cc477cbc0b"}
&amp#27;[35m[HTTP]&amp#27;[39m &amp#27;[37m<-- POST /wd/hub/session/5d4d029e-608c-4025-b328-68d749c43761/element &amp#27;[39m&amp#27;[32m200&amp#27;[39m &amp#27;[90m286 ms - 137&amp#27;[39m
&amp#27;[35m[HTTP]&amp#27;[39m &amp#27;[90m&amp#27;[39m
&amp#27;[35m[HTTP]&amp#27;[39m &amp#27;[37m-->&amp#27;[39m &amp#27;[37mPOST&amp#27;[39m &amp#27;[37m/wd/hub/session/5d4d029e-608c-4025-b328-68d749c43761/element/14e71fb7-142c-436d-801c-45cc477cbc0b/click&amp#27;[39m
&amp#27;[35m[HTTP]&amp#27;[39m &amp#27;[90m{"id":"14e71fb7-142c-436d-801c-45cc477cbc0b"}&amp#27;[39m
[debug] &amp#27;[35m[W3C (5d4d029e)]&amp#27;[39m Calling AppiumDriver.click() with args: ["14e71fb7-142c-436d-801c-45cc477cbc0b","5d4d029e-608c-4025-b328-68d749c43761"]
[debug] &amp#27;[35m[WD Proxy]&amp#27;[39m Matched '/element/14e71fb7-142c-436d-801c-45cc477cbc0b/click' to command name 'click'
[debug] &amp#27;[35m[WD Proxy]&amp#27;[39m Proxying [POST /element/14e71fb7-142c-436d-801c-45cc477cbc0b/click] to [POST http://127.0.0.1:8200/wd/hub/session/b9791e08-e950-455d-abb7-57cd25fcf4fd/element/14e71fb7-142c-436d-801c-45cc477cbc0b/click] with body: {"element":"14e71fb7-142c-436d-801c-45cc477cbc0b"}
[debug] &amp#27;[35m[WD Proxy]&amp#27;[39m Got response with status 200: {"sessionId":"b9791e08-e950-455d-abb7-57cd25fcf4fd","value":null}
[debug] &amp#27;[35m[W3C (5d4d029e)]&amp#27;[39m Responding to client with driver.click() result: null
&amp#27;[35m[HTTP]&amp#27;[39m &amp#27;[37m<-- POST /wd/hub/session/5d4d029e-608c-4025-b328-68d749c43761/element/14e71fb7-142c-436d-801c-45cc477cbc0b/click &amp#27;[39m&amp#27;[32m200&amp#27;[39m &amp#27;[90m32 ms - 14&amp#27;[39m
&amp#27;[35m[HTTP]&amp#27;[39m &amp#27;[90m&amp#27;[39m
&amp#27;[35m[HTTP]&amp#27;[39m &amp#27;[37m-->&amp#27;[39m &amp#27;[37mPOST&amp#27;[39m &amp#27;[37m/wd/hub/session/5d4d029e-608c-4025-b328-68d749c43761/element&amp#27;[39m
&amp#27;[35m[HTTP]&amp#27;[39m &amp#27;[90m{"using":"xpath","value":"//*[@content-desc='Sign up with email']"}&amp#27;[39m
[debug] &amp#27;[35m[W3C (5d4d029e)]&amp#27;[39m Calling AppiumDriver.findElement() with args: ["xpath","//*[@content-desc='Sign up with email']","5d4d029e-608c-4025-b328-68d749c43761"]
[debug] &amp#27;[35m[BaseDriver]&amp#27;[39m Valid locator strategies for this request: xpath, id, class name, accessibility id, -android uiautomator
[debug] &amp#27;[35m[BaseDriver]&amp#27;[39m Waiting up to 30000 ms for condition
[debug] &amp#27;[35m[WD Proxy]&amp#27;[39m Matched '/element' to command name 'findElement'
[debug] &amp#27;[35m[WD Proxy]&amp#27;[39m Proxying [POST /element] to [POST http://127.0.0.1:8200/wd/hub/session/b9791e08-e950-455d-abb7-57cd25fcf4fd/element] with body: {"strategy":"xpath","selector":"//*[@content-desc='Sign up with email']","context":"","multiple":false}
&amp#27;[35m[WD Proxy]&amp#27;[39m Got response with status 404: {"sessionId":"b9791e08-e950-455d-abb7-57cd25fcf4fd","value":{"error":"no such element","message":"An element could not be located on the page using the given search parameters","stacktrace":"io.appium.uiautomator2.common.exceptions.ElementNotFoundException: An element could not be located on the page using the given search parameters\n\tat io.appium.uiautomator2.handler.FindElement.findElement(FindElement.java:102)\n\tat io.appium.uiautomator2.handler.FindElement.safeHandle(FindElement.java:72)\n\tat io.appium.uiautomator2.handler.request.SafeRequestHandler.handle(SafeRequestHandler.java:38)\n\tat io.appium.uiautomator2.server.AppiumServlet.handleRequest(AppiumServlet.java:252)\n\tat io.appium.uiautomator2.server.AppiumServlet.handleHttpRequest(AppiumServlet.java:242)\n\tat io.appium.uiautomator2.http.ServerHandler.channelRead(ServerHandler.java:51)\n\tat io.netty.channel.AbstractChannelHandlerContext.invokeChannelRead(AbstractChannelHandlerContext.java:366)\n\tat io.netty.channel.AbstractChannelHandlerCon...
[debug] &amp#27;[35m[W3C]&amp#27;[39m Matched W3C error code 'no such element' to NoSuchElementError
[debug] &amp#27;[35m[BaseDriver]&amp#27;[39m Waited for 124 ms so far
[debug] &amp#27;[35m[WD Proxy]&amp#27;[39m Matched '/element' to command name 'findElement'
[debug] &amp#27;[35m[WD Proxy]&amp#27;[39m Proxying [POST /element] to [POST http://127.0.0.1:8200/wd/hub/session/b9791e08-e950-455d-abb7-57cd25fcf4fd/element] with body: {"strategy":"xpath","selector":"//*[@content-desc='Sign up with email']","context":"","multiple":false}
[debug] &amp#27;[35m[WD Proxy]&amp#27;[39m Got response with status 200: {"sessionId":"b9791e08-e950-455d-abb7-57cd25fcf4fd","value":{"ELEMENT":"17d54f33-026a-4920-95bf-cf5e860de6cf","element-6066-11e4-a52e-4f735466cecf":"17d54f33-026a-4920-95bf-cf5e860de6cf"}}
[debug] &amp#27;[35m[W3C (5d4d029e)]&amp#27;[39m Responding to client with driver.findElement() result: {"element-6066-11e4-a52e-4f735466cecf":"17d54f33-026a-4920-95bf-cf5e860de6cf","ELEMENT":"17d54f33-026a-4920-95bf-cf5e860de6cf"}
&amp#27;[35m[HTTP]&amp#27;[39m &amp#27;[37m<-- POST /wd/hub/session/5d4d029e-608c-4025-b328-68d749c43761/element &amp#27;[39m&amp#27;[32m200&amp#27;[39m &amp#27;[90m803 ms - 137&amp#27;[39m
&amp#27;[35m[HTTP]&amp#27;[39m &amp#27;[90m&amp#27;[39m
&amp#27;[35m[HTTP]&amp#27;[39m &amp#27;[37m-->&amp#27;[39m &amp#27;[37mPOST&amp#27;[39m &amp#27;[37m/wd/hub/session/5d4d029e-608c-4025-b328-68d749c43761/element/17d54f33-026a-4920-95bf-cf5e860de6cf/click&amp#27;[39m
&amp#27;[35m[HTTP]&amp#27;[39m &amp#27;[90m{"id":"17d54f33-026a-4920-95bf-cf5e860de6cf"}&amp#27;[39m
[debug] &amp#27;[35m[W3C (5d4d029e)]&amp#27;[39m Calling AppiumDriver.click() with args: ["17d54f33-026a-4920-95bf-cf5e860de6cf","5d4d029e-608c-4025-b328-68d749c43761"]
[debug] &amp#27;[35m[WD Proxy]&amp#27;[39m Matched '/element/17d54f33-026a-4920-95bf-cf5e860de6cf/click' to command name 'click'
[debug] &amp#27;[35m[WD Proxy]&amp#27;[39m Proxying [POST /element/17d54f33-026a-4920-95bf-cf5e860de6cf/click] to [POST http://127.0.0.1:8200/wd/hub/session/b9791e08-e950-455d-abb7-57cd25fcf4fd/element/17d54f33-026a-4920-95bf-cf5e860de6cf/click] with body: {"element":"17d54f33-026a-4920-95bf-cf5e860de6cf"}
[debug] &amp#27;[35m[WD Proxy]&amp#27;[39m Got response with status 200: {"sessionId":"b9791e08-e950-455d-abb7-57cd25fcf4fd","value":null}
[debug] &amp#27;[35m[W3C (5d4d029e)]&amp#27;[39m Responding to client with driver.click() result: null
&amp#27;[35m[HTTP]&amp#27;[39m &amp#27;[37m<-- POST /wd/hub/session/5d4d029e-608c-4025-b328-68d749c43761/element/17d54f33-026a-4920-95bf-cf5e860de6cf/click &amp#27;[39m&amp#27;[32m200&amp#27;[39m &amp#27;[90m19 ms - 14&amp#27;[39m
&amp#27;[35m[HTTP]&amp#27;[39m &amp#27;[90m&amp#27;[39m
&amp#27;[35m[HTTP]&amp#27;[39m &amp#27;[37m-->&amp#27;[39m &amp#27;[37mPOST&amp#27;[39m &amp#27;[37m/wd/hub/session/5d4d029e-608c-4025-b328-68d749c43761/element&amp#27;[39m
&amp#27;[35m[HTTP]&amp#27;[39m &amp#27;[90m{"using":"accessibility id","value":"First name"}&amp#27;[39m
[debug] &amp#27;[35m[W3C (5d4d029e)]&amp#27;[39m Calling AppiumDriver.findElement() with args: ["accessibility id","First name","5d4d029e-608c-4025-b328-68d749c43761"]
[debug] &amp#27;[35m[BaseDriver]&amp#27;[39m Valid locator strategies for this request: xpath, id, class name, accessibility id, -android uiautomator
[debug] &amp#27;[35m[BaseDriver]&amp#27;[39m Waiting up to 30000 ms for condition
[debug] &amp#27;[35m[WD Proxy]&amp#27;[39m Matched '/element' to command name 'findElement'
[debug] &amp#27;[35m[WD Proxy]&amp#27;[39m Proxying [POST /element] to [POST http://127.0.0.1:8200/wd/hub/session/b9791e08-e950-455d-abb7-57cd25fcf4fd/element] with body: {"strategy":"accessibility id","selector":"First name","context":"","multiple":false}
&amp#27;[35m[WD Proxy]&amp#27;[39m Got response with status 404: {"sessionId":"b9791e08-e950-455d-abb7-57cd25fcf4fd","value":{"error":"no such element","message":"An element could not be located on the page using the given search parameters","stacktrace":"io.appium.uiautomator2.common.exceptions.ElementNotFoundException: An element could not be located on the page using the given search parameters\n\tat io.appium.uiautomator2.handler.FindElement.safeHandle(FindElement.java:78)\n\tat io.appium.uiautomator2.handler.request.SafeRequestHandler.handle(SafeRequestHandler.java:38)\n\tat io.appium.uiautomator2.server.AppiumServlet.handleRequest(AppiumServlet.java:252)\n\tat io.appium.uiautomator2.server.AppiumServlet.handleHttpRequest(AppiumServlet.java:242)\n\tat io.appium.uiautomator2.http.ServerHandler.channelRead(ServerHandler.java:51)\n\tat io.netty.channel.AbstractChannelHandlerContext.invokeChannelRead(AbstractChannelHandlerContext.java:366)\n\tat io.netty.channel.AbstractChannelHandlerContext.invokeChannelRead(AbstractChannelHandlerContext.java:352)\n\tat io.netty.chann...
[debug] &amp#27;[35m[W3C]&amp#27;[39m Matched W3C error code 'no such element' to NoSuchElementError
[debug] &amp#27;[35m[BaseDriver]&amp#27;[39m Waited for 48 ms so far
[debug] &amp#27;[35m[WD Proxy]&amp#27;[39m Matched '/element' to command name 'findElement'
[debug] &amp#27;[35m[WD Proxy]&amp#27;[39m Proxying [POST /element] to [POST http://127.0.0.1:8200/wd/hub/session/b9791e08-e950-455d-abb7-57cd25fcf4fd/element] with body: {"strategy":"accessibility id","selector":"First name","context":"","multiple":false}
[debug] &amp#27;[35m[WD Proxy]&amp#27;[39m Got response with status 200: {"sessionId":"b9791e08-e950-455d-abb7-57cd25fcf4fd","value":{"ELEMENT":"68460435-31f6-4503-8a93-33ecd7d53a21","element-6066-11e4-a52e-4f735466cecf":"68460435-31f6-4503-8a93-33ecd7d53a21"}}
[debug] &amp#27;[35m[W3C (5d4d029e)]&amp#27;[39m Responding to client with driver.findElement() result: {"element-6066-11e4-a52e-4f735466cecf":"68460435-31f6-4503-8a93-33ecd7d53a21","ELEMENT":"68460435-31f6-4503-8a93-33ecd7d53a21"}
&amp#27;[35m[HTTP]&amp#27;[39m &amp#27;[37m<-- POST /wd/hub/session/5d4d029e-608c-4025-b328-68d749c43761/element &amp#27;[39m&amp#27;[32m200&amp#27;[39m &amp#27;[90m665 ms - 137&amp#27;[39m
&amp#27;[35m[HTTP]&amp#27;[39m &amp#27;[90m&amp#27;[39m
&amp#27;[35m[HTTP]&amp#27;[39m &amp#27;[37m-->&amp#27;[39m &amp#27;[37mPOST&amp#27;[39m &amp#27;[37m/wd/hub/session/5d4d029e-608c-4025-b328-68d749c43761/element/68460435-31f6-4503-8a93-33ecd7d53a21/value&amp#27;[39m
&amp#27;[35m[HTTP]&amp#27;[39m &amp#27;[90m{"id":"68460435-31f6-4503-8a93-33ecd7d53a21","text":"shrav1","value":["s","h","r","a","v","1"]}&amp#27;[39m
[debug] &amp#27;[35m[W3C (5d4d029e)]&amp#27;[39m Calling AppiumDriver.setValue() with args: [["s","h","r","a","v","1"],"68460435-31f6-4503-8a93-33ecd7d53a21","5d4d029e-608c-4025-b328-68d749c43761"]
[debug] &amp#27;[35m[WD Proxy]&amp#27;[39m Matched '/element/68460435-31f6-4503-8a93-33ecd7d53a21/value' to command name 'setValue'
[debug] &amp#27;[35m[Protocol Converter]&amp#27;[39m Added 'value' property ["s","h","r","a","v","1"] to 'setValue' request body
[debug] &amp#27;[35m[WD Proxy]&amp#27;[39m Proxying [POST /element/68460435-31f6-4503-8a93-33ecd7d53a21/value] to [POST http://127.0.0.1:8200/wd/hub/session/b9791e08-e950-455d-abb7-57cd25fcf4fd/element/68460435-31f6-4503-8a93-33ecd7d53a21/value] with body: {"elementId":"68460435-31f6-4503-8a93-33ecd7d53a21","text":"shrav1","replace":false,"value":["s","h","r","a","v","1"]}
[debug] &amp#27;[35m[WD Proxy]&amp#27;[39m Got response with status 200: {"sessionId":"b9791e08-e950-455d-abb7-57cd25fcf4fd","value":null}
[debug] &amp#27;[35m[W3C (5d4d029e)]&amp#27;[39m Responding to client with driver.setValue() result: null
&amp#27;[35m[HTTP]&amp#27;[39m &amp#27;[37m<-- POST /wd/hub/session/5d4d029e-608c-4025-b328-68d749c43761/element/68460435-31f6-4503-8a93-33ecd7d53a21/value &amp#27;[39m&amp#27;[32m200&amp#27;[39m &amp#27;[90m534 ms - 14&amp#27;[39m
&amp#27;[35m[HTTP]&amp#27;[39m &amp#27;[90m&amp#27;[39m
&amp#27;[35m[HTTP]&amp#27;[39m &amp#27;[37m-->&amp#27;[39m &amp#27;[37mPOST&amp#27;[39m &amp#27;[37m/wd/hub/session/5d4d029e-608c-4025-b328-68d749c43761/element&amp#27;[39m
&amp#27;[35m[HTTP]&amp#27;[39m &amp#27;[90m{"using":"accessibility id","value":"Last name"}&amp#27;[39m
[debug] &amp#27;[35m[W3C (5d4d029e)]&amp#27;[39m Calling AppiumDriver.findElement() with args: ["accessibility id","Last name","5d4d029e-608c-4025-b328-68d749c43761"]
[debug] &amp#27;[35m[BaseDriver]&amp#27;[39m Valid locator strategies for this request: xpath, id, class name, accessibility id, -android uiautomator
[debug] &amp#27;[35m[BaseDriver]&amp#27;[39m Waiting up to 30000 ms for condition
[debug] &amp#27;[35m[WD Proxy]&amp#27;[39m Matched '/element' to command name 'findElement'
[debug] &amp#27;[35m[WD Proxy]&amp#27;[39m Proxying [POST /element] to [POST http://127.0.0.1:8200/wd/hub/session/b9791e08-e950-455d-abb7-57cd25fcf4fd/element] with body: {"strategy":"accessibility id","selector":"Last name","context":"","multiple":false}
[debug] &amp#27;[35m[WD Proxy]&amp#27;[39m Got response with status 200: {"sessionId":"b9791e08-e950-455d-abb7-57cd25fcf4fd","value":{"ELEMENT":"404bac08-be22-4bfe-9d41-90760d253d0e","element-6066-11e4-a52e-4f735466cecf":"404bac08-be22-4bfe-9d41-90760d253d0e"}}
[debug] &amp#27;[35m[W3C (5d4d029e)]&amp#27;[39m Responding to client with driver.findElement() result: {"element-6066-11e4-a52e-4f735466cecf":"404bac08-be22-4bfe-9d41-90760d253d0e","ELEMENT":"404bac08-be22-4bfe-9d41-90760d253d0e"}
&amp#27;[35m[HTTP]&amp#27;[39m &amp#27;[37m<-- POST /wd/hub/session/5d4d029e-608c-4025-b328-68d749c43761/element &amp#27;[39m&amp#27;[32m200&amp#27;[39m &amp#27;[90m523 ms - 137&amp#27;[39m
&amp#27;[35m[HTTP]&amp#27;[39m &amp#27;[90m&amp#27;[39m
&amp#27;[35m[HTTP]&amp#27;[39m &amp#27;[37m-->&amp#27;[39m &amp#27;[37mPOST&amp#27;[39m &amp#27;[37m/wd/hub/session/5d4d029e-608c-4025-b328-68d749c43761/element/404bac08-be22-4bfe-9d41-90760d253d0e/value&amp#27;[39m
&amp#27;[35m[HTTP]&amp#27;[39m &amp#27;[90m{"id":"404bac08-be22-4bfe-9d41-90760d253d0e","text":"shrav1","value":["s","h","r","a","v","1"]}&amp#27;[39m
[debug] &amp#27;[35m[W3C (5d4d029e)]&amp#27;[39m Calling AppiumDriver.setValue() with args: [["s","h","r","a","v","1"],"404bac08-be22-4bfe-9d41-90760d253d0e","5d4d029e-608c-4025-b328-68d749c43761"]
[debug] &amp#27;[35m[WD Proxy]&amp#27;[39m Matched '/element/404bac08-be22-4bfe-9d41-90760d253d0e/value' to command name 'setValue'
[debug] &amp#27;[35m[Protocol Converter]&amp#27;[39m Added 'value' property ["s","h","r","a","v","1"] to 'setValue' request body
[debug] &amp#27;[35m[WD Proxy]&amp#27;[39m Proxying [POST /element/404bac08-be22-4bfe-9d41-90760d253d0e/value] to [POST http://127.0.0.1:8200/wd/hub/session/b9791e08-e950-455d-abb7-57cd25fcf4fd/element/404bac08-be22-4bfe-9d41-90760d253d0e/value] with body: {"elementId":"404bac08-be22-4bfe-9d41-90760d253d0e","text":"shrav1","replace":false,"value":["s","h","r","a","v","1"]}
[debug] &amp#27;[35m[WD Proxy]&amp#27;[39m Got response with status 200: {"sessionId":"b9791e08-e950-455d-abb7-57cd25fcf4fd","value":null}
[debug] &amp#27;[35m[W3C (5d4d029e)]&amp#27;[39m Responding to client with driver.setValue() result: null
&amp#27;[35m[HTTP]&amp#27;[39m &amp#27;[37m<-- POST /wd/hub/session/5d4d029e-608c-4025-b328-68d749c43761/element/404bac08-be22-4bfe-9d41-90760d253d0e/value &amp#27;[39m&amp#27;[32m200&amp#27;[39m &amp#27;[90m591 ms - 14&amp#27;[39m
&amp#27;[35m[HTTP]&amp#27;[39m &amp#27;[90m&amp#27;[39m
&amp#27;[35m[HTTP]&amp#27;[39m &amp#27;[37m-->&amp#27;[39m &amp#27;[37mPOST&amp#27;[39m &amp#27;[37m/wd/hub/session/5d4d029e-608c-4025-b328-68d749c43761/element&amp#27;[39m
&amp#27;[35m[HTTP]&amp#27;[39m &amp#27;[90m{"using":"xpath","value":"//*[@content-desc='Birthday']"}&amp#27;[39m
[debug] &amp#27;[35m[W3C (5d4d029e)]&amp#27;[39m Calling AppiumDriver.findElement() with args: ["xpath","//*[@content-desc='Birthday']","5d4d029e-608c-4025-b328-68d749c43761"]
[debug] &amp#27;[35m[BaseDriver]&amp#27;[39m Valid locator strategies for this request: xpath, id, class name, accessibility id, -android uiautomator
[debug] &amp#27;[35m[BaseDriver]&amp#27;[39m Waiting up to 30000 ms for condition
[debug] &amp#27;[35m[WD Proxy]&amp#27;[39m Matched '/element' to command name 'findElement'
[debug] &amp#27;[35m[WD Proxy]&amp#27;[39m Proxying [POST /element] to [POST http://127.0.0.1:8200/wd/hub/session/b9791e08-e950-455d-abb7-57cd25fcf4fd/element] with body: {"strategy":"xpath","selector":"//*[@content-desc='Birthday']","context":"","multiple":false}
[debug] &amp#27;[35m[WD Proxy]&amp#27;[39m Got response with status 200: {"sessionId":"b9791e08-e950-455d-abb7-57cd25fcf4fd","value":{"ELEMENT":"d2565118-b770-43c0-87de-e77cb9f77cf7","element-6066-11e4-a52e-4f735466cecf":"d2565118-b770-43c0-87de-e77cb9f77cf7"}}
[debug] &amp#27;[35m[W3C (5d4d029e)]&amp#27;[39m Responding to client with driver.findElement() result: {"element-6066-11e4-a52e-4f735466cecf":"d2565118-b770-43c0-87de-e77cb9f77cf7","ELEMENT":"d2565118-b770-43c0-87de-e77cb9f77cf7"}
&amp#27;[35m[HTTP]&amp#27;[39m &amp#27;[37m<-- POST /wd/hub/session/5d4d029e-608c-4025-b328-68d749c43761/element &amp#27;[39m&amp#27;[32m200&amp#27;[39m &amp#27;[90m105 ms - 137&amp#27;[39m
&amp#27;[35m[HTTP]&amp#27;[39m &amp#27;[90m&amp#27;[39m
&amp#27;[35m[HTTP]&amp#27;[39m &amp#27;[37m-->&amp#27;[39m &amp#27;[37mPOST&amp#27;[39m &amp#27;[37m/wd/hub/session/5d4d029e-608c-4025-b328-68d749c43761/element/d2565118-b770-43c0-87de-e77cb9f77cf7/click&amp#27;[39m
&amp#27;[35m[HTTP]&amp#27;[39m &amp#27;[90m{"id":"d2565118-b770-43c0-87de-e77cb9f77cf7"}&amp#27;[39m
[debug] &amp#27;[35m[W3C (5d4d029e)]&amp#27;[39m Calling AppiumDriver.click() with args: ["d2565118-b770-43c0-87de-e77cb9f77cf7","5d4d029e-608c-4025-b328-68d749c43761"]
[debug] &amp#27;[35m[WD Proxy]&amp#27;[39m Matched '/element/d2565118-b770-43c0-87de-e77cb9f77cf7/click' to command name 'click'
[debug] &amp#27;[35m[WD Proxy]&amp#27;[39m Proxying [POST /element/d2565118-b770-43c0-87de-e77cb9f77cf7/click] to [POST http://127.0.0.1:8200/wd/hub/session/b9791e08-e950-455d-abb7-57cd25fcf4fd/element/d2565118-b770-43c0-87de-e77cb9f77cf7/click] with body: {"element":"d2565118-b770-43c0-87de-e77cb9f77cf7"}
[debug] &amp#27;[35m[WD Proxy]&amp#27;[39m Got response with status 200: {"sessionId":"b9791e08-e950-455d-abb7-57cd25fcf4fd","value":null}
[debug] &amp#27;[35m[W3C (5d4d029e)]&amp#27;[39m Responding to client with driver.click() result: null
&amp#27;[35m[HTTP]&amp#27;[39m &amp#27;[37m<-- POST /wd/hub/session/5d4d029e-608c-4025-b328-68d749c43761/element/d2565118-b770-43c0-87de-e77cb9f77cf7/click &amp#27;[39m&amp#27;[32m200&amp#27;[39m &amp#27;[90m391 ms - 14&amp#27;[39m
&amp#27;[35m[HTTP]&amp#27;[39m &amp#27;[90m&amp#27;[39m
&amp#27;[35m[HTTP]&amp#27;[39m &amp#27;[37m-->&amp#27;[39m &amp#27;[37mPOST&amp#27;[39m &amp#27;[37m/wd/hub/session/5d4d029e-608c-4025-b328-68d749c43761/element&amp#27;[39m
&amp#27;[35m[HTTP]&amp#27;[39m &amp#27;[90m{"using":"id","value":"android:id/button1"}&amp#27;[39m
[debug] &amp#27;[35m[W3C (5d4d029e)]&amp#27;[39m Calling AppiumDriver.findElement() with args: ["id","android:id/button1","5d4d029e-608c-4025-b328-68d749c43761"]
[debug] &amp#27;[35m[BaseDriver]&amp#27;[39m Valid locator strategies for this request: xpath, id, class name, accessibility id, -android uiautomator
[debug] &amp#27;[35m[BaseDriver]&amp#27;[39m Waiting up to 30000 ms for condition
[debug] &amp#27;[35m[WD Proxy]&amp#27;[39m Matched '/element' to command name 'findElement'
[debug] &amp#27;[35m[WD Proxy]&amp#27;[39m Proxying [POST /element] to [POST http://127.0.0.1:8200/wd/hub/session/b9791e08-e950-455d-abb7-57cd25fcf4fd/element] with body: {"strategy":"id","selector":"android:id/button1","context":"","multiple":false}
&amp#27;[35m[WD Proxy]&amp#27;[39m Got response with status 404: {"sessionId":"b9791e08-e950-455d-abb7-57cd25fcf4fd","value":{"error":"no such element","message":"An element could not be located on the page using the given search parameters","stacktrace":"io.appium.uiautomator2.common.exceptions.ElementNotFoundException: An element could not be located on the page using the given search parameters\n\tat io.appium.uiautomator2.handler.FindElement.safeHandle(FindElement.java:78)\n\tat io.appium.uiautomator2.handler.request.SafeRequestHandler.handle(SafeRequestHandler.java:38)\n\tat io.appium.uiautomator2.server.AppiumServlet.handleRequest(AppiumServlet.java:252)\n\tat io.appium.uiautomator2.server.AppiumServlet.handleHttpRequest(AppiumServlet.java:242)\n\tat io.appium.uiautomator2.http.ServerHandler.channelRead(ServerHandler.java:51)\n\tat io.netty.channel.AbstractChannelHandlerContext.invokeChannelRead(AbstractChannelHandlerContext.java:366)\n\tat io.netty.channel.AbstractChannelHandlerContext.invokeChannelRead(AbstractChannelHandlerContext.java:352)\n\tat io.netty.chann...
[debug] &amp#27;[35m[W3C]&amp#27;[39m Matched W3C error code 'no such element' to NoSuchElementError
[debug] &amp#27;[35m[BaseDriver]&amp#27;[39m Waited for 132 ms so far
[debug] &amp#27;[35m[WD Proxy]&amp#27;[39m Matched '/element' to command name 'findElement'
[debug] &amp#27;[35m[WD Proxy]&amp#27;[39m Proxying [POST /element] to [POST http://127.0.0.1:8200/wd/hub/session/b9791e08-e950-455d-abb7-57cd25fcf4fd/element] with body: {"strategy":"id","selector":"android:id/button1","context":"","multiple":false}
[debug] &amp#27;[35m[WD Proxy]&amp#27;[39m Got response with status 200: {"sessionId":"b9791e08-e950-455d-abb7-57cd25fcf4fd","value":{"ELEMENT":"87bc5ff4-8127-4e06-9693-3a1a2181b4fc","element-6066-11e4-a52e-4f735466cecf":"87bc5ff4-8127-4e06-9693-3a1a2181b4fc"}}
[debug] &amp#27;[35m[W3C (5d4d029e)]&amp#27;[39m Responding to client with driver.findElement() result: {"element-6066-11e4-a52e-4f735466cecf":"87bc5ff4-8127-4e06-9693-3a1a2181b4fc","ELEMENT":"87bc5ff4-8127-4e06-9693-3a1a2181b4fc"}
&amp#27;[35m[HTTP]&amp#27;[39m &amp#27;[37m<-- POST /wd/hub/session/5d4d029e-608c-4025-b328-68d749c43761/element &amp#27;[39m&amp#27;[32m200&amp#27;[39m &amp#27;[90m714 ms - 137&amp#27;[39m
&amp#27;[35m[HTTP]&amp#27;[39m &amp#27;[90m&amp#27;[39m
&amp#27;[35m[HTTP]&amp#27;[39m &amp#27;[37m-->&amp#27;[39m &amp#27;[37mPOST&amp#27;[39m &amp#27;[37m/wd/hub/session/5d4d029e-608c-4025-b328-68d749c43761/element/87bc5ff4-8127-4e06-9693-3a1a2181b4fc/click&amp#27;[39m
&amp#27;[35m[HTTP]&amp#27;[39m &amp#27;[90m{"id":"87bc5ff4-8127-4e06-9693-3a1a2181b4fc"}&amp#27;[39m
[debug] &amp#27;[35m[W3C (5d4d029e)]&amp#27;[39m Calling AppiumDriver.click() with args: ["87bc5ff4-8127-4e06-9693-3a1a2181b4fc","5d4d029e-608c-4025-b328-68d749c43761"]
[debug] &amp#27;[35m[WD Proxy]&amp#27;[39m Matched '/element/87bc5ff4-8127-4e06-9693-3a1a2181b4fc/click' to command name 'click'
[debug] &amp#27;[35m[WD Proxy]&amp#27;[39m Proxying [POST /element/87bc5ff4-8127-4e06-9693-3a1a2181b4fc/click] to [POST http://127.0.0.1:8200/wd/hub/session/b9791e08-e950-455d-abb7-57cd25fcf4fd/element/87bc5ff4-8127-4e06-9693-3a1a2181b4fc/click] with body: {"element":"87bc5ff4-8127-4e06-9693-3a1a2181b4fc"}
[debug] &amp#27;[35m[WD Proxy]&amp#27;[39m Got response with status 200: {"sessionId":"b9791e08-e950-455d-abb7-57cd25fcf4fd","value":null}
[debug] &amp#27;[35m[W3C (5d4d029e)]&amp#27;[39m Responding to client with driver.click() result: null
&amp#27;[35m[HTTP]&amp#27;[39m &amp#27;[37m<-- POST /wd/hub/session/5d4d029e-608c-4025-b328-68d749c43761/element/87bc5ff4-8127-4e06-9693-3a1a2181b4fc/click &amp#27;[39m&amp#27;[32m200&amp#27;[39m &amp#27;[90m17 ms - 14&amp#27;[39m
&amp#27;[35m[HTTP]&amp#27;[39m &amp#27;[90m&amp#27;[39m
&amp#27;[35m[HTTP]&amp#27;[39m &amp#27;[37m-->&amp#27;[39m &amp#27;[37mPOST&amp#27;[39m &amp#27;[37m/wd/hub/session/5d4d029e-608c-4025-b328-68d749c43761/element&amp#27;[39m
&amp#27;[35m[HTTP]&amp#27;[39m &amp#27;[90m{"using":"accessibility id","value":"Email address"}&amp#27;[39m
[debug] &amp#27;[35m[W3C (5d4d029e)]&amp#27;[39m Calling AppiumDriver.findElement() with args: ["accessibility id","Email address","5d4d029e-608c-4025-b328-68d749c43761"]
[debug] &amp#27;[35m[BaseDriver]&amp#27;[39m Valid locator strategies for this request: xpath, id, class name, accessibility id, -android uiautomator
[debug] &amp#27;[35m[BaseDriver]&amp#27;[39m Waiting up to 30000 ms for condition
[debug] &amp#27;[35m[WD Proxy]&amp#27;[39m Matched '/element' to command name 'findElement'
[debug] &amp#27;[35m[WD Proxy]&amp#27;[39m Proxying [POST /element] to [POST http://127.0.0.1:8200/wd/hub/session/b9791e08-e950-455d-abb7-57cd25fcf4fd/element] with body: {"strategy":"accessibility id","selector":"Email address","context":"","multiple":false}
[debug] &amp#27;[35m[WD Proxy]&amp#27;[39m Got response with status 200: {"sessionId":"b9791e08-e950-455d-abb7-57cd25fcf4fd","value":{"ELEMENT":"79f968e0-e8fe-4986-a0a8-3a234a477e99","element-6066-11e4-a52e-4f735466cecf":"79f968e0-e8fe-4986-a0a8-3a234a477e99"}}
[debug] &amp#27;[35m[W3C (5d4d029e)]&amp#27;[39m Responding to client with driver.findElement() result: {"element-6066-11e4-a52e-4f735466cecf":"79f968e0-e8fe-4986-a0a8-3a234a477e99","ELEMENT":"79f968e0-e8fe-4986-a0a8-3a234a477e99"}
&amp#27;[35m[HTTP]&amp#27;[39m &amp#27;[37m<-- POST /wd/hub/session/5d4d029e-608c-4025-b328-68d749c43761/element &amp#27;[39m&amp#27;[32m200&amp#27;[39m &amp#27;[90m74 ms - 137&amp#27;[39m
&amp#27;[35m[HTTP]&amp#27;[39m &amp#27;[90m&amp#27;[39m
&amp#27;[35m[HTTP]&amp#27;[39m &amp#27;[37m-->&amp#27;[39m &amp#27;[37mPOST&amp#27;[39m &amp#27;[37m/wd/hub/session/5d4d029e-608c-4025-b328-68d749c43761/element/79f968e0-e8fe-4986-a0a8-3a234a477e99/value&amp#27;[39m
&amp#27;[35m[HTTP]&amp#27;[39m &amp#27;[90m{"id":"79f968e0-e8fe-4986-a0a8-3a234a477e99","text":"shrav1CpR@gmail.com","value":["s","h","r","a","v","1","C","p","R","@","g","m","a","i","l",".","c","o","m"]}&amp#27;[39m
[debug] &amp#27;[35m[W3C (5d4d029e)]&amp#27;[39m Calling AppiumDriver.setValue() with args: [["s","h","r","a","v","1","C","p","R","@","g","m","a","i","l",".","c","o","m"],"79f968e0-e8fe-4986-a0a8-3a234a477e99","5d4d029e-608c-4025-b328-68d749c43761"]
[debug] &amp#27;[35m[WD Proxy]&amp#27;[39m Matched '/element/79f968e0-e8fe-4986-a0a8-3a234a477e99/value' to command name 'setValue'
[debug] &amp#27;[35m[Protocol Converter]&amp#27;[39m Added 'value' property ["s","h","r","a","v","1","C","p","R","@","g","m","a","i","l",".","c","o","m"] to 'setValue' request body
[debug] &amp#27;[35m[WD Proxy]&amp#27;[39m Proxying [POST /element/79f968e0-e8fe-4986-a0a8-3a234a477e99/value] to [POST http://127.0.0.1:8200/wd/hub/session/b9791e08-e950-455d-abb7-57cd25fcf4fd/element/79f968e0-e8fe-4986-a0a8-3a234a477e99/value] with body: {"elementId":"79f968e0-e8fe-4986-a0a8-3a234a477e99","text":"shrav1CpR@gmail.com","replace":false,"value":["s","h","r","a","v","1","C","p","R","@","g","m","a","i","l",".","c","o","m"]}
[debug] &amp#27;[35m[WD Proxy]&amp#27;[39m Got response with status 200: {"sessionId":"b9791e08-e950-455d-abb7-57cd25fcf4fd","value":null}
[debug] &amp#27;[35m[W3C (5d4d029e)]&amp#27;[39m Responding to client with driver.setValue() result: null
&amp#27;[35m[HTTP]&amp#27;[39m &amp#27;[37m<-- POST /wd/hub/session/5d4d029e-608c-4025-b328-68d749c43761/element/79f968e0-e8fe-4986-a0a8-3a234a477e99/value &amp#27;[39m&amp#27;[32m200&amp#27;[39m &amp#27;[90m1054 ms - 14&amp#27;[39m
&amp#27;[35m[HTTP]&amp#27;[39m &amp#27;[90m&amp#27;[39m
&amp#27;[35m[HTTP]&amp#27;[39m &amp#27;[37m-->&amp#27;[39m &amp#27;[37mPOST&amp#27;[39m &amp#27;[37m/wd/hub/session/5d4d029e-608c-4025-b328-68d749c43761/element&amp#27;[39m
&amp#27;[35m[HTTP]&amp#27;[39m &amp#27;[90m{"using":"accessibility id","value":"Password"}&amp#27;[39m
[debug] &amp#27;[35m[W3C (5d4d029e)]&amp#27;[39m Calling AppiumDriver.findElement() with args: ["accessibility id","Password","5d4d029e-608c-4025-b328-68d749c43761"]
[debug] &amp#27;[35m[BaseDriver]&amp#27;[39m Valid locator strategies for this request: xpath, id, class name, accessibility id, -android uiautomator
[debug] &amp#27;[35m[BaseDriver]&amp#27;[39m Waiting up to 30000 ms for condition
[debug] &amp#27;[35m[WD Proxy]&amp#27;[39m Matched '/element' to command name 'findElement'
[debug] &amp#27;[35m[WD Proxy]&amp#27;[39m Proxying [POST /element] to [POST http://127.0.0.1:8200/wd/hub/session/b9791e08-e950-455d-abb7-57cd25fcf4fd/element] with body: {"strategy":"accessibility id","selector":"Password","context":"","multiple":false}
[debug] &amp#27;[35m[WD Proxy]&amp#27;[39m Got response with status 200: {"sessionId":"b9791e08-e950-455d-abb7-57cd25fcf4fd","value":{"ELEMENT":"9c37f2f7-59d7-42e3-9fd7-001294ad53ce","element-6066-11e4-a52e-4f735466cecf":"9c37f2f7-59d7-42e3-9fd7-001294ad53ce"}}
[debug] &amp#27;[35m[W3C (5d4d029e)]&amp#27;[39m Responding to client with driver.findElement() result: {"element-6066-11e4-a52e-4f735466cecf":"9c37f2f7-59d7-42e3-9fd7-001294ad53ce","ELEMENT":"9c37f2f7-59d7-42e3-9fd7-001294ad53ce"}
&amp#27;[35m[HTTP]&amp#27;[39m &amp#27;[37m<-- POST /wd/hub/session/5d4d029e-608c-4025-b328-68d749c43761/element &amp#27;[39m&amp#27;[32m200&amp#27;[39m &amp#27;[90m505 ms - 137&amp#27;[39m
&amp#27;[35m[HTTP]&amp#27;[39m &amp#27;[90m&amp#27;[39m
&amp#27;[35m[HTTP]&amp#27;[39m &amp#27;[37m-->&amp#27;[39m &amp#27;[37mPOST&amp#27;[39m &amp#27;[37m/wd/hub/session/5d4d029e-608c-4025-b328-68d749c43761/element/9c37f2f7-59d7-42e3-9fd7-001294ad53ce/value&amp#27;[39m
&amp#27;[35m[HTTP]&amp#27;[39m &amp#27;[90m{"id":"9c37f2f7-59d7-42e3-9fd7-001294ad53ce","text":"shrav@1234","value":["s","h","r","a","v","@","1","2","3","4"]}&amp#27;[39m
[debug] &amp#27;[35m[W3C (5d4d029e)]&amp#27;[39m Calling AppiumDriver.setValue() with args: [["s","h","r","a","v","@","1","2","3","4"],"9c37f2f7-59d7-42e3-9fd7-001294ad53ce","5d4d029e-608c-4025-b328-68d749c43761"]
[debug] &amp#27;[35m[WD Proxy]&amp#27;[39m Matched '/element/9c37f2f7-59d7-42e3-9fd7-001294ad53ce/value' to command name 'setValue'
[debug] &amp#27;[35m[Protocol Converter]&amp#27;[39m Added 'value' property ["s","h","r","a","v","@","1","2","3","4"] to 'setValue' request body
[debug] &amp#27;[35m[WD Proxy]&amp#27;[39m Proxying [POST /element/9c37f2f7-59d7-42e3-9fd7-001294ad53ce/value] to [POST http://127.0.0.1:8200/wd/hub/session/b9791e08-e950-455d-abb7-57cd25fcf4fd/element/9c37f2f7-59d7-42e3-9fd7-001294ad53ce/value] with body: {"elementId":"9c37f2f7-59d7-42e3-9fd7-001294ad53ce","text":"shrav@1234","replace":false,"value":["s","h","r","a","v","@","1","2","3","4"]}
[debug] &amp#27;[35m[WD Proxy]&amp#27;[39m Got response with status 200: {"sessionId":"b9791e08-e950-455d-abb7-57cd25fcf4fd","value":null}
[debug] &amp#27;[35m[W3C (5d4d029e)]&amp#27;[39m Responding to client with driver.setValue() result: null
&amp#27;[35m[HTTP]&amp#27;[39m &amp#27;[37m<-- POST /wd/hub/session/5d4d029e-608c-4025-b328-68d749c43761/element/9c37f2f7-59d7-42e3-9fd7-001294ad53ce/value &amp#27;[39m&amp#27;[32m200&amp#27;[39m &amp#27;[90m527 ms - 14&amp#27;[39m
&amp#27;[35m[HTTP]&amp#27;[39m &amp#27;[90m&amp#27;[39m
&amp#27;[35m[HTTP]&amp#27;[39m &amp#27;[37m-->&amp#27;[39m &amp#27;[37mPOST&amp#27;[39m &amp#27;[37m/wd/hub/session/5d4d029e-608c-4025-b328-68d749c43761/element&amp#27;[39m
&amp#27;[35m[HTTP]&amp#27;[39m &amp#27;[90m{"using":"xpath","value":"//*[@text='CREATE']"}&amp#27;[39m
[debug] &amp#27;[35m[W3C (5d4d029e)]&amp#27;[39m Calling AppiumDriver.findElement() with args: ["xpath","//*[@text='CREATE']","5d4d029e-608c-4025-b328-68d749c43761"]
[debug] &amp#27;[35m[BaseDriver]&amp#27;[39m Valid locator strategies for this request: xpath, id, class name, accessibility id, -android uiautomator
[debug] &amp#27;[35m[BaseDriver]&amp#27;[39m Waiting up to 30000 ms for condition
[debug] &amp#27;[35m[WD Proxy]&amp#27;[39m Matched '/element' to command name 'findElement'
[debug] &amp#27;[35m[WD Proxy]&amp#27;[39m Proxying [POST /element] to [POST http://127.0.0.1:8200/wd/hub/session/b9791e08-e950-455d-abb7-57cd25fcf4fd/element] with body: {"strategy":"xpath","selector":"//*[@text='CREATE']","context":"","multiple":false}
[debug] &amp#27;[35m[WD Proxy]&amp#27;[39m Got response with status 200: {"sessionId":"b9791e08-e950-455d-abb7-57cd25fcf4fd","value":{"ELEMENT":"b350e51f-728a-4435-969d-daa08b34828f","element-6066-11e4-a52e-4f735466cecf":"b350e51f-728a-4435-969d-daa08b34828f"}}
[debug] &amp#27;[35m[W3C (5d4d029e)]&amp#27;[39m Responding to client with driver.findElement() result: {"element-6066-11e4-a52e-4f735466cecf":"b350e51f-728a-4435-969d-daa08b34828f","ELEMENT":"b350e51f-728a-4435-969d-daa08b34828f"}
&amp#27;[35m[HTTP]&amp#27;[39m &amp#27;[37m<-- POST /wd/hub/session/5d4d029e-608c-4025-b328-68d749c43761/element &amp#27;[39m&amp#27;[32m200&amp#27;[39m &amp#27;[90m615 ms - 137&amp#27;[39m
&amp#27;[35m[HTTP]&amp#27;[39m &amp#27;[90m&amp#27;[39m
&amp#27;[35m[HTTP]&amp#27;[39m &amp#27;[37m-->&amp#27;[39m &amp#27;[37mPOST&amp#27;[39m &amp#27;[37m/wd/hub/session/5d4d029e-608c-4025-b328-68d749c43761/element/b350e51f-728a-4435-969d-daa08b34828f/click&amp#27;[39m
&amp#27;[35m[HTTP]&amp#27;[39m &amp#27;[90m{"id":"b350e51f-728a-4435-969d-daa08b34828f"}&amp#27;[39m
[debug] &amp#27;[35m[W3C (5d4d029e)]&amp#27;[39m Calling AppiumDriver.click() with args: ["b350e51f-728a-4435-969d-daa08b34828f","5d4d029e-608c-4025-b328-68d749c43761"]
[debug] &amp#27;[35m[WD Proxy]&amp#27;[39m Matched '/element/b350e51f-728a-4435-969d-daa08b34828f/click' to command name 'click'
[debug] &amp#27;[35m[WD Proxy]&amp#27;[39m Proxying [POST /element/b350e51f-728a-4435-969d-daa08b34828f/click] to [POST http://127.0.0.1:8200/wd/hub/session/b9791e08-e950-455d-abb7-57cd25fcf4fd/element/b350e51f-728a-4435-969d-daa08b34828f/click] with body: {"element":"b350e51f-728a-4435-969d-daa08b34828f"}
[debug] &amp#27;[35m[WD Proxy]&amp#27;[39m Got response with status 200: {"sessionId":"b9791e08-e950-455d-abb7-57cd25fcf4fd","value":null}
[debug] &amp#27;[35m[W3C (5d4d029e)]&amp#27;[39m Responding to client with driver.click() result: null
&amp#27;[35m[HTTP]&amp#27;[39m &amp#27;[37m<-- POST /wd/hub/session/5d4d029e-608c-4025-b328-68d749c43761/element/b350e51f-728a-4435-969d-daa08b34828f/click &amp#27;[39m&amp#27;[32m200&amp#27;[39m &amp#27;[90m19 ms - 14&amp#27;[39m
&amp#27;[35m[HTTP]&amp#27;[39m &amp#27;[90m&amp#27;[39m
User Login Created
&amp#27;[35m[HTTP]&amp#27;[39m &amp#27;[37m-->&amp#27;[39m &amp#27;[37mPOST&amp#27;[39m &amp#27;[37m/wd/hub/session/5d4d029e-608c-4025-b328-68d749c43761/element&amp#27;[39m
&amp#27;[35m[HTTP]&amp#27;[39m &amp#27;[90m{"using":"xpath","value":"//*[@content-desc='Settings']"}&amp#27;[39m
[debug] &amp#27;[35m[W3C (5d4d029e)]&amp#27;[39m Calling AppiumDriver.findElement() with args: ["xpath","//*[@content-desc='Settings']","5d4d029e-608c-4025-b328-68d749c43761"]
[debug] &amp#27;[35m[BaseDriver]&amp#27;[39m Valid locator strategies for this request: xpath, id, class name, accessibility id, -android uiautomator
[debug] &amp#27;[35m[BaseDriver]&amp#27;[39m Waiting up to 30000 ms for condition
[debug] &amp#27;[35m[WD Proxy]&amp#27;[39m Matched '/element' to command name 'findElement'
[debug] &amp#27;[35m[WD Proxy]&amp#27;[39m Proxying [POST /element] to [POST http://127.0.0.1:8200/wd/hub/session/b9791e08-e950-455d-abb7-57cd25fcf4fd/element] with body: {"strategy":"xpath","selector":"//*[@content-desc='Settings']","context":"","multiple":false}
[debug] &amp#27;[35m[WD Proxy]&amp#27;[39m Got response with status 200: {"sessionId":"b9791e08-e950-455d-abb7-57cd25fcf4fd","value":{"ELEMENT":"3f4d6758-dc20-4955-af8d-339093e15bd6","element-6066-11e4-a52e-4f735466cecf":"3f4d6758-dc20-4955-af8d-339093e15bd6"}}
[debug] &amp#27;[35m[W3C (5d4d029e)]&amp#27;[39m Responding to client with driver.findElement() result: {"element-6066-11e4-a52e-4f735466cecf":"3f4d6758-dc20-4955-af8d-339093e15bd6","ELEMENT":"3f4d6758-dc20-4955-af8d-339093e15bd6"}
&amp#27;[35m[HTTP]&amp#27;[39m &amp#27;[37m<-- POST /wd/hub/session/5d4d029e-608c-4025-b328-68d749c43761/element &amp#27;[39m&amp#27;[32m200&amp#27;[39m &amp#27;[90m214 ms - 137&amp#27;[39m
&amp#27;[35m[HTTP]&amp#27;[39m &amp#27;[90m&amp#27;[39m
&amp#27;[35m[HTTP]&amp#27;[39m &amp#27;[37m-->&amp#27;[39m &amp#27;[37mPOST&amp#27;[39m &amp#27;[37m/wd/hub/session/5d4d029e-608c-4025-b328-68d749c43761/element/3f4d6758-dc20-4955-af8d-339093e15bd6/click&amp#27;[39m
&amp#27;[35m[HTTP]&amp#27;[39m &amp#27;[90m{"id":"3f4d6758-dc20-4955-af8d-339093e15bd6"}&amp#27;[39m
[debug] &amp#27;[35m[W3C (5d4d029e)]&amp#27;[39m Calling AppiumDriver.click() with args: ["3f4d6758-dc20-4955-af8d-339093e15bd6","5d4d029e-608c-4025-b328-68d749c43761"]
[debug] &amp#27;[35m[WD Proxy]&amp#27;[39m Matched '/element/3f4d6758-dc20-4955-af8d-339093e15bd6/click' to command name 'click'
[debug] &amp#27;[35m[WD Proxy]&amp#27;[39m Proxying [POST /element/3f4d6758-dc20-4955-af8d-339093e15bd6/click] to [POST http://127.0.0.1:8200/wd/hub/session/b9791e08-e950-455d-abb7-57cd25fcf4fd/element/3f4d6758-dc20-4955-af8d-339093e15bd6/click] with body: {"element":"3f4d6758-dc20-4955-af8d-339093e15bd6"}
[debug] &amp#27;[35m[WD Proxy]&amp#27;[39m Got response with status 200: {"sessionId":"b9791e08-e950-455d-abb7-57cd25fcf4fd","value":null}
[debug] &amp#27;[35m[W3C (5d4d029e)]&amp#27;[39m Responding to client with driver.click() result: null
&amp#27;[35m[HTTP]&amp#27;[39m &amp#27;[37m<-- POST /wd/hub/session/5d4d029e-608c-4025-b328-68d749c43761/element/3f4d6758-dc20-4955-af8d-339093e15bd6/click &amp#27;[39m&amp#27;[32m200&amp#27;[39m &amp#27;[90m23 ms - 14&amp#27;[39m
&amp#27;[35m[HTTP]&amp#27;[39m &amp#27;[90m&amp#27;[39m
&amp#27;[35m[HTTP]&amp#27;[39m &amp#27;[37m-->&amp#27;[39m &amp#27;[37mPOST&amp#27;[39m &amp#27;[37m/wd/hub/session/5d4d029e-608c-4025-b328-68d749c43761/element&amp#27;[39m
&amp#27;[35m[HTTP]&amp#27;[39m &amp#27;[90m{"using":"xpath","value":"//*[@text='Sign out']"}&amp#27;[39m
[debug] &amp#27;[35m[W3C (5d4d029e)]&amp#27;[39m Calling AppiumDriver.findElement() with args: ["xpath","//*[@text='Sign out']","5d4d029e-608c-4025-b328-68d749c43761"]
[debug] &amp#27;[35m[BaseDriver]&amp#27;[39m Valid locator strategies for this request: xpath, id, class name, accessibility id, -android uiautomator
[debug] &amp#27;[35m[BaseDriver]&amp#27;[39m Waiting up to 30000 ms for condition
[debug] &amp#27;[35m[WD Proxy]&amp#27;[39m Matched '/element' to command name 'findElement'
[debug] &amp#27;[35m[WD Proxy]&amp#27;[39m Proxying [POST /element] to [POST http://127.0.0.1:8200/wd/hub/session/b9791e08-e950-455d-abb7-57cd25fcf4fd/element] with body: {"strategy":"xpath","selector":"//*[@text='Sign out']","context":"","multiple":false}
[debug] &amp#27;[35m[WD Proxy]&amp#27;[39m Got response with status 200: {"sessionId":"b9791e08-e950-455d-abb7-57cd25fcf4fd","value":{"ELEMENT":"83fbe2ef-d0c9-40bb-b060-9b6c8f587836","element-6066-11e4-a52e-4f735466cecf":"83fbe2ef-d0c9-40bb-b060-9b6c8f587836"}}
[debug] &amp#27;[35m[W3C (5d4d029e)]&amp#27;[39m Responding to client with driver.findElement() result: {"element-6066-11e4-a52e-4f735466cecf":"83fbe2ef-d0c9-40bb-b060-9b6c8f587836","ELEMENT":"83fbe2ef-d0c9-40bb-b060-9b6c8f587836"}
&amp#27;[35m[HTTP]&amp#27;[39m &amp#27;[37m<-- POST /wd/hub/session/5d4d029e-608c-4025-b328-68d749c43761/element &amp#27;[39m&amp#27;[32m200&amp#27;[39m &amp#27;[90m389 ms - 137&amp#27;[39m
&amp#27;[35m[HTTP]&amp#27;[39m &amp#27;[90m&amp#27;[39m
&amp#27;[35m[HTTP]&amp#27;[39m &amp#27;[37m-->&amp#27;[39m &amp#27;[37mPOST&amp#27;[39m &amp#27;[37m/wd/hub/session/5d4d029e-608c-4025-b328-68d749c43761/element/83fbe2ef-d0c9-40bb-b060-9b6c8f587836/click&amp#27;[39m
&amp#27;[35m[HTTP]&amp#27;[39m &amp#27;[90m{"id":"83fbe2ef-d0c9-40bb-b060-9b6c8f587836"}&amp#27;[39m
[debug] &amp#27;[35m[W3C (5d4d029e)]&amp#27;[39m Calling AppiumDriver.click() with args: ["83fbe2ef-d0c9-40bb-b060-9b6c8f587836","5d4d029e-608c-4025-b328-68d749c43761"]
[debug] &amp#27;[35m[WD Proxy]&amp#27;[39m Matched '/element/83fbe2ef-d0c9-40bb-b060-9b6c8f587836/click' to command name 'click'
[debug] &amp#27;[35m[WD Proxy]&amp#27;[39m Proxying [POST /element/83fbe2ef-d0c9-40bb-b060-9b6c8f587836/click] to [POST http://127.0.0.1:8200/wd/hub/session/b9791e08-e950-455d-abb7-57cd25fcf4fd/element/83fbe2ef-d0c9-40bb-b060-9b6c8f587836/click] with body: {"element":"83fbe2ef-d0c9-40bb-b060-9b6c8f587836"}
[debug] &amp#27;[35m[WD Proxy]&amp#27;[39m Got response with status 200: {"sessionId":"b9791e08-e950-455d-abb7-57cd25fcf4fd","value":null}
[debug] &amp#27;[35m[W3C (5d4d029e)]&amp#27;[39m Responding to client with driver.click() result: null
&amp#27;[35m[HTTP]&amp#27;[39m &amp#27;[37m<-- POST /wd/hub/session/5d4d029e-608c-4025-b328-68d749c43761/element/83fbe2ef-d0c9-40bb-b060-9b6c8f587836/click &amp#27;[39m&amp#27;[32m200&amp#27;[39m &amp#27;[90m36 ms - 14&amp#27;[39m
&amp#27;[35m[HTTP]&amp#27;[39m &amp#27;[90m&amp#27;[39m
&amp#27;[35m[HTTP]&amp#27;[39m &amp#27;[37m-->&amp#27;[39m &amp#27;[37mPOST&amp#27;[39m &amp#27;[37m/wd/hub/session/5d4d029e-608c-4025-b328-68d749c43761/element&amp#27;[39m
&amp#27;[35m[HTTP]&amp#27;[39m &amp#27;[90m{"using":"id","value":"android:id/button1"}&amp#27;[39m
[debug] &amp#27;[35m[W3C (5d4d029e)]&amp#27;[39m Calling AppiumDriver.findElement() with args: ["id","android:id/button1","5d4d029e-608c-4025-b328-68d749c43761"]
[debug] &amp#27;[35m[BaseDriver]&amp#27;[39m Valid locator strategies for this request: xpath, id, class name, accessibility id, -android uiautomator
[debug] &amp#27;[35m[BaseDriver]&amp#27;[39m Waiting up to 30000 ms for condition
[debug] &amp#27;[35m[WD Proxy]&amp#27;[39m Matched '/element' to command name 'findElement'
[debug] &amp#27;[35m[WD Proxy]&amp#27;[39m Proxying [POST /element] to [POST http://127.0.0.1:8200/wd/hub/session/b9791e08-e950-455d-abb7-57cd25fcf4fd/element] with body: {"strategy":"id","selector":"android:id/button1","context":"","multiple":false}
&amp#27;[35m[WD Proxy]&amp#27;[39m Got response with status 404: {"sessionId":"b9791e08-e950-455d-abb7-57cd25fcf4fd","value":{"error":"no such element","message":"An element could not be located on the page using the given search parameters","stacktrace":"io.appium.uiautomator2.common.exceptions.ElementNotFoundException: An element could not be located on the page using the given search parameters\n\tat io.appium.uiautomator2.handler.FindElement.safeHandle(FindElement.java:78)\n\tat io.appium.uiautomator2.handler.request.SafeRequestHandler.handle(SafeRequestHandler.java:38)\n\tat io.appium.uiautomator2.server.AppiumServlet.handleRequest(AppiumServlet.java:252)\n\tat io.appium.uiautomator2.server.AppiumServlet.handleHttpRequest(AppiumServlet.java:242)\n\tat io.appium.uiautomator2.http.ServerHandler.channelRead(ServerHandler.java:51)\n\tat io.netty.channel.AbstractChannelHandlerContext.invokeChannelRead(AbstractChannelHandlerContext.java:366)\n\tat io.netty.channel.AbstractChannelHandlerContext.invokeChannelRead(AbstractChannelHandlerContext.java:352)\n\tat io.netty.chann...
[debug] &amp#27;[35m[W3C]&amp#27;[39m Matched W3C error code 'no such element' to NoSuchElementError
[debug] &amp#27;[35m[BaseDriver]&amp#27;[39m Waited for 301 ms so far
[debug] &amp#27;[35m[WD Proxy]&amp#27;[39m Matched '/element' to command name 'findElement'
[debug] &amp#27;[35m[WD Proxy]&amp#27;[39m Proxying [POST /element] to [POST http://127.0.0.1:8200/wd/hub/session/b9791e08-e950-455d-abb7-57cd25fcf4fd/element] with body: {"strategy":"id","selector":"android:id/button1","context":"","multiple":false}
[debug] &amp#27;[35m[WD Proxy]&amp#27;[39m Got response with status 200: {"sessionId":"b9791e08-e950-455d-abb7-57cd25fcf4fd","value":{"ELEMENT":"0e047826-c5df-491f-8014-c1e8a5d79124","element-6066-11e4-a52e-4f735466cecf":"0e047826-c5df-491f-8014-c1e8a5d79124"}}
[debug] &amp#27;[35m[W3C (5d4d029e)]&amp#27;[39m Responding to client with driver.findElement() result: {"element-6066-11e4-a52e-4f735466cecf":"0e047826-c5df-491f-8014-c1e8a5d79124","ELEMENT":"0e047826-c5df-491f-8014-c1e8a5d79124"}
&amp#27;[35m[HTTP]&amp#27;[39m &amp#27;[37m<-- POST /wd/hub/session/5d4d029e-608c-4025-b328-68d749c43761/element &amp#27;[39m&amp#27;[32m200&amp#27;[39m &amp#27;[90m864 ms - 137&amp#27;[39m
&amp#27;[35m[HTTP]&amp#27;[39m &amp#27;[90m&amp#27;[39m
&amp#27;[35m[HTTP]&amp#27;[39m &amp#27;[37m-->&amp#27;[39m &amp#27;[37mPOST&amp#27;[39m &amp#27;[37m/wd/hub/session/5d4d029e-608c-4025-b328-68d749c43761/element/0e047826-c5df-491f-8014-c1e8a5d79124/click&amp#27;[39m
&amp#27;[35m[HTTP]&amp#27;[39m &amp#27;[90m{"id":"0e047826-c5df-491f-8014-c1e8a5d79124"}&amp#27;[39m
[debug] &amp#27;[35m[W3C (5d4d029e)]&amp#27;[39m Calling AppiumDriver.click() with args: ["0e047826-c5df-491f-8014-c1e8a5d79124","5d4d029e-608c-4025-b328-68d749c43761"]
[debug] &amp#27;[35m[WD Proxy]&amp#27;[39m Matched '/element/0e047826-c5df-491f-8014-c1e8a5d79124/click' to command name 'click'
[debug] &amp#27;[35m[WD Proxy]&amp#27;[39m Proxying [POST /element/0e047826-c5df-491f-8014-c1e8a5d79124/click] to [POST http://127.0.0.1:8200/wd/hub/session/b9791e08-e950-455d-abb7-57cd25fcf4fd/element/0e047826-c5df-491f-8014-c1e8a5d79124/click] with body: {"element":"0e047826-c5df-491f-8014-c1e8a5d79124"}
[debug] &amp#27;[35m[WD Proxy]&amp#27;[39m Got response with status 200: {"sessionId":"b9791e08-e950-455d-abb7-57cd25fcf4fd","value":null}
[debug] &amp#27;[35m[W3C (5d4d029e)]&amp#27;[39m Responding to client with driver.click() result: null
&amp#27;[35m[HTTP]&amp#27;[39m &amp#27;[37m<-- POST /wd/hub/session/5d4d029e-608c-4025-b328-68d749c43761/element/0e047826-c5df-491f-8014-c1e8a5d79124/click &amp#27;[39m&amp#27;[32m200&amp#27;[39m &amp#27;[90m18 ms - 14&amp#27;[39m
&amp#27;[35m[HTTP]&amp#27;[39m &amp#27;[90m&amp#27;[39m
User Signed Out
&amp#27;[35m[HTTP]&amp#27;[39m &amp#27;[37m-->&amp#27;[39m &amp#27;[37mPOST&amp#27;[39m &amp#27;[37m/wd/hub/session/5d4d029e-608c-4025-b328-68d749c43761/element&amp#27;[39m
&amp#27;[35m[HTTP]&amp#27;[39m &amp#27;[90m{"using":"xpath","value":"//*[@content-desc='Back']"}&amp#27;[39m
[debug] &amp#27;[35m[W3C (5d4d029e)]&amp#27;[39m Calling AppiumDriver.findElement() with args: ["xpath","//*[@content-desc='Back']","5d4d029e-608c-4025-b328-68d749c43761"]
[debug] &amp#27;[35m[BaseDriver]&amp#27;[39m Valid locator strategies for this request: xpath, id, class name, accessibility id, -android uiautomator
[debug] &amp#27;[35m[BaseDriver]&amp#27;[39m Waiting up to 30000 ms for condition
[debug] &amp#27;[35m[WD Proxy]&amp#27;[39m Matched '/element' to command name 'findElement'
[debug] &amp#27;[35m[WD Proxy]&amp#27;[39m Proxying [POST /element] to [POST http://127.0.0.1:8200/wd/hub/session/b9791e08-e950-455d-abb7-57cd25fcf4fd/element] with body: {"strategy":"xpath","selector":"//*[@content-desc='Back']","context":"","multiple":false}
[debug] &amp#27;[35m[WD Proxy]&amp#27;[39m Got response with status 200: {"sessionId":"b9791e08-e950-455d-abb7-57cd25fcf4fd","value":{"ELEMENT":"467e3df1-dcbd-4a82-8fd8-2e2bbccbf6fa","element-6066-11e4-a52e-4f735466cecf":"467e3df1-dcbd-4a82-8fd8-2e2bbccbf6fa"}}
[debug] &amp#27;[35m[W3C (5d4d029e)]&amp#27;[39m Responding to client with driver.findElement() result: {"element-6066-11e4-a52e-4f735466cecf":"467e3df1-dcbd-4a82-8fd8-2e2bbccbf6fa","ELEMENT":"467e3df1-dcbd-4a82-8fd8-2e2bbccbf6fa"}
&amp#27;[35m[HTTP]&amp#27;[39m &amp#27;[37m<-- POST /wd/hub/session/5d4d029e-608c-4025-b328-68d749c43761/element &amp#27;[39m&amp#27;[32m200&amp#27;[39m &amp#27;[90m809 ms - 137&amp#27;[39m
&amp#27;[35m[HTTP]&amp#27;[39m &amp#27;[90m&amp#27;[39m
&amp#27;[35m[HTTP]&amp#27;[39m &amp#27;[37m-->&amp#27;[39m &amp#27;[37mPOST&amp#27;[39m &amp#27;[37m/wd/hub/session/5d4d029e-608c-4025-b328-68d749c43761/element/467e3df1-dcbd-4a82-8fd8-2e2bbccbf6fa/click&amp#27;[39m
&amp#27;[35m[HTTP]&amp#27;[39m &amp#27;[90m{"id":"467e3df1-dcbd-4a82-8fd8-2e2bbccbf6fa"}&amp#27;[39m
[debug] &amp#27;[35m[W3C (5d4d029e)]&amp#27;[39m Calling AppiumDriver.click() with args: ["467e3df1-dcbd-4a82-8fd8-2e2bbccbf6fa","5d4d029e-608c-4025-b328-68d749c43761"]
[debug] &amp#27;[35m[WD Proxy]&amp#27;[39m Matched '/element/467e3df1-dcbd-4a82-8fd8-2e2bbccbf6fa/click' to command name 'click'
[debug] &amp#27;[35m[WD Proxy]&amp#27;[39m Proxying [POST /element/467e3df1-dcbd-4a82-8fd8-2e2bbccbf6fa/click] to [POST http://127.0.0.1:8200/wd/hub/session/b9791e08-e950-455d-abb7-57cd25fcf4fd/element/467e3df1-dcbd-4a82-8fd8-2e2bbccbf6fa/click] with body: {"element":"467e3df1-dcbd-4a82-8fd8-2e2bbccbf6fa"}
[debug] &amp#27;[35m[WD Proxy]&amp#27;[39m Got response with status 200: {"sessionId":"b9791e08-e950-455d-abb7-57cd25fcf4fd","value":null}
[debug] &amp#27;[35m[W3C (5d4d029e)]&amp#27;[39m Responding to client with driver.click() result: null
&amp#27;[35m[HTTP]&amp#27;[39m &amp#27;[37m<-- POST /wd/hub/session/5d4d029e-608c-4025-b328-68d749c43761/element/467e3df1-dcbd-4a82-8fd8-2e2bbccbf6fa/click &amp#27;[39m&amp#27;[32m200&amp#27;[39m &amp#27;[90m364 ms - 14&amp#27;[39m
&amp#27;[35m[HTTP]&amp#27;[39m &amp#27;[90m&amp#27;[39m
&amp#27;[35m[HTTP]&amp#27;[39m &amp#27;[37m-->&amp#27;[39m &amp#27;[37mPOST&amp#27;[39m &amp#27;[37m/wd/hub/session/5d4d029e-608c-4025-b328-68d749c43761/element&amp#27;[39m
&amp#27;[35m[HTTP]&amp#27;[39m &amp#27;[90m{"using":"xpath","value":"//*[@text='Sign in']"}&amp#27;[39m
[debug] &amp#27;[35m[W3C (5d4d029e)]&amp#27;[39m Calling AppiumDriver.findElement() with args: ["xpath","//*[@text='Sign in']","5d4d029e-608c-4025-b328-68d749c43761"]
[debug] &amp#27;[35m[BaseDriver]&amp#27;[39m Valid locator strategies for this request: xpath, id, class name, accessibility id, -android uiautomator
[debug] &amp#27;[35m[BaseDriver]&amp#27;[39m Waiting up to 30000 ms for condition
[debug] &amp#27;[35m[WD Proxy]&amp#27;[39m Matched '/element' to command name 'findElement'
[debug] &amp#27;[35m[WD Proxy]&amp#27;[39m Proxying [POST /element] to [POST http://127.0.0.1:8200/wd/hub/session/b9791e08-e950-455d-abb7-57cd25fcf4fd/element] with body: {"strategy":"xpath","selector":"//*[@text='Sign in']","context":"","multiple":false}
[debug] &amp#27;[35m[WD Proxy]&amp#27;[39m Got response with status 200: {"sessionId":"b9791e08-e950-455d-abb7-57cd25fcf4fd","value":{"ELEMENT":"595d11c0-de98-4d09-9daa-9d8a1ca336e5","element-6066-11e4-a52e-4f735466cecf":"595d11c0-de98-4d09-9daa-9d8a1ca336e5"}}
[debug] &amp#27;[35m[W3C (5d4d029e)]&amp#27;[39m Responding to client with driver.findElement() result: {"element-6066-11e4-a52e-4f735466cecf":"595d11c0-de98-4d09-9daa-9d8a1ca336e5","ELEMENT":"595d11c0-de98-4d09-9daa-9d8a1ca336e5"}
&amp#27;[35m[HTTP]&amp#27;[39m &amp#27;[37m<-- POST /wd/hub/session/5d4d029e-608c-4025-b328-68d749c43761/element &amp#27;[39m&amp#27;[32m200&amp#27;[39m &amp#27;[90m501 ms - 137&amp#27;[39m
&amp#27;[35m[HTTP]&amp#27;[39m &amp#27;[90m&amp#27;[39m
&amp#27;[35m[HTTP]&amp#27;[39m &amp#27;[37m-->&amp#27;[39m &amp#27;[37mPOST&amp#27;[39m &amp#27;[37m/wd/hub/session/5d4d029e-608c-4025-b328-68d749c43761/element/595d11c0-de98-4d09-9daa-9d8a1ca336e5/click&amp#27;[39m
&amp#27;[35m[HTTP]&amp#27;[39m &amp#27;[90m{"id":"595d11c0-de98-4d09-9daa-9d8a1ca336e5"}&amp#27;[39m
[debug] &amp#27;[35m[W3C (5d4d029e)]&amp#27;[39m Calling AppiumDriver.click() with args: ["595d11c0-de98-4d09-9daa-9d8a1ca336e5","5d4d029e-608c-4025-b328-68d749c43761"]
[debug] &amp#27;[35m[WD Proxy]&amp#27;[39m Matched '/element/595d11c0-de98-4d09-9daa-9d8a1ca336e5/click' to command name 'click'
[debug] &amp#27;[35m[WD Proxy]&amp#27;[39m Proxying [POST /element/595d11c0-de98-4d09-9daa-9d8a1ca336e5/click] to [POST http://127.0.0.1:8200/wd/hub/session/b9791e08-e950-455d-abb7-57cd25fcf4fd/element/595d11c0-de98-4d09-9daa-9d8a1ca336e5/click] with body: {"element":"595d11c0-de98-4d09-9daa-9d8a1ca336e5"}
[debug] &amp#27;[35m[WD Proxy]&amp#27;[39m Got response with status 200: {"sessionId":"b9791e08-e950-455d-abb7-57cd25fcf4fd","value":null}
[debug] &amp#27;[35m[W3C (5d4d029e)]&amp#27;[39m Responding to client with driver.click() result: null
&amp#27;[35m[HTTP]&amp#27;[39m &amp#27;[37m<-- POST /wd/hub/session/5d4d029e-608c-4025-b328-68d749c43761/element/595d11c0-de98-4d09-9daa-9d8a1ca336e5/click &amp#27;[39m&amp#27;[32m200&amp#27;[39m &amp#27;[90m21 ms - 14&amp#27;[39m
&amp#27;[35m[HTTP]&amp#27;[39m &amp#27;[90m&amp#27;[39m
&amp#27;[35m[HTTP]&amp#27;[39m &amp#27;[37m-->&amp#27;[39m &amp#27;[37mPOST&amp#27;[39m &amp#27;[37m/wd/hub/session/5d4d029e-608c-4025-b328-68d749c43761/element&amp#27;[39m
&amp#27;[35m[HTTP]&amp#27;[39m &amp#27;[90m{"using":"xpath","value":"//*[@text='Sign in']"}&amp#27;[39m
[debug] &amp#27;[35m[W3C (5d4d029e)]&amp#27;[39m Calling AppiumDriver.findElement() with args: ["xpath","//*[@text='Sign in']","5d4d029e-608c-4025-b328-68d749c43761"]
[debug] &amp#27;[35m[BaseDriver]&amp#27;[39m Valid locator strategies for this request: xpath, id, class name, accessibility id, -android uiautomator
[debug] &amp#27;[35m[BaseDriver]&amp#27;[39m Waiting up to 30000 ms for condition
[debug] &amp#27;[35m[WD Proxy]&amp#27;[39m Matched '/element' to command name 'findElement'
[debug] &amp#27;[35m[WD Proxy]&amp#27;[39m Proxying [POST /element] to [POST http://127.0.0.1:8200/wd/hub/session/b9791e08-e950-455d-abb7-57cd25fcf4fd/element] with body: {"strategy":"xpath","selector":"//*[@text='Sign in']","context":"","multiple":false}
[debug] &amp#27;[35m[WD Proxy]&amp#27;[39m Got response with status 200: {"sessionId":"b9791e08-e950-455d-abb7-57cd25fcf4fd","value":{"ELEMENT":"d19a089e-13af-4ef1-b4f9-a61e5cae63c1","element-6066-11e4-a52e-4f735466cecf":"d19a089e-13af-4ef1-b4f9-a61e5cae63c1"}}
[debug] &amp#27;[35m[W3C (5d4d029e)]&amp#27;[39m Responding to client with driver.findElement() result: {"element-6066-11e4-a52e-4f735466cecf":"d19a089e-13af-4ef1-b4f9-a61e5cae63c1","ELEMENT":"d19a089e-13af-4ef1-b4f9-a61e5cae63c1"}
&amp#27;[35m[HTTP]&amp#27;[39m &amp#27;[37m<-- POST /wd/hub/session/5d4d029e-608c-4025-b328-68d749c43761/element &amp#27;[39m&amp#27;[32m200&amp#27;[39m &amp#27;[90m724 ms - 137&amp#27;[39m
&amp#27;[35m[HTTP]&amp#27;[39m &amp#27;[90m&amp#27;[39m
&amp#27;[35m[HTTP]&amp#27;[39m &amp#27;[37m-->&amp#27;[39m &amp#27;[37mPOST&amp#27;[39m &amp#27;[37m/wd/hub/session/5d4d029e-608c-4025-b328-68d749c43761/element/d19a089e-13af-4ef1-b4f9-a61e5cae63c1/click&amp#27;[39m
&amp#27;[35m[HTTP]&amp#27;[39m &amp#27;[90m{"id":"d19a089e-13af-4ef1-b4f9-a61e5cae63c1"}&amp#27;[39m
[debug] &amp#27;[35m[W3C (5d4d029e)]&amp#27;[39m Calling AppiumDriver.click() with args: ["d19a089e-13af-4ef1-b4f9-a61e5cae63c1","5d4d029e-608c-4025-b328-68d749c43761"]
[debug] &amp#27;[35m[WD Proxy]&amp#27;[39m Matched '/element/d19a089e-13af-4ef1-b4f9-a61e5cae63c1/click' to command name 'click'
[debug] &amp#27;[35m[WD Proxy]&amp#27;[39m Proxying [POST /element/d19a089e-13af-4ef1-b4f9-a61e5cae63c1/click] to [POST http://127.0.0.1:8200/wd/hub/session/b9791e08-e950-455d-abb7-57cd25fcf4fd/element/d19a089e-13af-4ef1-b4f9-a61e5cae63c1/click] with body: {"element":"d19a089e-13af-4ef1-b4f9-a61e5cae63c1"}
[debug] &amp#27;[35m[WD Proxy]&amp#27;[39m Got response with status 200: {"sessionId":"b9791e08-e950-455d-abb7-57cd25fcf4fd","value":null}
[debug] &amp#27;[35m[W3C (5d4d029e)]&amp#27;[39m Responding to client with driver.click() result: null
&amp#27;[35m[HTTP]&amp#27;[39m &amp#27;[37m<-- POST /wd/hub/session/5d4d029e-608c-4025-b328-68d749c43761/element/d19a089e-13af-4ef1-b4f9-a61e5cae63c1/click &amp#27;[39m&amp#27;[32m200&amp#27;[39m &amp#27;[90m18 ms - 14&amp#27;[39m
&amp#27;[35m[HTTP]&amp#27;[39m &amp#27;[90m&amp#27;[39m
&amp#27;[35m[HTTP]&amp#27;[39m &amp#27;[37m-->&amp#27;[39m &amp#27;[37mPOST&amp#27;[39m &amp#27;[37m/wd/hub/session/5d4d029e-608c-4025-b328-68d749c43761/element&amp#27;[39m
&amp#27;[35m[HTTP]&amp#27;[39m &amp#27;[90m{"using":"accessibility id","value":"Enter an e-mail address or username"}&amp#27;[39m
[debug] &amp#27;[35m[W3C (5d4d029e)]&amp#27;[39m Calling AppiumDriver.findElement() with args: ["accessibility id","Enter an e-mail address or username","5d4d029e-608c-4025-b328-68d749c43761"]
[debug] &amp#27;[35m[BaseDriver]&amp#27;[39m Valid locator strategies for this request: xpath, id, class name, accessibility id, -android uiautomator
[debug] &amp#27;[35m[BaseDriver]&amp#27;[39m Waiting up to 30000 ms for condition
[debug] &amp#27;[35m[WD Proxy]&amp#27;[39m Matched '/element' to command name 'findElement'
[debug] &amp#27;[35m[WD Proxy]&amp#27;[39m Proxying [POST /element] to [POST http://127.0.0.1:8200/wd/hub/session/b9791e08-e950-455d-abb7-57cd25fcf4fd/element] with body: {"strategy":"accessibility id","selector":"Enter an e-mail address or username","context":"","multiple":false}
&amp#27;[35m[WD Proxy]&amp#27;[39m Got response with status 404: {"sessionId":"b9791e08-e950-455d-abb7-57cd25fcf4fd","value":{"error":"no such element","message":"An element could not be located on the page using the given search parameters","stacktrace":"io.appium.uiautomator2.common.exceptions.ElementNotFoundException: An element could not be located on the page using the given search parameters\n\tat io.appium.uiautomator2.handler.FindElement.safeHandle(FindElement.java:78)\n\tat io.appium.uiautomator2.handler.request.SafeRequestHandler.handle(SafeRequestHandler.java:38)\n\tat io.appium.uiautomator2.server.AppiumServlet.handleRequest(AppiumServlet.java:252)\n\tat io.appium.uiautomator2.server.AppiumServlet.handleHttpRequest(AppiumServlet.java:242)\n\tat io.appium.uiautomator2.http.ServerHandler.channelRead(ServerHandler.java:51)\n\tat io.netty.channel.AbstractChannelHandlerContext.invokeChannelRead(AbstractChannelHandlerContext.java:366)\n\tat io.netty.channel.AbstractChannelHandlerContext.invokeChannelRead(AbstractChannelHandlerContext.java:352)\n\tat io.netty.chann...
[debug] &amp#27;[35m[W3C]&amp#27;[39m Matched W3C error code 'no such element' to NoSuchElementError
[debug] &amp#27;[35m[BaseDriver]&amp#27;[39m Waited for 27 ms so far
[debug] &amp#27;[35m[WD Proxy]&amp#27;[39m Matched '/element' to command name 'findElement'
[debug] &amp#27;[35m[WD Proxy]&amp#27;[39m Proxying [POST /element] to [POST http://127.0.0.1:8200/wd/hub/session/b9791e08-e950-455d-abb7-57cd25fcf4fd/element] with body: {"strategy":"accessibility id","selector":"Enter an e-mail address or username","context":"","multiple":false}
[debug] &amp#27;[35m[WD Proxy]&amp#27;[39m Got response with status 200: {"sessionId":"b9791e08-e950-455d-abb7-57cd25fcf4fd","value":{"ELEMENT":"b168dc55-eec1-45bf-a7da-ecbddbc59700","element-6066-11e4-a52e-4f735466cecf":"b168dc55-eec1-45bf-a7da-ecbddbc59700"}}
[debug] &amp#27;[35m[W3C (5d4d029e)]&amp#27;[39m Responding to client with driver.findElement() result: {"element-6066-11e4-a52e-4f735466cecf":"b168dc55-eec1-45bf-a7da-ecbddbc59700","ELEMENT":"b168dc55-eec1-45bf-a7da-ecbddbc59700"}
&amp#27;[35m[HTTP]&amp#27;[39m &amp#27;[37m<-- POST /wd/hub/session/5d4d029e-608c-4025-b328-68d749c43761/element &amp#27;[39m&amp#27;[32m200&amp#27;[39m &amp#27;[90m649 ms - 137&amp#27;[39m
&amp#27;[35m[HTTP]&amp#27;[39m &amp#27;[90m&amp#27;[39m
&amp#27;[35m[HTTP]&amp#27;[39m &amp#27;[37m-->&amp#27;[39m &amp#27;[37mPOST&amp#27;[39m &amp#27;[37m/wd/hub/session/5d4d029e-608c-4025-b328-68d749c43761/element/b168dc55-eec1-45bf-a7da-ecbddbc59700/value&amp#27;[39m
&amp#27;[35m[HTTP]&amp#27;[39m &amp#27;[90m{"id":"b168dc55-eec1-45bf-a7da-ecbddbc59700","text":"shrav1CpR@gmail.com","value":["s","h","r","a","v","1","C","p","R","@","g","m","a","i","l",".","c","o","m"]}&amp#27;[39m
[debug] &amp#27;[35m[W3C (5d4d029e)]&amp#27;[39m Calling AppiumDriver.setValue() with args: [["s","h","r","a","v","1","C","p","R","@","g","m","a","i","l",".","c","o","m"],"b168dc55-eec1-45bf-a7da-ecbddbc59700","5d4d029e-608c-4025-b328-68d749c43761"]
[debug] &amp#27;[35m[WD Proxy]&amp#27;[39m Matched '/element/b168dc55-eec1-45bf-a7da-ecbddbc59700/value' to command name 'setValue'
[debug] &amp#27;[35m[Protocol Converter]&amp#27;[39m Added 'value' property ["s","h","r","a","v","1","C","p","R","@","g","m","a","i","l",".","c","o","m"] to 'setValue' request body
[debug] &amp#27;[35m[WD Proxy]&amp#27;[39m Proxying [POST /element/b168dc55-eec1-45bf-a7da-ecbddbc59700/value] to [POST http://127.0.0.1:8200/wd/hub/session/b9791e08-e950-455d-abb7-57cd25fcf4fd/element/b168dc55-eec1-45bf-a7da-ecbddbc59700/value] with body: {"elementId":"b168dc55-eec1-45bf-a7da-ecbddbc59700","text":"shrav1CpR@gmail.com","replace":false,"value":["s","h","r","a","v","1","C","p","R","@","g","m","a","i","l",".","c","o","m"]}
[debug] &amp#27;[35m[WD Proxy]&amp#27;[39m Got response with status 200: {"sessionId":"b9791e08-e950-455d-abb7-57cd25fcf4fd","value":null}
[debug] &amp#27;[35m[W3C (5d4d029e)]&amp#27;[39m Responding to client with driver.setValue() result: null
&amp#27;[35m[HTTP]&amp#27;[39m &amp#27;[37m<-- POST /wd/hub/session/5d4d029e-608c-4025-b328-68d749c43761/element/b168dc55-eec1-45bf-a7da-ecbddbc59700/value &amp#27;[39m&amp#27;[32m200&amp#27;[39m &amp#27;[90m519 ms - 14&amp#27;[39m
&amp#27;[35m[HTTP]&amp#27;[39m &amp#27;[90m&amp#27;[39m
&amp#27;[35m[HTTP]&amp#27;[39m &amp#27;[37m-->&amp#27;[39m &amp#27;[37mPOST&amp#27;[39m &amp#27;[37m/wd/hub/session/5d4d029e-608c-4025-b328-68d749c43761/element&amp#27;[39m
&amp#27;[35m[HTTP]&amp#27;[39m &amp#27;[90m{"using":"accessibility id","value":"Password"}&amp#27;[39m
[debug] &amp#27;[35m[W3C (5d4d029e)]&amp#27;[39m Calling AppiumDriver.findElement() with args: ["accessibility id","Password","5d4d029e-608c-4025-b328-68d749c43761"]
[debug] &amp#27;[35m[BaseDriver]&amp#27;[39m Valid locator strategies for this request: xpath, id, class name, accessibility id, -android uiautomator
[debug] &amp#27;[35m[BaseDriver]&amp#27;[39m Waiting up to 30000 ms for condition
[debug] &amp#27;[35m[WD Proxy]&amp#27;[39m Matched '/element' to command name 'findElement'
[debug] &amp#27;[35m[WD Proxy]&amp#27;[39m Proxying [POST /element] to [POST http://127.0.0.1:8200/wd/hub/session/b9791e08-e950-455d-abb7-57cd25fcf4fd/element] with body: {"strategy":"accessibility id","selector":"Password","context":"","multiple":false}
[debug] &amp#27;[35m[WD Proxy]&amp#27;[39m Got response with status 200: {"sessionId":"b9791e08-e950-455d-abb7-57cd25fcf4fd","value":{"ELEMENT":"274daa7a-c594-4816-9191-035447c76ab6","element-6066-11e4-a52e-4f735466cecf":"274daa7a-c594-4816-9191-035447c76ab6"}}
[debug] &amp#27;[35m[W3C (5d4d029e)]&amp#27;[39m Responding to client with driver.findElement() result: {"element-6066-11e4-a52e-4f735466cecf":"274daa7a-c594-4816-9191-035447c76ab6","ELEMENT":"274daa7a-c594-4816-9191-035447c76ab6"}
&amp#27;[35m[HTTP]&amp#27;[39m &amp#27;[37m<-- POST /wd/hub/session/5d4d029e-608c-4025-b328-68d749c43761/element &amp#27;[39m&amp#27;[32m200&amp#27;[39m &amp#27;[90m22 ms - 137&amp#27;[39m
&amp#27;[35m[HTTP]&amp#27;[39m &amp#27;[90m&amp#27;[39m
&amp#27;[35m[HTTP]&amp#27;[39m &amp#27;[37m-->&amp#27;[39m &amp#27;[37mPOST&amp#27;[39m &amp#27;[37m/wd/hub/session/5d4d029e-608c-4025-b328-68d749c43761/element/274daa7a-c594-4816-9191-035447c76ab6/value&amp#27;[39m
&amp#27;[35m[HTTP]&amp#27;[39m &amp#27;[90m{"id":"274daa7a-c594-4816-9191-035447c76ab6","text":"shrav@1234","value":["s","h","r","a","v","@","1","2","3","4"]}&amp#27;[39m
[debug] &amp#27;[35m[W3C (5d4d029e)]&amp#27;[39m Calling AppiumDriver.setValue() with args: [["s","h","r","a","v","@","1","2","3","4"],"274daa7a-c594-4816-9191-035447c76ab6","5d4d029e-608c-4025-b328-68d749c43761"]
[debug] &amp#27;[35m[WD Proxy]&amp#27;[39m Matched '/element/274daa7a-c594-4816-9191-035447c76ab6/value' to command name 'setValue'
[debug] &amp#27;[35m[Protocol Converter]&amp#27;[39m Added 'value' property ["s","h","r","a","v","@","1","2","3","4"] to 'setValue' request body
[debug] &amp#27;[35m[WD Proxy]&amp#27;[39m Proxying [POST /element/274daa7a-c594-4816-9191-035447c76ab6/value] to [POST http://127.0.0.1:8200/wd/hub/session/b9791e08-e950-455d-abb7-57cd25fcf4fd/element/274daa7a-c594-4816-9191-035447c76ab6/value] with body: {"elementId":"274daa7a-c594-4816-9191-035447c76ab6","text":"shrav@1234","replace":false,"value":["s","h","r","a","v","@","1","2","3","4"]}
[debug] &amp#27;[35m[WD Proxy]&amp#27;[39m Got response with status 200: {"sessionId":"b9791e08-e950-455d-abb7-57cd25fcf4fd","value":null}
[debug] &amp#27;[35m[W3C (5d4d029e)]&amp#27;[39m Responding to client with driver.setValue() result: null
&amp#27;[35m[HTTP]&amp#27;[39m &amp#27;[37m<-- POST /wd/hub/session/5d4d029e-608c-4025-b328-68d749c43761/element/274daa7a-c594-4816-9191-035447c76ab6/value &amp#27;[39m&amp#27;[32m200&amp#27;[39m &amp#27;[90m976 ms - 14&amp#27;[39m
&amp#27;[35m[HTTP]&amp#27;[39m &amp#27;[90m&amp#27;[39m
&amp#27;[35m[HTTP]&amp#27;[39m &amp#27;[37m-->&amp#27;[39m &amp#27;[37mPOST&amp#27;[39m &amp#27;[37m/wd/hub/session/5d4d029e-608c-4025-b328-68d749c43761/element&amp#27;[39m
&amp#27;[35m[HTTP]&amp#27;[39m &amp#27;[90m{"using":"xpath","value":"//*[@content-desc='Sign in']"}&amp#27;[39m
[debug] &amp#27;[35m[W3C (5d4d029e)]&amp#27;[39m Calling AppiumDriver.findElement() with args: ["xpath","//*[@content-desc='Sign in']","5d4d029e-608c-4025-b328-68d749c43761"]
[debug] &amp#27;[35m[BaseDriver]&amp#27;[39m Valid locator strategies for this request: xpath, id, class name, accessibility id, -android uiautomator
[debug] &amp#27;[35m[BaseDriver]&amp#27;[39m Waiting up to 30000 ms for condition
[debug] &amp#27;[35m[WD Proxy]&amp#27;[39m Matched '/element' to command name 'findElement'
[debug] &amp#27;[35m[WD Proxy]&amp#27;[39m Proxying [POST /element] to [POST http://127.0.0.1:8200/wd/hub/session/b9791e08-e950-455d-abb7-57cd25fcf4fd/element] with body: {"strategy":"xpath","selector":"//*[@content-desc='Sign in']","context":"","multiple":false}
[debug] &amp#27;[35m[WD Proxy]&amp#27;[39m Got response with status 200: {"sessionId":"b9791e08-e950-455d-abb7-57cd25fcf4fd","value":{"ELEMENT":"1200def5-b7a9-4c57-97e6-da1fbde410a4","element-6066-11e4-a52e-4f735466cecf":"1200def5-b7a9-4c57-97e6-da1fbde410a4"}}
[debug] &amp#27;[35m[W3C (5d4d029e)]&amp#27;[39m Responding to client with driver.findElement() result: {"element-6066-11e4-a52e-4f735466cecf":"1200def5-b7a9-4c57-97e6-da1fbde410a4","ELEMENT":"1200def5-b7a9-4c57-97e6-da1fbde410a4"}
&amp#27;[35m[HTTP]&amp#27;[39m &amp#27;[37m<-- POST /wd/hub/session/5d4d029e-608c-4025-b328-68d749c43761/element &amp#27;[39m&amp#27;[32m200&amp#27;[39m &amp#27;[90m560 ms - 137&amp#27;[39m
&amp#27;[35m[HTTP]&amp#27;[39m &amp#27;[90m&amp#27;[39m
&amp#27;[35m[HTTP]&amp#27;[39m &amp#27;[37m-->&amp#27;[39m &amp#27;[37mPOST&amp#27;[39m &amp#27;[37m/wd/hub/session/5d4d029e-608c-4025-b328-68d749c43761/element/1200def5-b7a9-4c57-97e6-da1fbde410a4/click&amp#27;[39m
&amp#27;[35m[HTTP]&amp#27;[39m &amp#27;[90m{"id":"1200def5-b7a9-4c57-97e6-da1fbde410a4"}&amp#27;[39m
[debug] &amp#27;[35m[W3C (5d4d029e)]&amp#27;[39m Calling AppiumDriver.click() with args: ["1200def5-b7a9-4c57-97e6-da1fbde410a4","5d4d029e-608c-4025-b328-68d749c43761"]
[debug] &amp#27;[35m[WD Proxy]&amp#27;[39m Matched '/element/1200def5-b7a9-4c57-97e6-da1fbde410a4/click' to command name 'click'
[debug] &amp#27;[35m[WD Proxy]&amp#27;[39m Proxying [POST /element/1200def5-b7a9-4c57-97e6-da1fbde410a4/click] to [POST http://127.0.0.1:8200/wd/hub/session/b9791e08-e950-455d-abb7-57cd25fcf4fd/element/1200def5-b7a9-4c57-97e6-da1fbde410a4/click] with body: {"element":"1200def5-b7a9-4c57-97e6-da1fbde410a4"}
[debug] &amp#27;[35m[WD Proxy]&amp#27;[39m Got response with status 200: {"sessionId":"b9791e08-e950-455d-abb7-57cd25fcf4fd","value":null}
[debug] &amp#27;[35m[W3C (5d4d029e)]&amp#27;[39m Responding to client with driver.click() result: null
&amp#27;[35m[HTTP]&amp#27;[39m &amp#27;[37m<-- POST /wd/hub/session/5d4d029e-608c-4025-b328-68d749c43761/element/1200def5-b7a9-4c57-97e6-da1fbde410a4/click &amp#27;[39m&amp#27;[32m200&amp#27;[39m &amp#27;[90m16 ms - 14&amp#27;[39m
&amp#27;[35m[HTTP]&amp#27;[39m &amp#27;[90m&amp#27;[39m
User Signed in
&amp#27;[35m[HTTP]&amp#27;[39m &amp#27;[37m-->&amp#27;[39m &amp#27;[37mPOST&amp#27;[39m &amp#27;[37m/wd/hub/session/5d4d029e-608c-4025-b328-68d749c43761/element&amp#27;[39m
&amp#27;[35m[HTTP]&amp#27;[39m &amp#27;[90m{"using":"xpath","value":"//*[@content-desc='Settings']"}&amp#27;[39m
[debug] &amp#27;[35m[W3C (5d4d029e)]&amp#27;[39m Calling AppiumDriver.findElement() with args: ["xpath","//*[@content-desc='Settings']","5d4d029e-608c-4025-b328-68d749c43761"]
[debug] &amp#27;[35m[BaseDriver]&amp#27;[39m Valid locator strategies for this request: xpath, id, class name, accessibility id, -android uiautomator
[debug] &amp#27;[35m[BaseDriver]&amp#27;[39m Waiting up to 30000 ms for condition
[debug] &amp#27;[35m[WD Proxy]&amp#27;[39m Matched '/element' to command name 'findElement'
[debug] &amp#27;[35m[WD Proxy]&amp#27;[39m Proxying [POST /element] to [POST http://127.0.0.1:8200/wd/hub/session/b9791e08-e950-455d-abb7-57cd25fcf4fd/element] with body: {"strategy":"xpath","selector":"//*[@content-desc='Settings']","context":"","multiple":false}
&amp#27;[35m[WD Proxy]&amp#27;[39m Got response with status 404: {"sessionId":"b9791e08-e950-455d-abb7-57cd25fcf4fd","value":{"error":"no such element","message":"An element could not be located on the page using the given search parameters","stacktrace":"io.appium.uiautomator2.common.exceptions.ElementNotFoundException: An element could not be located on the page using the given search parameters\n\tat io.appium.uiautomator2.handler.FindElement.findElement(FindElement.java:102)\n\tat io.appium.uiautomator2.handler.FindElement.safeHandle(FindElement.java:72)\n\tat io.appium.uiautomator2.handler.request.SafeRequestHandler.handle(SafeRequestHandler.java:38)\n\tat io.appium.uiautomator2.server.AppiumServlet.handleRequest(AppiumServlet.java:252)\n\tat io.appium.uiautomator2.server.AppiumServlet.handleHttpRequest(AppiumServlet.java:242)\n\tat io.appium.uiautomator2.http.ServerHandler.channelRead(ServerHandler.java:51)\n\tat io.netty.channel.AbstractChannelHandlerContext.invokeChannelRead(AbstractChannelHandlerContext.java:366)\n\tat io.netty.channel.AbstractChannelHandlerCon...
[debug] &amp#27;[35m[W3C]&amp#27;[39m Matched W3C error code 'no such element' to NoSuchElementError
[debug] &amp#27;[35m[BaseDriver]&amp#27;[39m Waited for 47 ms so far
[debug] &amp#27;[35m[WD Proxy]&amp#27;[39m Matched '/element' to command name 'findElement'
[debug] &amp#27;[35m[WD Proxy]&amp#27;[39m Proxying [POST /element] to [POST http://127.0.0.1:8200/wd/hub/session/b9791e08-e950-455d-abb7-57cd25fcf4fd/element] with body: {"strategy":"xpath","selector":"//*[@content-desc='Settings']","context":"","multiple":false}
&amp#27;[35m[WD Proxy]&amp#27;[39m Got response with status 404: {"sessionId":"b9791e08-e950-455d-abb7-57cd25fcf4fd","value":{"error":"no such element","message":"An element could not be located on the page using the given search parameters","stacktrace":"io.appium.uiautomator2.common.exceptions.ElementNotFoundException: An element could not be located on the page using the given search parameters\n\tat io.appium.uiautomator2.handler.FindElement.findElement(FindElement.java:102)\n\tat io.appium.uiautomator2.handler.FindElement.safeHandle(FindElement.java:72)\n\tat io.appium.uiautomator2.handler.request.SafeRequestHandler.handle(SafeRequestHandler.java:38)\n\tat io.appium.uiautomator2.server.AppiumServlet.handleRequest(AppiumServlet.java:252)\n\tat io.appium.uiautomator2.server.AppiumServlet.handleHttpRequest(AppiumServlet.java:242)\n\tat io.appium.uiautomator2.http.ServerHandler.channelRead(ServerHandler.java:51)\n\tat io.netty.channel.AbstractChannelHandlerContext.invokeChannelRead(AbstractChannelHandlerContext.java:366)\n\tat io.netty.channel.AbstractChannelHandlerCon...
[debug] &amp#27;[35m[W3C]&amp#27;[39m Matched W3C error code 'no such element' to NoSuchElementError
[debug] &amp#27;[35m[BaseDriver]&amp#27;[39m Waited for 601 ms so far
[debug] &amp#27;[35m[WD Proxy]&amp#27;[39m Matched '/element' to command name 'findElement'
[debug] &amp#27;[35m[WD Proxy]&amp#27;[39m Proxying [POST /element] to [POST http://127.0.0.1:8200/wd/hub/session/b9791e08-e950-455d-abb7-57cd25fcf4fd/element] with body: {"strategy":"xpath","selector":"//*[@content-desc='Settings']","context":"","multiple":false}
&amp#27;[35m[WD Proxy]&amp#27;[39m Got response with status 404: {"sessionId":"b9791e08-e950-455d-abb7-57cd25fcf4fd","value":{"error":"no such element","message":"An element could not be located on the page using the given search parameters","stacktrace":"io.appium.uiautomator2.common.exceptions.ElementNotFoundException: An element could not be located on the page using the given search parameters\n\tat io.appium.uiautomator2.handler.FindElement.findElement(FindElement.java:102)\n\tat io.appium.uiautomator2.handler.FindElement.safeHandle(FindElement.java:72)\n\tat io.appium.uiautomator2.handler.request.SafeRequestHandler.handle(SafeRequestHandler.java:38)\n\tat io.appium.uiautomator2.server.AppiumServlet.handleRequest(AppiumServlet.java:252)\n\tat io.appium.uiautomator2.server.AppiumServlet.handleHttpRequest(AppiumServlet.java:242)\n\tat io.appium.uiautomator2.http.ServerHandler.channelRead(ServerHandler.java:51)\n\tat io.netty.channel.AbstractChannelHandlerContext.invokeChannelRead(AbstractChannelHandlerContext.java:366)\n\tat io.netty.channel.AbstractChannelHandlerCon...
[debug] &amp#27;[35m[W3C]&amp#27;[39m Matched W3C error code 'no such element' to NoSuchElementError
[debug] &amp#27;[35m[BaseDriver]&amp#27;[39m Waited for 1162 ms so far
[debug] &amp#27;[35m[WD Proxy]&amp#27;[39m Matched '/element' to command name 'findElement'
[debug] &amp#27;[35m[WD Proxy]&amp#27;[39m Proxying [POST /element] to [POST http://127.0.0.1:8200/wd/hub/session/b9791e08-e950-455d-abb7-57cd25fcf4fd/element] with body: {"strategy":"xpath","selector":"//*[@content-desc='Settings']","context":"","multiple":false}
[debug] &amp#27;[35m[WD Proxy]&amp#27;[39m Got response with status 200: {"sessionId":"b9791e08-e950-455d-abb7-57cd25fcf4fd","value":{"ELEMENT":"ff62ab62-ded7-4f67-8775-fc5f18968890","element-6066-11e4-a52e-4f735466cecf":"ff62ab62-ded7-4f67-8775-fc5f18968890"}}
[debug] &amp#27;[35m[W3C (5d4d029e)]&amp#27;[39m Responding to client with driver.findElement() result: {"element-6066-11e4-a52e-4f735466cecf":"ff62ab62-ded7-4f67-8775-fc5f18968890","ELEMENT":"ff62ab62-ded7-4f67-8775-fc5f18968890"}
&amp#27;[35m[HTTP]&amp#27;[39m &amp#27;[37m<-- POST /wd/hub/session/5d4d029e-608c-4025-b328-68d749c43761/element &amp#27;[39m&amp#27;[32m200&amp#27;[39m &amp#27;[90m4747 ms - 137&amp#27;[39m
&amp#27;[35m[HTTP]&amp#27;[39m &amp#27;[90m&amp#27;[39m
&amp#27;[35m[HTTP]&amp#27;[39m &amp#27;[37m-->&amp#27;[39m &amp#27;[37mPOST&amp#27;[39m &amp#27;[37m/wd/hub/session/5d4d029e-608c-4025-b328-68d749c43761/element/ff62ab62-ded7-4f67-8775-fc5f18968890/click&amp#27;[39m
&amp#27;[35m[HTTP]&amp#27;[39m &amp#27;[90m{"id":"ff62ab62-ded7-4f67-8775-fc5f18968890"}&amp#27;[39m
[debug] &amp#27;[35m[W3C (5d4d029e)]&amp#27;[39m Calling AppiumDriver.click() with args: ["ff62ab62-ded7-4f67-8775-fc5f18968890","5d4d029e-608c-4025-b328-68d749c43761"]
[debug] &amp#27;[35m[WD Proxy]&amp#27;[39m Matched '/element/ff62ab62-ded7-4f67-8775-fc5f18968890/click' to command name 'click'
[debug] &amp#27;[35m[WD Proxy]&amp#27;[39m Proxying [POST /element/ff62ab62-ded7-4f67-8775-fc5f18968890/click] to [POST http://127.0.0.1:8200/wd/hub/session/b9791e08-e950-455d-abb7-57cd25fcf4fd/element/ff62ab62-ded7-4f67-8775-fc5f18968890/click] with body: {"element":"ff62ab62-ded7-4f67-8775-fc5f18968890"}
[debug] &amp#27;[35m[WD Proxy]&amp#27;[39m Got response with status 200: {"sessionId":"b9791e08-e950-455d-abb7-57cd25fcf4fd","value":null}
[debug] &amp#27;[35m[W3C (5d4d029e)]&amp#27;[39m Responding to client with driver.click() result: null
&amp#27;[35m[HTTP]&amp#27;[39m &amp#27;[37m<-- POST /wd/hub/session/5d4d029e-608c-4025-b328-68d749c43761/element/ff62ab62-ded7-4f67-8775-fc5f18968890/click &amp#27;[39m&amp#27;[32m200&amp#27;[39m &amp#27;[90m15 ms - 14&amp#27;[39m
&amp#27;[35m[HTTP]&amp#27;[39m &amp#27;[90m&amp#27;[39m
&amp#27;[35m[HTTP]&amp#27;[39m &amp#27;[37m-->&amp#27;[39m &amp#27;[37mPOST&amp#27;[39m &amp#27;[37m/wd/hub/session/5d4d029e-608c-4025-b328-68d749c43761/element&amp#27;[39m
&amp#27;[35m[HTTP]&amp#27;[39m &amp#27;[90m{"using":"-android uiautomator","value":"new UiScrollable(new UiSelector()).scrollIntoView(text(\"Language & region\"));"}&amp#27;[39m
[debug] &amp#27;[35m[W3C (5d4d029e)]&amp#27;[39m Calling AppiumDriver.findElement() with args: ["-android uiautomator","new UiScrollable(new UiSelector()).scrollIntoView(text(\"Language & region\"));","5d4d029e-608c-4025-b328-68d749c43761"]
[debug] &amp#27;[35m[BaseDriver]&amp#27;[39m Valid locator strategies for this request: xpath, id, class name, accessibility id, -android uiautomator
[debug] &amp#27;[35m[BaseDriver]&amp#27;[39m Waiting up to 30000 ms for condition
[debug] &amp#27;[35m[WD Proxy]&amp#27;[39m Matched '/element' to command name 'findElement'
[debug] &amp#27;[35m[WD Proxy]&amp#27;[39m Proxying [POST /element] to [POST http://127.0.0.1:8200/wd/hub/session/b9791e08-e950-455d-abb7-57cd25fcf4fd/element] with body: {"strategy":"-android uiautomator","selector":"new UiScrollable(new UiSelector()).scrollIntoView(text(\"Language & region\"));","context":"","multiple":false}
[debug] &amp#27;[35m[WD Proxy]&amp#27;[39m Got response with status 200: {"sessionId":"b9791e08-e950-455d-abb7-57cd25fcf4fd","value":{"ELEMENT":"cfd16018-71bc-4a4d-b375-6d144af7b6d0","element-6066-11e4-a52e-4f735466cecf":"cfd16018-71bc-4a4d-b375-6d144af7b6d0"}}
[debug] &amp#27;[35m[W3C (5d4d029e)]&amp#27;[39m Responding to client with driver.findElement() result: {"element-6066-11e4-a52e-4f735466cecf":"cfd16018-71bc-4a4d-b375-6d144af7b6d0","ELEMENT":"cfd16018-71bc-4a4d-b375-6d144af7b6d0"}
&amp#27;[35m[HTTP]&amp#27;[39m &amp#27;[37m<-- POST /wd/hub/session/5d4d029e-608c-4025-b328-68d749c43761/element &amp#27;[39m&amp#27;[32m200&amp#27;[39m &amp#27;[90m1184 ms - 137&amp#27;[39m
&amp#27;[35m[HTTP]&amp#27;[39m &amp#27;[90m&amp#27;[39m
&amp#27;[35m[HTTP]&amp#27;[39m &amp#27;[37m-->&amp#27;[39m &amp#27;[37mPOST&amp#27;[39m &amp#27;[37m/wd/hub/session/5d4d029e-608c-4025-b328-68d749c43761/element/cfd16018-71bc-4a4d-b375-6d144af7b6d0/click&amp#27;[39m
&amp#27;[35m[HTTP]&amp#27;[39m &amp#27;[90m{"id":"cfd16018-71bc-4a4d-b375-6d144af7b6d0"}&amp#27;[39m
[debug] &amp#27;[35m[W3C (5d4d029e)]&amp#27;[39m Calling AppiumDriver.click() with args: ["cfd16018-71bc-4a4d-b375-6d144af7b6d0","5d4d029e-608c-4025-b328-68d749c43761"]
[debug] &amp#27;[35m[WD Proxy]&amp#27;[39m Matched '/element/cfd16018-71bc-4a4d-b375-6d144af7b6d0/click' to command name 'click'
[debug] &amp#27;[35m[WD Proxy]&amp#27;[39m Proxying [POST /element/cfd16018-71bc-4a4d-b375-6d144af7b6d0/click] to [POST http://127.0.0.1:8200/wd/hub/session/b9791e08-e950-455d-abb7-57cd25fcf4fd/element/cfd16018-71bc-4a4d-b375-6d144af7b6d0/click] with body: {"element":"cfd16018-71bc-4a4d-b375-6d144af7b6d0"}
[debug] &amp#27;[35m[WD Proxy]&amp#27;[39m Got response with status 200: {"sessionId":"b9791e08-e950-455d-abb7-57cd25fcf4fd","value":null}
[debug] &amp#27;[35m[W3C (5d4d029e)]&amp#27;[39m Responding to client with driver.click() result: null
&amp#27;[35m[HTTP]&amp#27;[39m &amp#27;[37m<-- POST /wd/hub/session/5d4d029e-608c-4025-b328-68d749c43761/element/cfd16018-71bc-4a4d-b375-6d144af7b6d0/click &amp#27;[39m&amp#27;[32m200&amp#27;[39m &amp#27;[90m860 ms - 14&amp#27;[39m
&amp#27;[35m[HTTP]&amp#27;[39m &amp#27;[90m&amp#27;[39m
Visited Language & region page
&amp#27;[35m[HTTP]&amp#27;[39m &amp#27;[37m-->&amp#27;[39m &amp#27;[37mPOST&amp#27;[39m &amp#27;[37m/wd/hub/session/5d4d029e-608c-4025-b328-68d749c43761/element&amp#27;[39m
&amp#27;[35m[HTTP]&amp#27;[39m &amp#27;[90m{"using":"xpath","value":"//*[@content-desc='Back']"}&amp#27;[39m
[debug] &amp#27;[35m[W3C (5d4d029e)]&amp#27;[39m Calling AppiumDriver.findElement() with args: ["xpath","//*[@content-desc='Back']","5d4d029e-608c-4025-b328-68d749c43761"]
[debug] &amp#27;[35m[BaseDriver]&amp#27;[39m Valid locator strategies for this request: xpath, id, class name, accessibility id, -android uiautomator
[debug] &amp#27;[35m[BaseDriver]&amp#27;[39m Waiting up to 30000 ms for condition
[debug] &amp#27;[35m[WD Proxy]&amp#27;[39m Matched '/element' to command name 'findElement'
[debug] &amp#27;[35m[WD Proxy]&amp#27;[39m Proxying [POST /element] to [POST http://127.0.0.1:8200/wd/hub/session/b9791e08-e950-455d-abb7-57cd25fcf4fd/element] with body: {"strategy":"xpath","selector":"//*[@content-desc='Back']","context":"","multiple":false}
[debug] &amp#27;[35m[WD Proxy]&amp#27;[39m Got response with status 200: {"sessionId":"b9791e08-e950-455d-abb7-57cd25fcf4fd","value":{"ELEMENT":"efc26292-1d16-4ba3-9086-e0d11f57771b","element-6066-11e4-a52e-4f735466cecf":"efc26292-1d16-4ba3-9086-e0d11f57771b"}}
[debug] &amp#27;[35m[W3C (5d4d029e)]&amp#27;[39m Responding to client with driver.findElement() result: {"element-6066-11e4-a52e-4f735466cecf":"efc26292-1d16-4ba3-9086-e0d11f57771b","ELEMENT":"efc26292-1d16-4ba3-9086-e0d11f57771b"}
&amp#27;[35m[HTTP]&amp#27;[39m &amp#27;[37m<-- POST /wd/hub/session/5d4d029e-608c-4025-b328-68d749c43761/element &amp#27;[39m&amp#27;[32m200&amp#27;[39m &amp#27;[90m179 ms - 137&amp#27;[39m
&amp#27;[35m[HTTP]&amp#27;[39m &amp#27;[90m&amp#27;[39m
&amp#27;[35m[HTTP]&amp#27;[39m &amp#27;[37m-->&amp#27;[39m &amp#27;[37mPOST&amp#27;[39m &amp#27;[37m/wd/hub/session/5d4d029e-608c-4025-b328-68d749c43761/element/efc26292-1d16-4ba3-9086-e0d11f57771b/click&amp#27;[39m
&amp#27;[35m[HTTP]&amp#27;[39m &amp#27;[90m{"id":"efc26292-1d16-4ba3-9086-e0d11f57771b"}&amp#27;[39m
[debug] &amp#27;[35m[W3C (5d4d029e)]&amp#27;[39m Calling AppiumDriver.click() with args: ["efc26292-1d16-4ba3-9086-e0d11f57771b","5d4d029e-608c-4025-b328-68d749c43761"]
[debug] &amp#27;[35m[WD Proxy]&amp#27;[39m Matched '/element/efc26292-1d16-4ba3-9086-e0d11f57771b/click' to command name 'click'
[debug] &amp#27;[35m[WD Proxy]&amp#27;[39m Proxying [POST /element/efc26292-1d16-4ba3-9086-e0d11f57771b/click] to [POST http://127.0.0.1:8200/wd/hub/session/b9791e08-e950-455d-abb7-57cd25fcf4fd/element/efc26292-1d16-4ba3-9086-e0d11f57771b/click] with body: {"element":"efc26292-1d16-4ba3-9086-e0d11f57771b"}
[debug] &amp#27;[35m[WD Proxy]&amp#27;[39m Got response with status 200: {"sessionId":"b9791e08-e950-455d-abb7-57cd25fcf4fd","value":null}
[debug] &amp#27;[35m[W3C (5d4d029e)]&amp#27;[39m Responding to client with driver.click() result: null
&amp#27;[35m[HTTP]&amp#27;[39m &amp#27;[37m<-- POST /wd/hub/session/5d4d029e-608c-4025-b328-68d749c43761/element/efc26292-1d16-4ba3-9086-e0d11f57771b/click &amp#27;[39m&amp#27;[32m200&amp#27;[39m &amp#27;[90m53 ms - 14&amp#27;[39m
&amp#27;[35m[HTTP]&amp#27;[39m &amp#27;[90m&amp#27;[39m
&amp#27;[35m[HTTP]&amp#27;[39m &amp#27;[37m-->&amp#27;[39m &amp#27;[37mPOST&amp#27;[39m &amp#27;[37m/wd/hub/session/5d4d029e-608c-4025-b328-68d749c43761/element&amp#27;[39m
&amp#27;[35m[HTTP]&amp#27;[39m &amp#27;[90m{"using":"-android uiautomator","value":"new UiScrollable(new UiSelector()).scrollIntoView(text(\"OFF\"));"}&amp#27;[39m
[debug] &amp#27;[35m[W3C (5d4d029e)]&amp#27;[39m Calling AppiumDriver.findElement() with args: ["-android uiautomator","new UiScrollable(new UiSelector()).scrollIntoView(text(\"OFF\"));","5d4d029e-608c-4025-b328-68d749c43761"]
[debug] &amp#27;[35m[BaseDriver]&amp#27;[39m Valid locator strategies for this request: xpath, id, class name, accessibility id, -android uiautomator
[debug] &amp#27;[35m[BaseDriver]&amp#27;[39m Waiting up to 30000 ms for condition
[debug] &amp#27;[35m[WD Proxy]&amp#27;[39m Matched '/element' to command name 'findElement'
[debug] &amp#27;[35m[WD Proxy]&amp#27;[39m Proxying [POST /element] to [POST http://127.0.0.1:8200/wd/hub/session/b9791e08-e950-455d-abb7-57cd25fcf4fd/element] with body: {"strategy":"-android uiautomator","selector":"new UiScrollable(new UiSelector()).scrollIntoView(text(\"OFF\"));","context":"","multiple":false}
[debug] &amp#27;[35m[WD Proxy]&amp#27;[39m Got response with status 200: {"sessionId":"b9791e08-e950-455d-abb7-57cd25fcf4fd","value":{"ELEMENT":"4d6f582d-80b5-419c-9f11-7cfdeaa61e1b","element-6066-11e4-a52e-4f735466cecf":"4d6f582d-80b5-419c-9f11-7cfdeaa61e1b"}}
[debug] &amp#27;[35m[W3C (5d4d029e)]&amp#27;[39m Responding to client with driver.findElement() result: {"element-6066-11e4-a52e-4f735466cecf":"4d6f582d-80b5-419c-9f11-7cfdeaa61e1b","ELEMENT":"4d6f582d-80b5-419c-9f11-7cfdeaa61e1b"}
&amp#27;[35m[HTTP]&amp#27;[39m &amp#27;[37m<-- POST /wd/hub/session/5d4d029e-608c-4025-b328-68d749c43761/element &amp#27;[39m&amp#27;[32m200&amp#27;[39m &amp#27;[90m642 ms - 137&amp#27;[39m
&amp#27;[35m[HTTP]&amp#27;[39m &amp#27;[90m&amp#27;[39m
&amp#27;[35m[HTTP]&amp#27;[39m &amp#27;[37m-->&amp#27;[39m &amp#27;[37mPOST&amp#27;[39m &amp#27;[37m/wd/hub/session/5d4d029e-608c-4025-b328-68d749c43761/element/4d6f582d-80b5-419c-9f11-7cfdeaa61e1b/click&amp#27;[39m
&amp#27;[35m[HTTP]&amp#27;[39m &amp#27;[90m{"id":"4d6f582d-80b5-419c-9f11-7cfdeaa61e1b"}&amp#27;[39m
[debug] &amp#27;[35m[W3C (5d4d029e)]&amp#27;[39m Calling AppiumDriver.click() with args: ["4d6f582d-80b5-419c-9f11-7cfdeaa61e1b","5d4d029e-608c-4025-b328-68d749c43761"]
[debug] &amp#27;[35m[WD Proxy]&amp#27;[39m Matched '/element/4d6f582d-80b5-419c-9f11-7cfdeaa61e1b/click' to command name 'click'
[debug] &amp#27;[35m[WD Proxy]&amp#27;[39m Proxying [POST /element/4d6f582d-80b5-419c-9f11-7cfdeaa61e1b/click] to [POST http://127.0.0.1:8200/wd/hub/session/b9791e08-e950-455d-abb7-57cd25fcf4fd/element/4d6f582d-80b5-419c-9f11-7cfdeaa61e1b/click] with body: {"element":"4d6f582d-80b5-419c-9f11-7cfdeaa61e1b"}
[debug] &amp#27;[35m[WD Proxy]&amp#27;[39m Got response with status 200: {"sessionId":"b9791e08-e950-455d-abb7-57cd25fcf4fd","value":null}
[debug] &amp#27;[35m[W3C (5d4d029e)]&amp#27;[39m Responding to client with driver.click() result: null
&amp#27;[35m[HTTP]&amp#27;[39m &amp#27;[37m<-- POST /wd/hub/session/5d4d029e-608c-4025-b328-68d749c43761/element/4d6f582d-80b5-419c-9f11-7cfdeaa61e1b/click &amp#27;[39m&amp#27;[32m200&amp#27;[39m &amp#27;[90m754 ms - 14&amp#27;[39m
&amp#27;[35m[HTTP]&amp#27;[39m &amp#27;[90m&amp#27;[39m
Enabled sound settings
&amp#27;[35m[HTTP]&amp#27;[39m &amp#27;[37m-->&amp#27;[39m &amp#27;[37mPOST&amp#27;[39m &amp#27;[37m/wd/hub/session/5d4d029e-608c-4025-b328-68d749c43761/element&amp#27;[39m
&amp#27;[35m[HTTP]&amp#27;[39m &amp#27;[90m{"using":"-android uiautomator","value":"new UiScrollable(new UiSelector()).scrollIntoView(text(\"Licenses\"));"}&amp#27;[39m
[debug] &amp#27;[35m[W3C (5d4d029e)]&amp#27;[39m Calling AppiumDriver.findElement() with args: ["-android uiautomator","new UiScrollable(new UiSelector()).scrollIntoView(text(\"Licenses\"));","5d4d029e-608c-4025-b328-68d749c43761"]
[debug] &amp#27;[35m[BaseDriver]&amp#27;[39m Valid locator strategies for this request: xpath, id, class name, accessibility id, -android uiautomator
[debug] &amp#27;[35m[BaseDriver]&amp#27;[39m Waiting up to 30000 ms for condition
[debug] &amp#27;[35m[WD Proxy]&amp#27;[39m Matched '/element' to command name 'findElement'
[debug] &amp#27;[35m[WD Proxy]&amp#27;[39m Proxying [POST /element] to [POST http://127.0.0.1:8200/wd/hub/session/b9791e08-e950-455d-abb7-57cd25fcf4fd/element] with body: {"strategy":"-android uiautomator","selector":"new UiScrollable(new UiSelector()).scrollIntoView(text(\"Licenses\"));","context":"","multiple":false}
[debug] &amp#27;[35m[WD Proxy]&amp#27;[39m Got response with status 200: {"sessionId":"b9791e08-e950-455d-abb7-57cd25fcf4fd","value":{"ELEMENT":"03faf78c-7d13-4011-a26a-b46ea2fb34b6","element-6066-11e4-a52e-4f735466cecf":"03faf78c-7d13-4011-a26a-b46ea2fb34b6"}}
[debug] &amp#27;[35m[W3C (5d4d029e)]&amp#27;[39m Responding to client with driver.findElement() result: {"element-6066-11e4-a52e-4f735466cecf":"03faf78c-7d13-4011-a26a-b46ea2fb34b6","ELEMENT":"03faf78c-7d13-4011-a26a-b46ea2fb34b6"}
&amp#27;[35m[HTTP]&amp#27;[39m &amp#27;[37m<-- POST /wd/hub/session/5d4d029e-608c-4025-b328-68d749c43761/element &amp#27;[39m&amp#27;[32m200&amp#27;[39m &amp#27;[90m2333 ms - 137&amp#27;[39m
&amp#27;[35m[HTTP]&amp#27;[39m &amp#27;[90m&amp#27;[39m
&amp#27;[35m[HTTP]&amp#27;[39m &amp#27;[37m-->&amp#27;[39m &amp#27;[37mPOST&amp#27;[39m &amp#27;[37m/wd/hub/session/5d4d029e-608c-4025-b328-68d749c43761/element/03faf78c-7d13-4011-a26a-b46ea2fb34b6/click&amp#27;[39m
&amp#27;[35m[HTTP]&amp#27;[39m &amp#27;[90m{"id":"03faf78c-7d13-4011-a26a-b46ea2fb34b6"}&amp#27;[39m
[debug] &amp#27;[35m[W3C (5d4d029e)]&amp#27;[39m Calling AppiumDriver.click() with args: ["03faf78c-7d13-4011-a26a-b46ea2fb34b6","5d4d029e-608c-4025-b328-68d749c43761"]
[debug] &amp#27;[35m[WD Proxy]&amp#27;[39m Matched '/element/03faf78c-7d13-4011-a26a-b46ea2fb34b6/click' to command name 'click'
[debug] &amp#27;[35m[WD Proxy]&amp#27;[39m Proxying [POST /element/03faf78c-7d13-4011-a26a-b46ea2fb34b6/click] to [POST http://127.0.0.1:8200/wd/hub/session/b9791e08-e950-455d-abb7-57cd25fcf4fd/element/03faf78c-7d13-4011-a26a-b46ea2fb34b6/click] with body: {"element":"03faf78c-7d13-4011-a26a-b46ea2fb34b6"}
[debug] &amp#27;[35m[WD Proxy]&amp#27;[39m Got response with status 200: {"sessionId":"b9791e08-e950-455d-abb7-57cd25fcf4fd","value":null}
[debug] &amp#27;[35m[W3C (5d4d029e)]&amp#27;[39m Responding to client with driver.click() result: null
&amp#27;[35m[HTTP]&amp#27;[39m &amp#27;[37m<-- POST /wd/hub/session/5d4d029e-608c-4025-b328-68d749c43761/element/03faf78c-7d13-4011-a26a-b46ea2fb34b6/click &amp#27;[39m&amp#27;[32m200&amp#27;[39m &amp#27;[90m1278 ms - 14&amp#27;[39m
&amp#27;[35m[HTTP]&amp#27;[39m &amp#27;[90m&amp#27;[39m
Visited licenses page
&amp#27;[35m[HTTP]&amp#27;[39m &amp#27;[37m-->&amp#27;[39m &amp#27;[37mPOST&amp#27;[39m &amp#27;[37m/wd/hub/session/5d4d029e-608c-4025-b328-68d749c43761/back&amp#27;[39m
&amp#27;[35m[HTTP]&amp#27;[39m &amp#27;[90m{}&amp#27;[39m
&amp#27;[35m[W3C (5d4d029e)]&amp#27;[39m Driver proxy active, passing request on via HTTP proxy
[debug] &amp#27;[35m[WD Proxy]&amp#27;[39m Matched '/wd/hub/session/5d4d029e-608c-4025-b328-68d749c43761/back' to command name 'back'
[debug] &amp#27;[35m[WD Proxy]&amp#27;[39m Proxying [POST /wd/hub/session/5d4d029e-608c-4025-b328-68d749c43761/back] to [POST http://127.0.0.1:8200/wd/hub/session/b9791e08-e950-455d-abb7-57cd25fcf4fd/back] with body: {}
[debug] &amp#27;[35m[WD Proxy]&amp#27;[39m Got response with status 200: {"sessionId":"b9791e08-e950-455d-abb7-57cd25fcf4fd","value":null}
&amp#27;[35m[WD Proxy]&amp#27;[39m Replacing sessionId b9791e08-e950-455d-abb7-57cd25fcf4fd with 5d4d029e-608c-4025-b328-68d749c43761
&amp#27;[35m[HTTP]&amp#27;[39m &amp#27;[37m<-- POST /wd/hub/session/5d4d029e-608c-4025-b328-68d749c43761/back &amp#27;[39m&amp#27;[32m200&amp#27;[39m &amp#27;[90m1017 ms - 65&amp#27;[39m
&amp#27;[35m[HTTP]&amp#27;[39m &amp#27;[90m&amp#27;[39m
&amp#27;[35m[HTTP]&amp#27;[39m &amp#27;[37m-->&amp#27;[39m &amp#27;[37mPOST&amp#27;[39m &amp#27;[37m/wd/hub/session/5d4d029e-608c-4025-b328-68d749c43761/element&amp#27;[39m
&amp#27;[35m[HTTP]&amp#27;[39m &amp#27;[90m{"using":"-android uiautomator","value":"new UiScrollable(new UiSelector()).scrollIntoView(text(\"Privacy policy\"));"}&amp#27;[39m
[debug] &amp#27;[35m[W3C (5d4d029e)]&amp#27;[39m Calling AppiumDriver.findElement() with args: ["-android uiautomator","new UiScrollable(new UiSelector()).scrollIntoView(text(\"Privacy policy\"));","5d4d029e-608c-4025-b328-68d749c43761"]
[debug] &amp#27;[35m[BaseDriver]&amp#27;[39m Valid locator strategies for this request: xpath, id, class name, accessibility id, -android uiautomator
[debug] &amp#27;[35m[BaseDriver]&amp#27;[39m Waiting up to 30000 ms for condition
[debug] &amp#27;[35m[WD Proxy]&amp#27;[39m Matched '/element' to command name 'findElement'
[debug] &amp#27;[35m[WD Proxy]&amp#27;[39m Proxying [POST /element] to [POST http://127.0.0.1:8200/wd/hub/session/b9791e08-e950-455d-abb7-57cd25fcf4fd/element] with body: {"strategy":"-android uiautomator","selector":"new UiScrollable(new UiSelector()).scrollIntoView(text(\"Privacy policy\"));","context":"","multiple":false}
[debug] &amp#27;[35m[WD Proxy]&amp#27;[39m Got response with status 200: {"sessionId":"b9791e08-e950-455d-abb7-57cd25fcf4fd","value":{"ELEMENT":"22d7fe11-cad5-41c6-8533-2bb389a99f43","element-6066-11e4-a52e-4f735466cecf":"22d7fe11-cad5-41c6-8533-2bb389a99f43"}}
[debug] &amp#27;[35m[W3C (5d4d029e)]&amp#27;[39m Responding to client with driver.findElement() result: {"element-6066-11e4-a52e-4f735466cecf":"22d7fe11-cad5-41c6-8533-2bb389a99f43","ELEMENT":"22d7fe11-cad5-41c6-8533-2bb389a99f43"}
&amp#27;[35m[HTTP]&amp#27;[39m &amp#27;[37m<-- POST /wd/hub/session/5d4d029e-608c-4025-b328-68d749c43761/element &amp#27;[39m&amp#27;[32m200&amp#27;[39m &amp#27;[90m30 ms - 137&amp#27;[39m
&amp#27;[35m[HTTP]&amp#27;[39m &amp#27;[90m&amp#27;[39m
&amp#27;[35m[HTTP]&amp#27;[39m &amp#27;[37m-->&amp#27;[39m &amp#27;[37mPOST&amp#27;[39m &amp#27;[37m/wd/hub/session/5d4d029e-608c-4025-b328-68d749c43761/element/22d7fe11-cad5-41c6-8533-2bb389a99f43/click&amp#27;[39m
&amp#27;[35m[HTTP]&amp#27;[39m &amp#27;[90m{"id":"22d7fe11-cad5-41c6-8533-2bb389a99f43"}&amp#27;[39m
[debug] &amp#27;[35m[W3C (5d4d029e)]&amp#27;[39m Calling AppiumDriver.click() with args: ["22d7fe11-cad5-41c6-8533-2bb389a99f43","5d4d029e-608c-4025-b328-68d749c43761"]
[debug] &amp#27;[35m[WD Proxy]&amp#27;[39m Matched '/element/22d7fe11-cad5-41c6-8533-2bb389a99f43/click' to command name 'click'
[debug] &amp#27;[35m[WD Proxy]&amp#27;[39m Proxying [POST /element/22d7fe11-cad5-41c6-8533-2bb389a99f43/click] to [POST http://127.0.0.1:8200/wd/hub/session/b9791e08-e950-455d-abb7-57cd25fcf4fd/element/22d7fe11-cad5-41c6-8533-2bb389a99f43/click] with body: {"element":"22d7fe11-cad5-41c6-8533-2bb389a99f43"}
[debug] &amp#27;[35m[WD Proxy]&amp#27;[39m Got response with status 200: {"sessionId":"b9791e08-e950-455d-abb7-57cd25fcf4fd","value":null}
[debug] &amp#27;[35m[W3C (5d4d029e)]&amp#27;[39m Responding to client with driver.click() result: null
&amp#27;[35m[HTTP]&amp#27;[39m &amp#27;[37m<-- POST /wd/hub/session/5d4d029e-608c-4025-b328-68d749c43761/element/22d7fe11-cad5-41c6-8533-2bb389a99f43/click &amp#27;[39m&amp#27;[32m200&amp#27;[39m &amp#27;[90m1613 ms - 14&amp#27;[39m
&amp#27;[35m[HTTP]&amp#27;[39m &amp#27;[90m&amp#27;[39m
&amp#27;[35m[HTTP]&amp#27;[39m &amp#27;[37m-->&amp#27;[39m &amp#27;[37mPOST&amp#27;[39m &amp#27;[37m/wd/hub/session/5d4d029e-608c-4025-b328-68d749c43761/element&amp#27;[39m
&amp#27;[35m[HTTP]&amp#27;[39m &amp#27;[90m{"using":"id","value":"android:id/button_once"}&amp#27;[39m
[debug] &amp#27;[35m[W3C (5d4d029e)]&amp#27;[39m Calling AppiumDriver.findElement() with args: ["id","android:id/button_once","5d4d029e-608c-4025-b328-68d749c43761"]
[debug] &amp#27;[35m[BaseDriver]&amp#27;[39m Valid locator strategies for this request: xpath, id, class name, accessibility id, -android uiautomator
[debug] &amp#27;[35m[BaseDriver]&amp#27;[39m Waiting up to 30000 ms for condition
[debug] &amp#27;[35m[WD Proxy]&amp#27;[39m Matched '/element' to command name 'findElement'
[debug] &amp#27;[35m[WD Proxy]&amp#27;[39m Proxying [POST /element] to [POST http://127.0.0.1:8200/wd/hub/session/b9791e08-e950-455d-abb7-57cd25fcf4fd/element] with body: {"strategy":"id","selector":"android:id/button_once","context":"","multiple":false}
[debug] &amp#27;[35m[WD Proxy]&amp#27;[39m Got response with status 200: {"sessionId":"b9791e08-e950-455d-abb7-57cd25fcf4fd","value":{"ELEMENT":"8ebca6f8-b4b5-49c7-838d-5888fdb940af","element-6066-11e4-a52e-4f735466cecf":"8ebca6f8-b4b5-49c7-838d-5888fdb940af"}}
[debug] &amp#27;[35m[W3C (5d4d029e)]&amp#27;[39m Responding to client with driver.findElement() result: {"element-6066-11e4-a52e-4f735466cecf":"8ebca6f8-b4b5-49c7-838d-5888fdb940af","ELEMENT":"8ebca6f8-b4b5-49c7-838d-5888fdb940af"}
&amp#27;[35m[HTTP]&amp#27;[39m &amp#27;[37m<-- POST /wd/hub/session/5d4d029e-608c-4025-b328-68d749c43761/element &amp#27;[39m&amp#27;[32m200&amp#27;[39m &amp#27;[90m17 ms - 137&amp#27;[39m
&amp#27;[35m[HTTP]&amp#27;[39m &amp#27;[90m&amp#27;[39m
&amp#27;[35m[HTTP]&amp#27;[39m &amp#27;[37m-->&amp#27;[39m &amp#27;[37mPOST&amp#27;[39m &amp#27;[37m/wd/hub/session/5d4d029e-608c-4025-b328-68d749c43761/element/8ebca6f8-b4b5-49c7-838d-5888fdb940af/click&amp#27;[39m
&amp#27;[35m[HTTP]&amp#27;[39m &amp#27;[90m{"id":"8ebca6f8-b4b5-49c7-838d-5888fdb940af"}&amp#27;[39m
[debug] &amp#27;[35m[W3C (5d4d029e)]&amp#27;[39m Calling AppiumDriver.click() with args: ["8ebca6f8-b4b5-49c7-838d-5888fdb940af","5d4d029e-608c-4025-b328-68d749c43761"]
[debug] &amp#27;[35m[WD Proxy]&amp#27;[39m Matched '/element/8ebca6f8-b4b5-49c7-838d-5888fdb940af/click' to command name 'click'
[debug] &amp#27;[35m[WD Proxy]&amp#27;[39m Proxying [POST /element/8ebca6f8-b4b5-49c7-838d-5888fdb940af/click] to [POST http://127.0.0.1:8200/wd/hub/session/b9791e08-e950-455d-abb7-57cd25fcf4fd/element/8ebca6f8-b4b5-49c7-838d-5888fdb940af/click] with body: {"element":"8ebca6f8-b4b5-49c7-838d-5888fdb940af"}
[debug] &amp#27;[35m[WD Proxy]&amp#27;[39m Got response with status 200: {"sessionId":"b9791e08-e950-455d-abb7-57cd25fcf4fd","value":null}
[debug] &amp#27;[35m[W3C (5d4d029e)]&amp#27;[39m Responding to client with driver.click() result: null
&amp#27;[35m[HTTP]&amp#27;[39m &amp#27;[37m<-- POST /wd/hub/session/5d4d029e-608c-4025-b328-68d749c43761/element/8ebca6f8-b4b5-49c7-838d-5888fdb940af/click &amp#27;[39m&amp#27;[32m200&amp#27;[39m &amp#27;[90m16 ms - 14&amp#27;[39m
&amp#27;[35m[HTTP]&amp#27;[39m &amp#27;[90m&amp#27;[39m
Visited Privacy policy page
&amp#27;[35m[HTTP]&amp#27;[39m &amp#27;[37m-->&amp#27;[39m &amp#27;[37mPOST&amp#27;[39m &amp#27;[37m/wd/hub/session/5d4d029e-608c-4025-b328-68d749c43761/appium/device/press_keycode&amp#27;[39m
&amp#27;[35m[HTTP]&amp#27;[39m &amp#27;[90m{"keycode":4}&amp#27;[39m
[debug] &amp#27;[35m[W3C (5d4d029e)]&amp#27;[39m Calling AppiumDriver.pressKeyCode() with args: [4,null,null,null,null,"5d4d029e-608c-4025-b328-68d749c43761"]
[debug] &amp#27;[35m[WD Proxy]&amp#27;[39m Matched '/appium/device/press_keycode' to command name 'pressKeyCode'
[debug] &amp#27;[35m[WD Proxy]&amp#27;[39m Proxying [POST /appium/device/press_keycode] to [POST http://127.0.0.1:8200/wd/hub/session/b9791e08-e950-455d-abb7-57cd25fcf4fd/appium/device/press_keycode] with body: {"keycode":4,"metastate":null,"flags":null}
[debug] &amp#27;[35m[WD Proxy]&amp#27;[39m Got response with status 200: {"sessionId":"b9791e08-e950-455d-abb7-57cd25fcf4fd","value":null}
[debug] &amp#27;[35m[W3C (5d4d029e)]&amp#27;[39m Responding to client with driver.pressKeyCode() result: null
&amp#27;[35m[HTTP]&amp#27;[39m &amp#27;[37m<-- POST /wd/hub/session/5d4d029e-608c-4025-b328-68d749c43761/appium/device/press_keycode &amp#27;[39m&amp#27;[32m200&amp#27;[39m &amp#27;[90m30 ms - 14&amp#27;[39m
&amp#27;[35m[HTTP]&amp#27;[39m &amp#27;[90m&amp#27;[39m
&amp#27;[35m[HTTP]&amp#27;[39m &amp#27;[37m-->&amp#27;[39m &amp#27;[37mPOST&amp#27;[39m &amp#27;[37m/wd/hub/session/5d4d029e-608c-4025-b328-68d749c43761/element&amp#27;[39m
&amp#27;[35m[HTTP]&amp#27;[39m &amp#27;[90m{"using":"-android uiautomator","value":"new UiScrollable(new UiSelector()).scrollIntoView(text(\"About the team\"));"}&amp#27;[39m
[debug] &amp#27;[35m[W3C (5d4d029e)]&amp#27;[39m Calling AppiumDriver.findElement() with args: ["-android uiautomator","new UiScrollable(new UiSelector()).scrollIntoView(text(\"About the team\"));","5d4d029e-608c-4025-b328-68d749c43761"]
[debug] &amp#27;[35m[BaseDriver]&amp#27;[39m Valid locator strategies for this request: xpath, id, class name, accessibility id, -android uiautomator
[debug] &amp#27;[35m[BaseDriver]&amp#27;[39m Waiting up to 30000 ms for condition
[debug] &amp#27;[35m[WD Proxy]&amp#27;[39m Matched '/element' to command name 'findElement'
[debug] &amp#27;[35m[WD Proxy]&amp#27;[39m Proxying [POST /element] to [POST http://127.0.0.1:8200/wd/hub/session/b9791e08-e950-455d-abb7-57cd25fcf4fd/element] with body: {"strategy":"-android uiautomator","selector":"new UiScrollable(new UiSelector()).scrollIntoView(text(\"About the team\"));","context":"","multiple":false}
[debug] &amp#27;[35m[WD Proxy]&amp#27;[39m Got response with status 200: {"sessionId":"b9791e08-e950-455d-abb7-57cd25fcf4fd","value":{"ELEMENT":"3771708f-b0bb-4d0a-98a2-41885222575b","element-6066-11e4-a52e-4f735466cecf":"3771708f-b0bb-4d0a-98a2-41885222575b"}}
[debug] &amp#27;[35m[W3C (5d4d029e)]&amp#27;[39m Responding to client with driver.findElement() result: {"element-6066-11e4-a52e-4f735466cecf":"3771708f-b0bb-4d0a-98a2-41885222575b","ELEMENT":"3771708f-b0bb-4d0a-98a2-41885222575b"}
&amp#27;[35m[HTTP]&amp#27;[39m &amp#27;[37m<-- POST /wd/hub/session/5d4d029e-608c-4025-b328-68d749c43761/element &amp#27;[39m&amp#27;[32m200&amp#27;[39m &amp#27;[90m935 ms - 137&amp#27;[39m
&amp#27;[35m[HTTP]&amp#27;[39m &amp#27;[90m&amp#27;[39m
&amp#27;[35m[HTTP]&amp#27;[39m &amp#27;[37m-->&amp#27;[39m &amp#27;[37mPOST&amp#27;[39m &amp#27;[37m/wd/hub/session/5d4d029e-608c-4025-b328-68d749c43761/element/3771708f-b0bb-4d0a-98a2-41885222575b/click&amp#27;[39m
&amp#27;[35m[HTTP]&amp#27;[39m &amp#27;[90m{"id":"3771708f-b0bb-4d0a-98a2-41885222575b"}&amp#27;[39m
[debug] &amp#27;[35m[W3C (5d4d029e)]&amp#27;[39m Calling AppiumDriver.click() with args: ["3771708f-b0bb-4d0a-98a2-41885222575b","5d4d029e-608c-4025-b328-68d749c43761"]
[debug] &amp#27;[35m[WD Proxy]&amp#27;[39m Matched '/element/3771708f-b0bb-4d0a-98a2-41885222575b/click' to command name 'click'
[debug] &amp#27;[35m[WD Proxy]&amp#27;[39m Proxying [POST /element/3771708f-b0bb-4d0a-98a2-41885222575b/click] to [POST http://127.0.0.1:8200/wd/hub/session/b9791e08-e950-455d-abb7-57cd25fcf4fd/element/3771708f-b0bb-4d0a-98a2-41885222575b/click] with body: {"element":"3771708f-b0bb-4d0a-98a2-41885222575b"}
[debug] &amp#27;[35m[WD Proxy]&amp#27;[39m Got response with status 200: {"sessionId":"b9791e08-e950-455d-abb7-57cd25fcf4fd","value":null}
[debug] &amp#27;[35m[W3C (5d4d029e)]&amp#27;[39m Responding to client with driver.click() result: null
&amp#27;[35m[HTTP]&amp#27;[39m &amp#27;[37m<-- POST /wd/hub/session/5d4d029e-608c-4025-b328-68d749c43761/element/3771708f-b0bb-4d0a-98a2-41885222575b/click &amp#27;[39m&amp#27;[32m200&amp#27;[39m &amp#27;[90m2610 ms - 14&amp#27;[39m
&amp#27;[35m[HTTP]&amp#27;[39m &amp#27;[90m&amp#27;[39m
&amp#27;[35m[HTTP]&amp#27;[39m &amp#27;[37m-->&amp#27;[39m &amp#27;[37mPOST&amp#27;[39m &amp#27;[37m/wd/hub/session/5d4d029e-608c-4025-b328-68d749c43761/element&amp#27;[39m
&amp#27;[35m[HTTP]&amp#27;[39m &amp#27;[90m{"using":"-android uiautomator","value":"new UiScrollable(new UiSelector()).scrollIntoView(text(\"Ankita\"));"}&amp#27;[39m
[debug] &amp#27;[35m[W3C (5d4d029e)]&amp#27;[39m Calling AppiumDriver.findElement() with args: ["-android uiautomator","new UiScrollable(new UiSelector()).scrollIntoView(text(\"Ankita\"));","5d4d029e-608c-4025-b328-68d749c43761"]
[debug] &amp#27;[35m[BaseDriver]&amp#27;[39m Valid locator strategies for this request: xpath, id, class name, accessibility id, -android uiautomator
[debug] &amp#27;[35m[BaseDriver]&amp#27;[39m Waiting up to 30000 ms for condition
[debug] &amp#27;[35m[WD Proxy]&amp#27;[39m Matched '/element' to command name 'findElement'
[debug] &amp#27;[35m[WD Proxy]&amp#27;[39m Proxying [POST /element] to [POST http://127.0.0.1:8200/wd/hub/session/b9791e08-e950-455d-abb7-57cd25fcf4fd/element] with body: {"strategy":"-android uiautomator","selector":"new UiScrollable(new UiSelector()).scrollIntoView(text(\"Ankita\"));","context":"","multiple":false}
[debug] &amp#27;[35m[WD Proxy]&amp#27;[39m Got response with status 200: {"sessionId":"b9791e08-e950-455d-abb7-57cd25fcf4fd","value":{"ELEMENT":"4b78f326-2f22-4735-8cf3-046063aad541","element-6066-11e4-a52e-4f735466cecf":"4b78f326-2f22-4735-8cf3-046063aad541"}}
[debug] &amp#27;[35m[W3C (5d4d029e)]&amp#27;[39m Responding to client with driver.findElement() result: {"element-6066-11e4-a52e-4f735466cecf":"4b78f326-2f22-4735-8cf3-046063aad541","ELEMENT":"4b78f326-2f22-4735-8cf3-046063aad541"}
&amp#27;[35m[HTTP]&amp#27;[39m &amp#27;[37m<-- POST /wd/hub/session/5d4d029e-608c-4025-b328-68d749c43761/element &amp#27;[39m&amp#27;[32m200&amp#27;[39m &amp#27;[90m15001 ms - 137&amp#27;[39m
&amp#27;[35m[HTTP]&amp#27;[39m &amp#27;[90m&amp#27;[39m
&amp#27;[35m[HTTP]&amp#27;[39m &amp#27;[37m-->&amp#27;[39m &amp#27;[37mPOST&amp#27;[39m &amp#27;[37m/wd/hub/session/5d4d029e-608c-4025-b328-68d749c43761/element/4b78f326-2f22-4735-8cf3-046063aad541/click&amp#27;[39m
&amp#27;[35m[HTTP]&amp#27;[39m &amp#27;[90m{"id":"4b78f326-2f22-4735-8cf3-046063aad541"}&amp#27;[39m
[debug] &amp#27;[35m[W3C (5d4d029e)]&amp#27;[39m Calling AppiumDriver.click() with args: ["4b78f326-2f22-4735-8cf3-046063aad541","5d4d029e-608c-4025-b328-68d749c43761"]
[debug] &amp#27;[35m[WD Proxy]&amp#27;[39m Matched '/element/4b78f326-2f22-4735-8cf3-046063aad541/click' to command name 'click'
[debug] &amp#27;[35m[WD Proxy]&amp#27;[39m Proxying [POST /element/4b78f326-2f22-4735-8cf3-046063aad541/click] to [POST http://127.0.0.1:8200/wd/hub/session/b9791e08-e950-455d-abb7-57cd25fcf4fd/element/4b78f326-2f22-4735-8cf3-046063aad541/click] with body: {"element":"4b78f326-2f22-4735-8cf3-046063aad541"}
[debug] &amp#27;[35m[WD Proxy]&amp#27;[39m Got response with status 200: {"sessionId":"b9791e08-e950-455d-abb7-57cd25fcf4fd","value":null}
[debug] &amp#27;[35m[W3C (5d4d029e)]&amp#27;[39m Responding to client with driver.click() result: null
&amp#27;[35m[HTTP]&amp#27;[39m &amp#27;[37m<-- POST /wd/hub/session/5d4d029e-608c-4025-b328-68d749c43761/element/4b78f326-2f22-4735-8cf3-046063aad541/click &amp#27;[39m&amp#27;[32m200&amp#27;[39m &amp#27;[90m3139 ms - 14&amp#27;[39m
&amp#27;[35m[HTTP]&amp#27;[39m &amp#27;[90m&amp#27;[39m
&amp#27;[35m[HTTP]&amp#27;[39m &amp#27;[37m-->&amp#27;[39m &amp#27;[37mPOST&amp#27;[39m &amp#27;[37m/wd/hub/session/5d4d029e-608c-4025-b328-68d749c43761/element&amp#27;[39m
&amp#27;[35m[HTTP]&amp#27;[39m &amp#27;[90m{"using":"xpath","value":"//*[@content-desc='Back']"}&amp#27;[39m
[debug] &amp#27;[35m[W3C (5d4d029e)]&amp#27;[39m Calling AppiumDriver.findElement() with args: ["xpath","//*[@content-desc='Back']","5d4d029e-608c-4025-b328-68d749c43761"]
[debug] &amp#27;[35m[BaseDriver]&amp#27;[39m Valid locator strategies for this request: xpath, id, class name, accessibility id, -android uiautomator
[debug] &amp#27;[35m[BaseDriver]&amp#27;[39m Waiting up to 30000 ms for condition
[debug] &amp#27;[35m[WD Proxy]&amp#27;[39m Matched '/element' to command name 'findElement'
[debug] &amp#27;[35m[WD Proxy]&amp#27;[39m Proxying [POST /element] to [POST http://127.0.0.1:8200/wd/hub/session/b9791e08-e950-455d-abb7-57cd25fcf4fd/element] with body: {"strategy":"xpath","selector":"//*[@content-desc='Back']","context":"","multiple":false}
[debug] &amp#27;[35m[WD Proxy]&amp#27;[39m Got response with status 200: {"sessionId":"b9791e08-e950-455d-abb7-57cd25fcf4fd","value":{"ELEMENT":"9b5dcf03-15fc-43e6-acb8-2c699a22f578","element-6066-11e4-a52e-4f735466cecf":"9b5dcf03-15fc-43e6-acb8-2c699a22f578"}}
[debug] &amp#27;[35m[W3C (5d4d029e)]&amp#27;[39m Responding to client with driver.findElement() result: {"element-6066-11e4-a52e-4f735466cecf":"9b5dcf03-15fc-43e6-acb8-2c699a22f578","ELEMENT":"9b5dcf03-15fc-43e6-acb8-2c699a22f578"}
&amp#27;[35m[HTTP]&amp#27;[39m &amp#27;[37m<-- POST /wd/hub/session/5d4d029e-608c-4025-b328-68d749c43761/element &amp#27;[39m&amp#27;[32m200&amp#27;[39m &amp#27;[90m118 ms - 137&amp#27;[39m
&amp#27;[35m[HTTP]&amp#27;[39m &amp#27;[90m&amp#27;[39m
&amp#27;[35m[HTTP]&amp#27;[39m &amp#27;[37m-->&amp#27;[39m &amp#27;[37mPOST&amp#27;[39m &amp#27;[37m/wd/hub/session/5d4d029e-608c-4025-b328-68d749c43761/element/9b5dcf03-15fc-43e6-acb8-2c699a22f578/click&amp#27;[39m
&amp#27;[35m[HTTP]&amp#27;[39m &amp#27;[90m{"id":"9b5dcf03-15fc-43e6-acb8-2c699a22f578"}&amp#27;[39m
[debug] &amp#27;[35m[W3C (5d4d029e)]&amp#27;[39m Calling AppiumDriver.click() with args: ["9b5dcf03-15fc-43e6-acb8-2c699a22f578","5d4d029e-608c-4025-b328-68d749c43761"]
[debug] &amp#27;[35m[WD Proxy]&amp#27;[39m Matched '/element/9b5dcf03-15fc-43e6-acb8-2c699a22f578/click' to command name 'click'
[debug] &amp#27;[35m[WD Proxy]&amp#27;[39m Proxying [POST /element/9b5dcf03-15fc-43e6-acb8-2c699a22f578/click] to [POST http://127.0.0.1:8200/wd/hub/session/b9791e08-e950-455d-abb7-57cd25fcf4fd/element/9b5dcf03-15fc-43e6-acb8-2c699a22f578/click] with body: {"element":"9b5dcf03-15fc-43e6-acb8-2c699a22f578"}
[debug] &amp#27;[35m[WD Proxy]&amp#27;[39m Got response with status 200: {"sessionId":"b9791e08-e950-455d-abb7-57cd25fcf4fd","value":null}
[debug] &amp#27;[35m[W3C (5d4d029e)]&amp#27;[39m Responding to client with driver.click() result: null
&amp#27;[35m[HTTP]&amp#27;[39m &amp#27;[37m<-- POST /wd/hub/session/5d4d029e-608c-4025-b328-68d749c43761/element/9b5dcf03-15fc-43e6-acb8-2c699a22f578/click &amp#27;[39m&amp#27;[32m200&amp#27;[39m &amp#27;[90m18 ms - 14&amp#27;[39m
&amp#27;[35m[HTTP]&amp#27;[39m &amp#27;[90m&amp#27;[39m
Visited About the team page
&amp#27;[35m[HTTP]&amp#27;[39m &amp#27;[37m-->&amp#27;[39m &amp#27;[37mPOST&amp#27;[39m &amp#27;[37m/wd/hub/session/5d4d029e-608c-4025-b328-68d749c43761/element&amp#27;[39m
&amp#27;[35m[HTTP]&amp#27;[39m &amp#27;[90m{"using":"xpath","value":"//*[@content-desc='Back']"}&amp#27;[39m
[debug] &amp#27;[35m[W3C (5d4d029e)]&amp#27;[39m Calling AppiumDriver.findElement() with args: ["xpath","//*[@content-desc='Back']","5d4d029e-608c-4025-b328-68d749c43761"]
[debug] &amp#27;[35m[BaseDriver]&amp#27;[39m Valid locator strategies for this request: xpath, id, class name, accessibility id, -android uiautomator
[debug] &amp#27;[35m[BaseDriver]&amp#27;[39m Waiting up to 30000 ms for condition
[debug] &amp#27;[35m[WD Proxy]&amp#27;[39m Matched '/element' to command name 'findElement'
[debug] &amp#27;[35m[WD Proxy]&amp#27;[39m Proxying [POST /element] to [POST http://127.0.0.1:8200/wd/hub/session/b9791e08-e950-455d-abb7-57cd25fcf4fd/element] with body: {"strategy":"xpath","selector":"//*[@content-desc='Back']","context":"","multiple":false}
[debug] &amp#27;[35m[WD Proxy]&amp#27;[39m Got response with status 200: {"sessionId":"b9791e08-e950-455d-abb7-57cd25fcf4fd","value":{"ELEMENT":"beaac483-7ab9-466b-ba0f-174fdd37d501","element-6066-11e4-a52e-4f735466cecf":"beaac483-7ab9-466b-ba0f-174fdd37d501"}}
[debug] &amp#27;[35m[W3C (5d4d029e)]&amp#27;[39m Responding to client with driver.findElement() result: {"element-6066-11e4-a52e-4f735466cecf":"beaac483-7ab9-466b-ba0f-174fdd37d501","ELEMENT":"beaac483-7ab9-466b-ba0f-174fdd37d501"}
&amp#27;[35m[HTTP]&amp#27;[39m &amp#27;[37m<-- POST /wd/hub/session/5d4d029e-608c-4025-b328-68d749c43761/element &amp#27;[39m&amp#27;[32m200&amp#27;[39m &amp#27;[90m257 ms - 137&amp#27;[39m
&amp#27;[35m[HTTP]&amp#27;[39m &amp#27;[90m&amp#27;[39m
&amp#27;[35m[HTTP]&amp#27;[39m &amp#27;[37m-->&amp#27;[39m &amp#27;[37mPOST&amp#27;[39m &amp#27;[37m/wd/hub/session/5d4d029e-608c-4025-b328-68d749c43761/element/beaac483-7ab9-466b-ba0f-174fdd37d501/click&amp#27;[39m
&amp#27;[35m[HTTP]&amp#27;[39m &amp#27;[90m{"id":"beaac483-7ab9-466b-ba0f-174fdd37d501"}&amp#27;[39m
[debug] &amp#27;[35m[W3C (5d4d029e)]&amp#27;[39m Calling AppiumDriver.click() with args: ["beaac483-7ab9-466b-ba0f-174fdd37d501","5d4d029e-608c-4025-b328-68d749c43761"]
[debug] &amp#27;[35m[WD Proxy]&amp#27;[39m Matched '/element/beaac483-7ab9-466b-ba0f-174fdd37d501/click' to command name 'click'
[debug] &amp#27;[35m[WD Proxy]&amp#27;[39m Proxying [POST /element/beaac483-7ab9-466b-ba0f-174fdd37d501/click] to [POST http://127.0.0.1:8200/wd/hub/session/b9791e08-e950-455d-abb7-57cd25fcf4fd/element/beaac483-7ab9-466b-ba0f-174fdd37d501/click] with body: {"element":"beaac483-7ab9-466b-ba0f-174fdd37d501"}
[debug] &amp#27;[35m[WD Proxy]&amp#27;[39m Got response with status 200: {"sessionId":"b9791e08-e950-455d-abb7-57cd25fcf4fd","value":null}
[debug] &amp#27;[35m[W3C (5d4d029e)]&amp#27;[39m Responding to client with driver.click() result: null
&amp#27;[35m[HTTP]&amp#27;[39m &amp#27;[37m<-- POST /wd/hub/session/5d4d029e-608c-4025-b328-68d749c43761/element/beaac483-7ab9-466b-ba0f-174fdd37d501/click &amp#27;[39m&amp#27;[32m200&amp#27;[39m &amp#27;[90m368 ms - 14&amp#27;[39m
&amp#27;[35m[HTTP]&amp#27;[39m &amp#27;[90m&amp#27;[39m
&amp#27;[35m[HTTP]&amp#27;[39m &amp#27;[37m-->&amp#27;[39m &amp#27;[37mPOST&amp#27;[39m &amp#27;[37m/wd/hub/session/5d4d029e-608c-4025-b328-68d749c43761/element&amp#27;[39m
&amp#27;[35m[HTTP]&amp#27;[39m &amp#27;[90m{"using":"-android uiautomator","value":"new UiScrollable(new UiSelector().scrollable(true).instance(0)).scrollIntoView(new UiSelector().textContains(\"My courses\").instance(0))"}&amp#27;[39m
[debug] &amp#27;[35m[W3C (5d4d029e)]&amp#27;[39m Calling AppiumDriver.findElement() with args: ["-android uiautomator","new UiScrollable(new UiSelector().scrollable(true).instance(0)).scrollIntoView(new UiSelector().textContains(\"My courses\").instance(0))","5d4d029e-608c-4025-b328-68d749c43761"]
[debug] &amp#27;[35m[BaseDriver]&amp#27;[39m Valid locator strategies for this request: xpath, id, class name, accessibility id, -android uiautomator
[debug] &amp#27;[35m[BaseDriver]&amp#27;[39m Waiting up to 30000 ms for condition
[debug] &amp#27;[35m[WD Proxy]&amp#27;[39m Matched '/element' to command name 'findElement'
[debug] &amp#27;[35m[WD Proxy]&amp#27;[39m Proxying [POST /element] to [POST http://127.0.0.1:8200/wd/hub/session/b9791e08-e950-455d-abb7-57cd25fcf4fd/element] with body: {"strategy":"-android uiautomator","selector":"new UiScrollable(new UiSelector().scrollable(true).instance(0)).scrollIntoView(new UiSelector().textContains(\"My courses\").instance(0))","context":"","multiple":false}
[debug] &amp#27;[35m[WD Proxy]&amp#27;[39m Got response with status 200: {"sessionId":"b9791e08-e950-455d-abb7-57cd25fcf4fd","value":{"ELEMENT":"ccecd563-894d-46f9-adb5-ccde9e6a094a","element-6066-11e4-a52e-4f735466cecf":"ccecd563-894d-46f9-adb5-ccde9e6a094a"}}
[debug] &amp#27;[35m[W3C (5d4d029e)]&amp#27;[39m Responding to client with driver.findElement() result: {"element-6066-11e4-a52e-4f735466cecf":"ccecd563-894d-46f9-adb5-ccde9e6a094a","ELEMENT":"ccecd563-894d-46f9-adb5-ccde9e6a094a"}
&amp#27;[35m[HTTP]&amp#27;[39m &amp#27;[37m<-- POST /wd/hub/session/5d4d029e-608c-4025-b328-68d749c43761/element &amp#27;[39m&amp#27;[32m200&amp#27;[39m &amp#27;[90m5274 ms - 137&amp#27;[39m
&amp#27;[35m[HTTP]&amp#27;[39m &amp#27;[90m&amp#27;[39m
&amp#27;[35m[HTTP]&amp#27;[39m &amp#27;[37m-->&amp#27;[39m &amp#27;[37mPOST&amp#27;[39m &amp#27;[37m/wd/hub/session/5d4d029e-608c-4025-b328-68d749c43761/element&amp#27;[39m
&amp#27;[35m[HTTP]&amp#27;[39m &amp#27;[90m{"using":"-android uiautomator","value":"new UiScrollable(new UiSelector()).scrollIntoView(text(\"My courses\"));"}&amp#27;[39m
[debug] &amp#27;[35m[W3C (5d4d029e)]&amp#27;[39m Calling AppiumDriver.findElement() with args: ["-android uiautomator","new UiScrollable(new UiSelector()).scrollIntoView(text(\"My courses\"));","5d4d029e-608c-4025-b328-68d749c43761"]
[debug] &amp#27;[35m[BaseDriver]&amp#27;[39m Valid locator strategies for this request: xpath, id, class name, accessibility id, -android uiautomator
[debug] &amp#27;[35m[BaseDriver]&amp#27;[39m Waiting up to 30000 ms for condition
[debug] &amp#27;[35m[WD Proxy]&amp#27;[39m Matched '/element' to command name 'findElement'
[debug] &amp#27;[35m[WD Proxy]&amp#27;[39m Proxying [POST /element] to [POST http://127.0.0.1:8200/wd/hub/session/b9791e08-e950-455d-abb7-57cd25fcf4fd/element] with body: {"strategy":"-android uiautomator","selector":"new UiScrollable(new UiSelector()).scrollIntoView(text(\"My courses\"));","context":"","multiple":false}
[debug] &amp#27;[35m[WD Proxy]&amp#27;[39m Got response with status 200: {"sessionId":"b9791e08-e950-455d-abb7-57cd25fcf4fd","value":{"ELEMENT":"ff10957f-7004-4878-bf9a-2a83890f7278","element-6066-11e4-a52e-4f735466cecf":"ff10957f-7004-4878-bf9a-2a83890f7278"}}
[debug] &amp#27;[35m[W3C (5d4d029e)]&amp#27;[39m Responding to client with driver.findElement() result: {"element-6066-11e4-a52e-4f735466cecf":"ff10957f-7004-4878-bf9a-2a83890f7278","ELEMENT":"ff10957f-7004-4878-bf9a-2a83890f7278"}
&amp#27;[35m[HTTP]&amp#27;[39m &amp#27;[37m<-- POST /wd/hub/session/5d4d029e-608c-4025-b328-68d749c43761/element &amp#27;[39m&amp#27;[32m200&amp#27;[39m &amp#27;[90m101 ms - 137&amp#27;[39m
&amp#27;[35m[HTTP]&amp#27;[39m &amp#27;[90m&amp#27;[39m
&amp#27;[35m[HTTP]&amp#27;[39m &amp#27;[37m-->&amp#27;[39m &amp#27;[37mPOST&amp#27;[39m &amp#27;[37m/wd/hub/session/5d4d029e-608c-4025-b328-68d749c43761/element/ff10957f-7004-4878-bf9a-2a83890f7278/click&amp#27;[39m
&amp#27;[35m[HTTP]&amp#27;[39m &amp#27;[90m{"id":"ff10957f-7004-4878-bf9a-2a83890f7278"}&amp#27;[39m
[debug] &amp#27;[35m[W3C (5d4d029e)]&amp#27;[39m Calling AppiumDriver.click() with args: ["ff10957f-7004-4878-bf9a-2a83890f7278","5d4d029e-608c-4025-b328-68d749c43761"]
[debug] &amp#27;[35m[WD Proxy]&amp#27;[39m Matched '/element/ff10957f-7004-4878-bf9a-2a83890f7278/click' to command name 'click'
[debug] &amp#27;[35m[WD Proxy]&amp#27;[39m Proxying [POST /element/ff10957f-7004-4878-bf9a-2a83890f7278/click] to [POST http://127.0.0.1:8200/wd/hub/session/b9791e08-e950-455d-abb7-57cd25fcf4fd/element/ff10957f-7004-4878-bf9a-2a83890f7278/click] with body: {"element":"ff10957f-7004-4878-bf9a-2a83890f7278"}
[debug] &amp#27;[35m[WD Proxy]&amp#27;[39m Got response with status 200: {"sessionId":"b9791e08-e950-455d-abb7-57cd25fcf4fd","value":null}
[debug] &amp#27;[35m[W3C (5d4d029e)]&amp#27;[39m Responding to client with driver.click() result: null
&amp#27;[35m[HTTP]&amp#27;[39m &amp#27;[37m<-- POST /wd/hub/session/5d4d029e-608c-4025-b328-68d749c43761/element/ff10957f-7004-4878-bf9a-2a83890f7278/click &amp#27;[39m&amp#27;[32m200&amp#27;[39m &amp#27;[90m3135 ms - 14&amp#27;[39m
&amp#27;[35m[HTTP]&amp#27;[39m &amp#27;[90m&amp#27;[39m
&amp#27;[35m[HTTP]&amp#27;[39m &amp#27;[37m-->&amp#27;[39m &amp#27;[37mPOST&amp#27;[39m &amp#27;[37m/wd/hub/session/5d4d029e-608c-4025-b328-68d749c43761/element&amp#27;[39m
&amp#27;[35m[HTTP]&amp#27;[39m &amp#27;[90m{"using":"xpath","value":"//*[@text='Get started']"}&amp#27;[39m
[debug] &amp#27;[35m[W3C (5d4d029e)]&amp#27;[39m Calling AppiumDriver.findElement() with args: ["xpath","//*[@text='Get started']","5d4d029e-608c-4025-b328-68d749c43761"]
[debug] &amp#27;[35m[BaseDriver]&amp#27;[39m Valid locator strategies for this request: xpath, id, class name, accessibility id, -android uiautomator
[debug] &amp#27;[35m[BaseDriver]&amp#27;[39m Waiting up to 30000 ms for condition
[debug] &amp#27;[35m[WD Proxy]&amp#27;[39m Matched '/element' to command name 'findElement'
[debug] &amp#27;[35m[WD Proxy]&amp#27;[39m Proxying [POST /element] to [POST http://127.0.0.1:8200/wd/hub/session/b9791e08-e950-455d-abb7-57cd25fcf4fd/element] with body: {"strategy":"xpath","selector":"//*[@text='Get started']","context":"","multiple":false}
[debug] &amp#27;[35m[WD Proxy]&amp#27;[39m Got response with status 200: {"sessionId":"b9791e08-e950-455d-abb7-57cd25fcf4fd","value":{"ELEMENT":"7a963b0c-51de-4041-a346-dff54bc4ac2f","element-6066-11e4-a52e-4f735466cecf":"7a963b0c-51de-4041-a346-dff54bc4ac2f"}}
[debug] &amp#27;[35m[W3C (5d4d029e)]&amp#27;[39m Responding to client with driver.findElement() result: {"element-6066-11e4-a52e-4f735466cecf":"7a963b0c-51de-4041-a346-dff54bc4ac2f","ELEMENT":"7a963b0c-51de-4041-a346-dff54bc4ac2f"}
&amp#27;[35m[HTTP]&amp#27;[39m &amp#27;[37m<-- POST /wd/hub/session/5d4d029e-608c-4025-b328-68d749c43761/element &amp#27;[39m&amp#27;[32m200&amp#27;[39m &amp#27;[90m82 ms - 137&amp#27;[39m
&amp#27;[35m[HTTP]&amp#27;[39m &amp#27;[90m&amp#27;[39m
&amp#27;[35m[HTTP]&amp#27;[39m &amp#27;[37m-->&amp#27;[39m &amp#27;[37mPOST&amp#27;[39m &amp#27;[37m/wd/hub/session/5d4d029e-608c-4025-b328-68d749c43761/element/7a963b0c-51de-4041-a346-dff54bc4ac2f/click&amp#27;[39m
&amp#27;[35m[HTTP]&amp#27;[39m &amp#27;[90m{"id":"7a963b0c-51de-4041-a346-dff54bc4ac2f"}&amp#27;[39m
[debug] &amp#27;[35m[W3C (5d4d029e)]&amp#27;[39m Calling AppiumDriver.click() with args: ["7a963b0c-51de-4041-a346-dff54bc4ac2f","5d4d029e-608c-4025-b328-68d749c43761"]
[debug] &amp#27;[35m[WD Proxy]&amp#27;[39m Matched '/element/7a963b0c-51de-4041-a346-dff54bc4ac2f/click' to command name 'click'
[debug] &amp#27;[35m[WD Proxy]&amp#27;[39m Proxying [POST /element/7a963b0c-51de-4041-a346-dff54bc4ac2f/click] to [POST http://127.0.0.1:8200/wd/hub/session/b9791e08-e950-455d-abb7-57cd25fcf4fd/element/7a963b0c-51de-4041-a346-dff54bc4ac2f/click] with body: {"element":"7a963b0c-51de-4041-a346-dff54bc4ac2f"}
[debug] &amp#27;[35m[WD Proxy]&amp#27;[39m Got response with status 200: {"sessionId":"b9791e08-e950-455d-abb7-57cd25fcf4fd","value":null}
[debug] &amp#27;[35m[W3C (5d4d029e)]&amp#27;[39m Responding to client with driver.click() result: null
&amp#27;[35m[HTTP]&amp#27;[39m &amp#27;[37m<-- POST /wd/hub/session/5d4d029e-608c-4025-b328-68d749c43761/element/7a963b0c-51de-4041-a346-dff54bc4ac2f/click &amp#27;[39m&amp#27;[32m200&amp#27;[39m &amp#27;[90m20 ms - 14&amp#27;[39m
&amp#27;[35m[HTTP]&amp#27;[39m &amp#27;[90m&amp#27;[39m
&amp#27;[35m[HTTP]&amp#27;[39m &amp#27;[37m-->&amp#27;[39m &amp#27;[37mPOST&amp#27;[39m &amp#27;[37m/wd/hub/session/5d4d029e-608c-4025-b328-68d749c43761/element&amp#27;[39m
&amp#27;[35m[HTTP]&amp#27;[39m &amp#27;[90m{"using":"-android uiautomator","value":"new UiScrollable(new UiSelector()).scrollIntoView(text(\"Other\"));"}&amp#27;[39m
[debug] &amp#27;[35m[W3C (5d4d029e)]&amp#27;[39m Calling AppiumDriver.findElement() with args: ["-android uiautomator","new UiScrollable(new UiSelector()).scrollIntoView(text(\"Other\"));","5d4d029e-608c-4025-b328-68d749c43761"]
[debug] &amp#27;[35m[BaseDriver]&amp#27;[39m Valid locator strategies for this request: xpath, id, class name, accessibility id, -android uiautomator
[debug] &amp#27;[35m[BaseDriver]&amp#27;[39m Waiting up to 30000 ms for condition
[debug] &amp#27;[35m[WD Proxy]&amp#27;[39m Matched '/element' to command name 'findElement'
[debug] &amp#27;[35m[WD Proxy]&amp#27;[39m Proxying [POST /element] to [POST http://127.0.0.1:8200/wd/hub/session/b9791e08-e950-455d-abb7-57cd25fcf4fd/element] with body: {"strategy":"-android uiautomator","selector":"new UiScrollable(new UiSelector()).scrollIntoView(text(\"Other\"));","context":"","multiple":false}
[debug] &amp#27;[35m[WD Proxy]&amp#27;[39m Got response with status 200: {"sessionId":"b9791e08-e950-455d-abb7-57cd25fcf4fd","value":{"ELEMENT":"e03864b0-10c7-4758-8adb-a954e7cde96d","element-6066-11e4-a52e-4f735466cecf":"e03864b0-10c7-4758-8adb-a954e7cde96d"}}
[debug] &amp#27;[35m[W3C (5d4d029e)]&amp#27;[39m Responding to client with driver.findElement() result: {"element-6066-11e4-a52e-4f735466cecf":"e03864b0-10c7-4758-8adb-a954e7cde96d","ELEMENT":"e03864b0-10c7-4758-8adb-a954e7cde96d"}
&amp#27;[35m[HTTP]&amp#27;[39m &amp#27;[37m<-- POST /wd/hub/session/5d4d029e-608c-4025-b328-68d749c43761/element &amp#27;[39m&amp#27;[32m200&amp#27;[39m &amp#27;[90m4820 ms - 137&amp#27;[39m
&amp#27;[35m[HTTP]&amp#27;[39m &amp#27;[90m&amp#27;[39m
&amp#27;[35m[HTTP]&amp#27;[39m &amp#27;[37m-->&amp#27;[39m &amp#27;[37mPOST&amp#27;[39m &amp#27;[37m/wd/hub/session/5d4d029e-608c-4025-b328-68d749c43761/element/e03864b0-10c7-4758-8adb-a954e7cde96d/click&amp#27;[39m
&amp#27;[35m[HTTP]&amp#27;[39m &amp#27;[90m{"id":"e03864b0-10c7-4758-8adb-a954e7cde96d"}&amp#27;[39m
[debug] &amp#27;[35m[W3C (5d4d029e)]&amp#27;[39m Calling AppiumDriver.click() with args: ["e03864b0-10c7-4758-8adb-a954e7cde96d","5d4d029e-608c-4025-b328-68d749c43761"]
[debug] &amp#27;[35m[WD Proxy]&amp#27;[39m Matched '/element/e03864b0-10c7-4758-8adb-a954e7cde96d/click' to command name 'click'
[debug] &amp#27;[35m[WD Proxy]&amp#27;[39m Proxying [POST /element/e03864b0-10c7-4758-8adb-a954e7cde96d/click] to [POST http://127.0.0.1:8200/wd/hub/session/b9791e08-e950-455d-abb7-57cd25fcf4fd/element/e03864b0-10c7-4758-8adb-a954e7cde96d/click] with body: {"element":"e03864b0-10c7-4758-8adb-a954e7cde96d"}
[debug] &amp#27;[35m[WD Proxy]&amp#27;[39m Got response with status 200: {"sessionId":"b9791e08-e950-455d-abb7-57cd25fcf4fd","value":null}
[debug] &amp#27;[35m[W3C (5d4d029e)]&amp#27;[39m Responding to client with driver.click() result: null
&amp#27;[35m[HTTP]&amp#27;[39m &amp#27;[37m<-- POST /wd/hub/session/5d4d029e-608c-4025-b328-68d749c43761/element/e03864b0-10c7-4758-8adb-a954e7cde96d/click &amp#27;[39m&amp#27;[32m200&amp#27;[39m &amp#27;[90m1821 ms - 14&amp#27;[39m
&amp#27;[35m[HTTP]&amp#27;[39m &amp#27;[90m&amp#27;[39m
&amp#27;[35m[HTTP]&amp#27;[39m &amp#27;[37m-->&amp#27;[39m &amp#27;[37mPOST&amp#27;[39m &amp#27;[37m/wd/hub/session/5d4d029e-608c-4025-b328-68d749c43761/element&amp#27;[39m
&amp#27;[35m[HTTP]&amp#27;[39m &amp#27;[90m{"using":"-android uiautomator","value":"new UiScrollable(new UiSelector().scrollable(true).instance(0)).scrollIntoView(new UiSelector().textContains(\"Personal finance\").instance(0))"}&amp#27;[39m
[debug] &amp#27;[35m[W3C (5d4d029e)]&amp#27;[39m Calling AppiumDriver.findElement() with args: ["-android uiautomator","new UiScrollable(new UiSelector().scrollable(true).instance(0)).scrollIntoView(new UiSelector().textContains(\"Personal finance\").instance(0))","5d4d029e-608c-4025-b328-68d749c43761"]
[debug] &amp#27;[35m[BaseDriver]&amp#27;[39m Valid locator strategies for this request: xpath, id, class name, accessibility id, -android uiautomator
[debug] &amp#27;[35m[BaseDriver]&amp#27;[39m Waiting up to 30000 ms for condition
[debug] &amp#27;[35m[WD Proxy]&amp#27;[39m Matched '/element' to command name 'findElement'
[debug] &amp#27;[35m[WD Proxy]&amp#27;[39m Proxying [POST /element] to [POST http://127.0.0.1:8200/wd/hub/session/b9791e08-e950-455d-abb7-57cd25fcf4fd/element] with body: {"strategy":"-android uiautomator","selector":"new UiScrollable(new UiSelector().scrollable(true).instance(0)).scrollIntoView(new UiSelector().textContains(\"Personal finance\").instance(0))","context":"","multiple":false}
[debug] &amp#27;[35m[WD Proxy]&amp#27;[39m Got response with status 200: {"sessionId":"b9791e08-e950-455d-abb7-57cd25fcf4fd","value":{"ELEMENT":"5b19ecf0-59ed-4cf5-92e6-3d75a7f29c83","element-6066-11e4-a52e-4f735466cecf":"5b19ecf0-59ed-4cf5-92e6-3d75a7f29c83"}}
[debug] &amp#27;[35m[W3C (5d4d029e)]&amp#27;[39m Responding to client with driver.findElement() result: {"element-6066-11e4-a52e-4f735466cecf":"5b19ecf0-59ed-4cf5-92e6-3d75a7f29c83","ELEMENT":"5b19ecf0-59ed-4cf5-92e6-3d75a7f29c83"}
&amp#27;[35m[HTTP]&amp#27;[39m &amp#27;[37m<-- POST /wd/hub/session/5d4d029e-608c-4025-b328-68d749c43761/element &amp#27;[39m&amp#27;[32m200&amp#27;[39m &amp#27;[90m12642 ms - 137&amp#27;[39m
&amp#27;[35m[HTTP]&amp#27;[39m &amp#27;[90m&amp#27;[39m
&amp#27;[35m[HTTP]&amp#27;[39m &amp#27;[37m-->&amp#27;[39m &amp#27;[37mPOST&amp#27;[39m &amp#27;[37m/wd/hub/session/5d4d029e-608c-4025-b328-68d749c43761/element&amp#27;[39m
&amp#27;[35m[HTTP]&amp#27;[39m &amp#27;[90m{"using":"-android uiautomator","value":"new UiScrollable(new UiSelector()).scrollIntoView(text(\"Personal finance\"));"}&amp#27;[39m
[debug] &amp#27;[35m[W3C (5d4d029e)]&amp#27;[39m Calling AppiumDriver.findElement() with args: ["-android uiautomator","new UiScrollable(new UiSelector()).scrollIntoView(text(\"Personal finance\"));","5d4d029e-608c-4025-b328-68d749c43761"]
[debug] &amp#27;[35m[BaseDriver]&amp#27;[39m Valid locator strategies for this request: xpath, id, class name, accessibility id, -android uiautomator
[debug] &amp#27;[35m[BaseDriver]&amp#27;[39m Waiting up to 30000 ms for condition
[debug] &amp#27;[35m[WD Proxy]&amp#27;[39m Matched '/element' to command name 'findElement'
[debug] &amp#27;[35m[WD Proxy]&amp#27;[39m Proxying [POST /element] to [POST http://127.0.0.1:8200/wd/hub/session/b9791e08-e950-455d-abb7-57cd25fcf4fd/element] with body: {"strategy":"-android uiautomator","selector":"new UiScrollable(new UiSelector()).scrollIntoView(text(\"Personal finance\"));","context":"","multiple":false}
[debug] &amp#27;[35m[WD Proxy]&amp#27;[39m Got response with status 200: {"sessionId":"b9791e08-e950-455d-abb7-57cd25fcf4fd","value":{"ELEMENT":"9f73b380-839c-45ee-aa48-8e4f7437a0ca","element-6066-11e4-a52e-4f735466cecf":"9f73b380-839c-45ee-aa48-8e4f7437a0ca"}}
[debug] &amp#27;[35m[W3C (5d4d029e)]&amp#27;[39m Responding to client with driver.findElement() result: {"element-6066-11e4-a52e-4f735466cecf":"9f73b380-839c-45ee-aa48-8e4f7437a0ca","ELEMENT":"9f73b380-839c-45ee-aa48-8e4f7437a0ca"}
&amp#27;[35m[HTTP]&amp#27;[39m &amp#27;[37m<-- POST /wd/hub/session/5d4d029e-608c-4025-b328-68d749c43761/element &amp#27;[39m&amp#27;[32m200&amp#27;[39m &amp#27;[90m372 ms - 137&amp#27;[39m
&amp#27;[35m[HTTP]&amp#27;[39m &amp#27;[90m&amp#27;[39m
&amp#27;[35m[HTTP]&amp#27;[39m &amp#27;[37m-->&amp#27;[39m &amp#27;[37mPOST&amp#27;[39m &amp#27;[37m/wd/hub/session/5d4d029e-608c-4025-b328-68d749c43761/element/9f73b380-839c-45ee-aa48-8e4f7437a0ca/click&amp#27;[39m
&amp#27;[35m[HTTP]&amp#27;[39m &amp#27;[90m{"id":"9f73b380-839c-45ee-aa48-8e4f7437a0ca"}&amp#27;[39m
[debug] &amp#27;[35m[W3C (5d4d029e)]&amp#27;[39m Calling AppiumDriver.click() with args: ["9f73b380-839c-45ee-aa48-8e4f7437a0ca","5d4d029e-608c-4025-b328-68d749c43761"]
[debug] &amp#27;[35m[WD Proxy]&amp#27;[39m Matched '/element/9f73b380-839c-45ee-aa48-8e4f7437a0ca/click' to command name 'click'
[debug] &amp#27;[35m[WD Proxy]&amp#27;[39m Proxying [POST /element/9f73b380-839c-45ee-aa48-8e4f7437a0ca/click] to [POST http://127.0.0.1:8200/wd/hub/session/b9791e08-e950-455d-abb7-57cd25fcf4fd/element/9f73b380-839c-45ee-aa48-8e4f7437a0ca/click] with body: {"element":"9f73b380-839c-45ee-aa48-8e4f7437a0ca"}
[debug] &amp#27;[35m[WD Proxy]&amp#27;[39m Got response with status 200: {"sessionId":"b9791e08-e950-455d-abb7-57cd25fcf4fd","value":null}
[debug] &amp#27;[35m[W3C (5d4d029e)]&amp#27;[39m Responding to client with driver.click() result: null
&amp#27;[35m[HTTP]&amp#27;[39m &amp#27;[37m<-- POST /wd/hub/session/5d4d029e-608c-4025-b328-68d749c43761/element/9f73b380-839c-45ee-aa48-8e4f7437a0ca/click &amp#27;[39m&amp#27;[32m200&amp#27;[39m &amp#27;[90m800 ms - 14&amp#27;[39m
&amp#27;[35m[HTTP]&amp#27;[39m &amp#27;[90m&amp#27;[39m
&amp#27;[35m[HTTP]&amp#27;[39m &amp#27;[37m-->&amp#27;[39m &amp#27;[37mPOST&amp#27;[39m &amp#27;[37m/wd/hub/session/5d4d029e-608c-4025-b328-68d749c43761/element&amp#27;[39m
&amp#27;[35m[HTTP]&amp#27;[39m &amp#27;[90m{"using":"xpath","value":"//*[@text='Done']"}&amp#27;[39m
[debug] &amp#27;[35m[W3C (5d4d029e)]&amp#27;[39m Calling AppiumDriver.findElement() with args: ["xpath","//*[@text='Done']","5d4d029e-608c-4025-b328-68d749c43761"]
[debug] &amp#27;[35m[BaseDriver]&amp#27;[39m Valid locator strategies for this request: xpath, id, class name, accessibility id, -android uiautomator
[debug] &amp#27;[35m[BaseDriver]&amp#27;[39m Waiting up to 30000 ms for condition
[debug] &amp#27;[35m[WD Proxy]&amp#27;[39m Matched '/element' to command name 'findElement'
[debug] &amp#27;[35m[WD Proxy]&amp#27;[39m Proxying [POST /element] to [POST http://127.0.0.1:8200/wd/hub/session/b9791e08-e950-455d-abb7-57cd25fcf4fd/element] with body: {"strategy":"xpath","selector":"//*[@text='Done']","context":"","multiple":false}
[debug] &amp#27;[35m[WD Proxy]&amp#27;[39m Got response with status 200: {"sessionId":"b9791e08-e950-455d-abb7-57cd25fcf4fd","value":{"ELEMENT":"f27e94fe-3c99-48fb-9c30-ff9628b0bf74","element-6066-11e4-a52e-4f735466cecf":"f27e94fe-3c99-48fb-9c30-ff9628b0bf74"}}
[debug] &amp#27;[35m[W3C (5d4d029e)]&amp#27;[39m Responding to client with driver.findElement() result: {"element-6066-11e4-a52e-4f735466cecf":"f27e94fe-3c99-48fb-9c30-ff9628b0bf74","ELEMENT":"f27e94fe-3c99-48fb-9c30-ff9628b0bf74"}
&amp#27;[35m[HTTP]&amp#27;[39m &amp#27;[37m<-- POST /wd/hub/session/5d4d029e-608c-4025-b328-68d749c43761/element &amp#27;[39m&amp#27;[32m200&amp#27;[39m &amp#27;[90m220 ms - 137&amp#27;[39m
&amp#27;[35m[HTTP]&amp#27;[39m &amp#27;[90m&amp#27;[39m
&amp#27;[35m[HTTP]&amp#27;[39m &amp#27;[37m-->&amp#27;[39m &amp#27;[37mPOST&amp#27;[39m &amp#27;[37m/wd/hub/session/5d4d029e-608c-4025-b328-68d749c43761/element/f27e94fe-3c99-48fb-9c30-ff9628b0bf74/click&amp#27;[39m
&amp#27;[35m[HTTP]&amp#27;[39m &amp#27;[90m{"id":"f27e94fe-3c99-48fb-9c30-ff9628b0bf74"}&amp#27;[39m
[debug] &amp#27;[35m[W3C (5d4d029e)]&amp#27;[39m Calling AppiumDriver.click() with args: ["f27e94fe-3c99-48fb-9c30-ff9628b0bf74","5d4d029e-608c-4025-b328-68d749c43761"]
[debug] &amp#27;[35m[WD Proxy]&amp#27;[39m Matched '/element/f27e94fe-3c99-48fb-9c30-ff9628b0bf74/click' to command name 'click'
[debug] &amp#27;[35m[WD Proxy]&amp#27;[39m Proxying [POST /element/f27e94fe-3c99-48fb-9c30-ff9628b0bf74/click] to [POST http://127.0.0.1:8200/wd/hub/session/b9791e08-e950-455d-abb7-57cd25fcf4fd/element/f27e94fe-3c99-48fb-9c30-ff9628b0bf74/click] with body: {"element":"f27e94fe-3c99-48fb-9c30-ff9628b0bf74"}
[debug] &amp#27;[35m[WD Proxy]&amp#27;[39m Got response with status 200: {"sessionId":"b9791e08-e950-455d-abb7-57cd25fcf4fd","value":null}
[debug] &amp#27;[35m[W3C (5d4d029e)]&amp#27;[39m Responding to client with driver.click() result: null
&amp#27;[35m[HTTP]&amp#27;[39m &amp#27;[37m<-- POST /wd/hub/session/5d4d029e-608c-4025-b328-68d749c43761/element/f27e94fe-3c99-48fb-9c30-ff9628b0bf74/click &amp#27;[39m&amp#27;[32m200&amp#27;[39m &amp#27;[90m14 ms - 14&amp#27;[39m
&amp#27;[35m[HTTP]&amp#27;[39m &amp#27;[90m&amp#27;[39m
Personal finance course added
&amp#27;[35m[HTTP]&amp#27;[39m &amp#27;[37m-->&amp#27;[39m &amp#27;[37mPOST&amp#27;[39m &amp#27;[37m/wd/hub/session/5d4d029e-608c-4025-b328-68d749c43761/element&amp#27;[39m
&amp#27;[35m[HTTP]&amp#27;[39m &amp#27;[90m{"using":"-android uiautomator","value":"new UiScrollable(new UiSelector().scrollable(true).instance(0)).scrollIntoView(new UiSelector().textContains(\"My courses\").instance(0))"}&amp#27;[39m
[debug] &amp#27;[35m[W3C (5d4d029e)]&amp#27;[39m Calling AppiumDriver.findElement() with args: ["-android uiautomator","new UiScrollable(new UiSelector().scrollable(true).instance(0)).scrollIntoView(new UiSelector().textContains(\"My courses\").instance(0))","5d4d029e-608c-4025-b328-68d749c43761"]
[debug] &amp#27;[35m[BaseDriver]&amp#27;[39m Valid locator strategies for this request: xpath, id, class name, accessibility id, -android uiautomator
[debug] &amp#27;[35m[BaseDriver]&amp#27;[39m Waiting up to 30000 ms for condition
[debug] &amp#27;[35m[WD Proxy]&amp#27;[39m Matched '/element' to command name 'findElement'
[debug] &amp#27;[35m[WD Proxy]&amp#27;[39m Proxying [POST /element] to [POST http://127.0.0.1:8200/wd/hub/session/b9791e08-e950-455d-abb7-57cd25fcf4fd/element] with body: {"strategy":"-android uiautomator","selector":"new UiScrollable(new UiSelector().scrollable(true).instance(0)).scrollIntoView(new UiSelector().textContains(\"My courses\").instance(0))","context":"","multiple":false}
[debug] &amp#27;[35m[WD Proxy]&amp#27;[39m Got response with status 200: {"sessionId":"b9791e08-e950-455d-abb7-57cd25fcf4fd","value":{"ELEMENT":"05edfb2f-7b13-48f5-822e-1121cb670a9e","element-6066-11e4-a52e-4f735466cecf":"05edfb2f-7b13-48f5-822e-1121cb670a9e"}}
[debug] &amp#27;[35m[W3C (5d4d029e)]&amp#27;[39m Responding to client with driver.findElement() result: {"element-6066-11e4-a52e-4f735466cecf":"05edfb2f-7b13-48f5-822e-1121cb670a9e","ELEMENT":"05edfb2f-7b13-48f5-822e-1121cb670a9e"}
&amp#27;[35m[HTTP]&amp#27;[39m &amp#27;[37m<-- POST /wd/hub/session/5d4d029e-608c-4025-b328-68d749c43761/element &amp#27;[39m&amp#27;[32m200&amp#27;[39m &amp#27;[90m8345 ms - 137&amp#27;[39m
&amp#27;[35m[HTTP]&amp#27;[39m &amp#27;[90m&amp#27;[39m
&amp#27;[35m[HTTP]&amp#27;[39m &amp#27;[37m-->&amp#27;[39m &amp#27;[37mPOST&amp#27;[39m &amp#27;[37m/wd/hub/session/5d4d029e-608c-4025-b328-68d749c43761/element&amp#27;[39m
&amp#27;[35m[HTTP]&amp#27;[39m &amp#27;[90m{"using":"-android uiautomator","value":"new UiScrollable(new UiSelector()).scrollIntoView(text(\"Personal finance\"));"}&amp#27;[39m
[debug] &amp#27;[35m[W3C (5d4d029e)]&amp#27;[39m Calling AppiumDriver.findElement() with args: ["-android uiautomator","new UiScrollable(new UiSelector()).scrollIntoView(text(\"Personal finance\"));","5d4d029e-608c-4025-b328-68d749c43761"]
[debug] &amp#27;[35m[BaseDriver]&amp#27;[39m Valid locator strategies for this request: xpath, id, class name, accessibility id, -android uiautomator
[debug] &amp#27;[35m[BaseDriver]&amp#27;[39m Waiting up to 30000 ms for condition
[debug] &amp#27;[35m[WD Proxy]&amp#27;[39m Matched '/element' to command name 'findElement'
[debug] &amp#27;[35m[WD Proxy]&amp#27;[39m Proxying [POST /element] to [POST http://127.0.0.1:8200/wd/hub/session/b9791e08-e950-455d-abb7-57cd25fcf4fd/element] with body: {"strategy":"-android uiautomator","selector":"new UiScrollable(new UiSelector()).scrollIntoView(text(\"Personal finance\"));","context":"","multiple":false}
[debug] &amp#27;[35m[WD Proxy]&amp#27;[39m Got response with status 200: {"sessionId":"b9791e08-e950-455d-abb7-57cd25fcf4fd","value":{"ELEMENT":"c02ec560-7743-4f2b-a319-3982cb14c495","element-6066-11e4-a52e-4f735466cecf":"c02ec560-7743-4f2b-a319-3982cb14c495"}}
[debug] &amp#27;[35m[W3C (5d4d029e)]&amp#27;[39m Responding to client with driver.findElement() result: {"element-6066-11e4-a52e-4f735466cecf":"c02ec560-7743-4f2b-a319-3982cb14c495","ELEMENT":"c02ec560-7743-4f2b-a319-3982cb14c495"}
&amp#27;[35m[HTTP]&amp#27;[39m &amp#27;[37m<-- POST /wd/hub/session/5d4d029e-608c-4025-b328-68d749c43761/element &amp#27;[39m&amp#27;[32m200&amp#27;[39m &amp#27;[90m36 ms - 137&amp#27;[39m
&amp#27;[35m[HTTP]&amp#27;[39m &amp#27;[90m&amp#27;[39m
&amp#27;[35m[HTTP]&amp#27;[39m &amp#27;[37m-->&amp#27;[39m &amp#27;[37mPOST&amp#27;[39m &amp#27;[37m/wd/hub/session/5d4d029e-608c-4025-b328-68d749c43761/element&amp#27;[39m
&amp#27;[35m[HTTP]&amp#27;[39m &amp#27;[90m{"using":"-android uiautomator","value":"new UiScrollable(new UiSelector().scrollable(true).instance(0)).scrollIntoView(new UiSelector().textContains(\"Personal finance\").instance(0))"}&amp#27;[39m
[debug] &amp#27;[35m[W3C (5d4d029e)]&amp#27;[39m Calling AppiumDriver.findElement() with args: ["-android uiautomator","new UiScrollable(new UiSelector().scrollable(true).instance(0)).scrollIntoView(new UiSelector().textContains(\"Personal finance\").instance(0))","5d4d029e-608c-4025-b328-68d749c43761"]
[debug] &amp#27;[35m[BaseDriver]&amp#27;[39m Valid locator strategies for this request: xpath, id, class name, accessibility id, -android uiautomator
[debug] &amp#27;[35m[BaseDriver]&amp#27;[39m Waiting up to 30000 ms for condition
[debug] &amp#27;[35m[WD Proxy]&amp#27;[39m Matched '/element' to command name 'findElement'
[debug] &amp#27;[35m[WD Proxy]&amp#27;[39m Proxying [POST /element] to [POST http://127.0.0.1:8200/wd/hub/session/b9791e08-e950-455d-abb7-57cd25fcf4fd/element] with body: {"strategy":"-android uiautomator","selector":"new UiScrollable(new UiSelector().scrollable(true).instance(0)).scrollIntoView(new UiSelector().textContains(\"Personal finance\").instance(0))","context":"","multiple":false}
[debug] &amp#27;[35m[WD Proxy]&amp#27;[39m Got response with status 200: {"sessionId":"b9791e08-e950-455d-abb7-57cd25fcf4fd","value":{"ELEMENT":"b7b79bd2-0d2c-49a9-a143-b5179bc66bc6","element-6066-11e4-a52e-4f735466cecf":"b7b79bd2-0d2c-49a9-a143-b5179bc66bc6"}}
[debug] &amp#27;[35m[W3C (5d4d029e)]&amp#27;[39m Responding to client with driver.findElement() result: {"element-6066-11e4-a52e-4f735466cecf":"b7b79bd2-0d2c-49a9-a143-b5179bc66bc6","ELEMENT":"b7b79bd2-0d2c-49a9-a143-b5179bc66bc6"}
&amp#27;[35m[HTTP]&amp#27;[39m &amp#27;[37m<-- POST /wd/hub/session/5d4d029e-608c-4025-b328-68d749c43761/element &amp#27;[39m&amp#27;[32m200&amp#27;[39m &amp#27;[90m25 ms - 137&amp#27;[39m
&amp#27;[35m[HTTP]&amp#27;[39m &amp#27;[90m&amp#27;[39m
&amp#27;[35m[HTTP]&amp#27;[39m &amp#27;[37m-->&amp#27;[39m &amp#27;[37mPOST&amp#27;[39m &amp#27;[37m/wd/hub/session/5d4d029e-608c-4025-b328-68d749c43761/element/b7b79bd2-0d2c-49a9-a143-b5179bc66bc6/click&amp#27;[39m
&amp#27;[35m[HTTP]&amp#27;[39m &amp#27;[90m{"id":"b7b79bd2-0d2c-49a9-a143-b5179bc66bc6"}&amp#27;[39m
[debug] &amp#27;[35m[W3C (5d4d029e)]&amp#27;[39m Calling AppiumDriver.click() with args: ["b7b79bd2-0d2c-49a9-a143-b5179bc66bc6","5d4d029e-608c-4025-b328-68d749c43761"]
[debug] &amp#27;[35m[WD Proxy]&amp#27;[39m Matched '/element/b7b79bd2-0d2c-49a9-a143-b5179bc66bc6/click' to command name 'click'
[debug] &amp#27;[35m[WD Proxy]&amp#27;[39m Proxying [POST /element/b7b79bd2-0d2c-49a9-a143-b5179bc66bc6/click] to [POST http://127.0.0.1:8200/wd/hub/session/b9791e08-e950-455d-abb7-57cd25fcf4fd/element/b7b79bd2-0d2c-49a9-a143-b5179bc66bc6/click] with body: {"element":"b7b79bd2-0d2c-49a9-a143-b5179bc66bc6"}
[debug] &amp#27;[35m[WD Proxy]&amp#27;[39m Got response with status 200: {"sessionId":"b9791e08-e950-455d-abb7-57cd25fcf4fd","value":null}
[debug] &amp#27;[35m[W3C (5d4d029e)]&amp#27;[39m Responding to client with driver.click() result: null
&amp#27;[35m[HTTP]&amp#27;[39m &amp#27;[37m<-- POST /wd/hub/session/5d4d029e-608c-4025-b328-68d749c43761/element/b7b79bd2-0d2c-49a9-a143-b5179bc66bc6/click &amp#27;[39m&amp#27;[32m200&amp#27;[39m &amp#27;[90m3027 ms - 14&amp#27;[39m
&amp#27;[35m[HTTP]&amp#27;[39m &amp#27;[90m&amp#27;[39m
&amp#27;[35m[HTTP]&amp#27;[39m &amp#27;[37m-->&amp#27;[39m &amp#27;[37mPOST&amp#27;[39m &amp#27;[37m/wd/hub/session/5d4d029e-608c-4025-b328-68d749c43761/element&amp#27;[39m
&amp#27;[35m[HTTP]&amp#27;[39m &amp#27;[90m{"using":"-android uiautomator","value":"new UiScrollable(new UiSelector().scrollable(true).instance(0)).scrollIntoView(new UiSelector().textContains(\"Housing\").instance(0))"}&amp#27;[39m
[debug] &amp#27;[35m[W3C (5d4d029e)]&amp#27;[39m Calling AppiumDriver.findElement() with args: ["-android uiautomator","new UiScrollable(new UiSelector().scrollable(true).instance(0)).scrollIntoView(new UiSelector().textContains(\"Housing\").instance(0))","5d4d029e-608c-4025-b328-68d749c43761"]
[debug] &amp#27;[35m[BaseDriver]&amp#27;[39m Valid locator strategies for this request: xpath, id, class name, accessibility id, -android uiautomator
[debug] &amp#27;[35m[BaseDriver]&amp#27;[39m Waiting up to 30000 ms for condition
[debug] &amp#27;[35m[WD Proxy]&amp#27;[39m Matched '/element' to command name 'findElement'
[debug] &amp#27;[35m[WD Proxy]&amp#27;[39m Proxying [POST /element] to [POST http://127.0.0.1:8200/wd/hub/session/b9791e08-e950-455d-abb7-57cd25fcf4fd/element] with body: {"strategy":"-android uiautomator","selector":"new UiScrollable(new UiSelector().scrollable(true).instance(0)).scrollIntoView(new UiSelector().textContains(\"Housing\").instance(0))","context":"","multiple":false}
[debug] &amp#27;[35m[WD Proxy]&amp#27;[39m Got response with status 200: {"sessionId":"b9791e08-e950-455d-abb7-57cd25fcf4fd","value":{"ELEMENT":"a097f164-2ea1-4610-8d5f-0731235afde5","element-6066-11e4-a52e-4f735466cecf":"a097f164-2ea1-4610-8d5f-0731235afde5"}}
[debug] &amp#27;[35m[W3C (5d4d029e)]&amp#27;[39m Responding to client with driver.findElement() result: {"element-6066-11e4-a52e-4f735466cecf":"a097f164-2ea1-4610-8d5f-0731235afde5","ELEMENT":"a097f164-2ea1-4610-8d5f-0731235afde5"}
&amp#27;[35m[HTTP]&amp#27;[39m &amp#27;[37m<-- POST /wd/hub/session/5d4d029e-608c-4025-b328-68d749c43761/element &amp#27;[39m&amp#27;[32m200&amp#27;[39m &amp#27;[90m3021 ms - 137&amp#27;[39m
&amp#27;[35m[HTTP]&amp#27;[39m &amp#27;[90m&amp#27;[39m
&amp#27;[35m[HTTP]&amp#27;[39m &amp#27;[37m-->&amp#27;[39m &amp#27;[37mPOST&amp#27;[39m &amp#27;[37m/wd/hub/session/5d4d029e-608c-4025-b328-68d749c43761/element/a097f164-2ea1-4610-8d5f-0731235afde5/click&amp#27;[39m
&amp#27;[35m[HTTP]&amp#27;[39m &amp#27;[90m{"id":"a097f164-2ea1-4610-8d5f-0731235afde5"}&amp#27;[39m
[debug] &amp#27;[35m[W3C (5d4d029e)]&amp#27;[39m Calling AppiumDriver.click() with args: ["a097f164-2ea1-4610-8d5f-0731235afde5","5d4d029e-608c-4025-b328-68d749c43761"]
[debug] &amp#27;[35m[WD Proxy]&amp#27;[39m Matched '/element/a097f164-2ea1-4610-8d5f-0731235afde5/click' to command name 'click'
[debug] &amp#27;[35m[WD Proxy]&amp#27;[39m Proxying [POST /element/a097f164-2ea1-4610-8d5f-0731235afde5/click] to [POST http://127.0.0.1:8200/wd/hub/session/b9791e08-e950-455d-abb7-57cd25fcf4fd/element/a097f164-2ea1-4610-8d5f-0731235afde5/click] with body: {"element":"a097f164-2ea1-4610-8d5f-0731235afde5"}
[debug] &amp#27;[35m[WD Proxy]&amp#27;[39m Got response with status 200: {"sessionId":"b9791e08-e950-455d-abb7-57cd25fcf4fd","value":null}
[debug] &amp#27;[35m[W3C (5d4d029e)]&amp#27;[39m Responding to client with driver.click() result: null
&amp#27;[35m[HTTP]&amp#27;[39m &amp#27;[37m<-- POST /wd/hub/session/5d4d029e-608c-4025-b328-68d749c43761/element/a097f164-2ea1-4610-8d5f-0731235afde5/click &amp#27;[39m&amp#27;[32m200&amp#27;[39m &amp#27;[90m1145 ms - 14&amp#27;[39m
&amp#27;[35m[HTTP]&amp#27;[39m &amp#27;[90m&amp#27;[39m
&amp#27;[35m[HTTP]&amp#27;[39m &amp#27;[37m-->&amp#27;[39m &amp#27;[37mPOST&amp#27;[39m &amp#27;[37m/wd/hub/session/5d4d029e-608c-4025-b328-68d749c43761/element&amp#27;[39m
&amp#27;[35m[HTTP]&amp#27;[39m &amp#27;[90m{"using":"-android uiautomator","value":"new UiScrollable(new UiSelector().scrollable(true).instance(0)).scrollIntoView(new UiSelector().textContains(\"Titles and deeds in real estate\").instance(0))"}&amp#27;[39m
[debug] &amp#27;[35m[W3C (5d4d029e)]&amp#27;[39m Calling AppiumDriver.findElement() with args: ["-android uiautomator","new UiScrollable(new UiSelector().scrollable(true).instance(0)).scrollIntoView(new UiSelector().textContains(\"Titles and deeds in real estate\").instance(0))","5d4d029e-608c-4025-b328-68d749c43761"]
[debug] &amp#27;[35m[BaseDriver]&amp#27;[39m Valid locator strategies for this request: xpath, id, class name, accessibility id, -android uiautomator
[debug] &amp#27;[35m[BaseDriver]&amp#27;[39m Waiting up to 30000 ms for condition
[debug] &amp#27;[35m[WD Proxy]&amp#27;[39m Matched '/element' to command name 'findElement'
[debug] &amp#27;[35m[WD Proxy]&amp#27;[39m Proxying [POST /element] to [POST http://127.0.0.1:8200/wd/hub/session/b9791e08-e950-455d-abb7-57cd25fcf4fd/element] with body: {"strategy":"-android uiautomator","selector":"new UiScrollable(new UiSelector().scrollable(true).instance(0)).scrollIntoView(new UiSelector().textContains(\"Titles and deeds in real estate\").instance(0))","context":"","multiple":false}
[debug] &amp#27;[35m[WD Proxy]&amp#27;[39m Got response with status 200: {"sessionId":"b9791e08-e950-455d-abb7-57cd25fcf4fd","value":{"ELEMENT":"cd10cf69-bf60-4b08-910c-52ef5271c833","element-6066-11e4-a52e-4f735466cecf":"cd10cf69-bf60-4b08-910c-52ef5271c833"}}
[debug] &amp#27;[35m[W3C (5d4d029e)]&amp#27;[39m Responding to client with driver.findElement() result: {"element-6066-11e4-a52e-4f735466cecf":"cd10cf69-bf60-4b08-910c-52ef5271c833","ELEMENT":"cd10cf69-bf60-4b08-910c-52ef5271c833"}
&amp#27;[35m[HTTP]&amp#27;[39m &amp#27;[37m<-- POST /wd/hub/session/5d4d029e-608c-4025-b328-68d749c43761/element &amp#27;[39m&amp#27;[32m200&amp#27;[39m &amp#27;[90m2903 ms - 137&amp#27;[39m
&amp#27;[35m[HTTP]&amp#27;[39m &amp#27;[90m&amp#27;[39m
&amp#27;[35m[HTTP]&amp#27;[39m &amp#27;[37m-->&amp#27;[39m &amp#27;[37mPOST&amp#27;[39m &amp#27;[37m/wd/hub/session/5d4d029e-608c-4025-b328-68d749c43761/element/cd10cf69-bf60-4b08-910c-52ef5271c833/click&amp#27;[39m
&amp#27;[35m[HTTP]&amp#27;[39m &amp#27;[90m{"id":"cd10cf69-bf60-4b08-910c-52ef5271c833"}&amp#27;[39m
[debug] &amp#27;[35m[W3C (5d4d029e)]&amp#27;[39m Calling AppiumDriver.click() with args: ["cd10cf69-bf60-4b08-910c-52ef5271c833","5d4d029e-608c-4025-b328-68d749c43761"]
[debug] &amp#27;[35m[WD Proxy]&amp#27;[39m Matched '/element/cd10cf69-bf60-4b08-910c-52ef5271c833/click' to command name 'click'
[debug] &amp#27;[35m[WD Proxy]&amp#27;[39m Proxying [POST /element/cd10cf69-bf60-4b08-910c-52ef5271c833/click] to [POST http://127.0.0.1:8200/wd/hub/session/b9791e08-e950-455d-abb7-57cd25fcf4fd/element/cd10cf69-bf60-4b08-910c-52ef5271c833/click] with body: {"element":"cd10cf69-bf60-4b08-910c-52ef5271c833"}
&amp#27;[35m[Logcat]&amp#27;[39m Logcat terminated with code 1, signal null
[debug] &amp#27;[35m[WD Proxy]&amp#27;[39m Got response with status 200: {"sessionId":"b9791e08-e950-455d-abb7-57cd25fcf4fd","value":null}
[debug] &amp#27;[35m[W3C (5d4d029e)]&amp#27;[39m Responding to client with driver.click() result: null
&amp#27;[35m[HTTP]&amp#27;[39m &amp#27;[37m<-- POST /wd/hub/session/5d4d029e-608c-4025-b328-68d749c43761/element/cd10cf69-bf60-4b08-910c-52ef5271c833/click &amp#27;[39m&amp#27;[32m200&amp#27;[39m &amp#27;[90m10282 ms - 14&amp#27;[39m
&amp#27;[35m[HTTP]&amp#27;[39m &amp#27;[90m&amp#27;[39m
View "Titles and deeds in real estate" vedio class
&amp#27;[35m[HTTP]&amp#27;[39m &amp#27;[37m-->&amp#27;[39m &amp#27;[37mPOST&amp#27;[39m &amp#27;[37m/wd/hub/session/5d4d029e-608c-4025-b328-68d749c43761/element&amp#27;[39m
&amp#27;[35m[HTTP]&amp#27;[39m &amp#27;[90m{"using":"-android uiautomator","value":"new UiScrollable(new UiSelector().scrollable(true).instance(0)).scrollIntoView(new UiSelector().textContains(\"Making an offer on a home\").instance(0))"}&amp#27;[39m
[debug] &amp#27;[35m[W3C (5d4d029e)]&amp#27;[39m Calling AppiumDriver.findElement() with args: ["-android uiautomator","new UiScrollable(new UiSelector().scrollable(true).instance(0)).scrollIntoView(new UiSelector().textContains(\"Making an offer on a home\").instance(0))","5d4d029e-608c-4025-b328-68d749c43761"]
[debug] &amp#27;[35m[BaseDriver]&amp#27;[39m Valid locator strategies for this request: xpath, id, class name, accessibility id, -android uiautomator
[debug] &amp#27;[35m[BaseDriver]&amp#27;[39m Waiting up to 30000 ms for condition
[debug] &amp#27;[35m[WD Proxy]&amp#27;[39m Matched '/element' to command name 'findElement'
[debug] &amp#27;[35m[WD Proxy]&amp#27;[39m Proxying [POST /element] to [POST http://127.0.0.1:8200/wd/hub/session/b9791e08-e950-455d-abb7-57cd25fcf4fd/element] with body: {"strategy":"-android uiautomator","selector":"new UiScrollable(new UiSelector().scrollable(true).instance(0)).scrollIntoView(new UiSelector().textContains(\"Making an offer on a home\").instance(0))","context":"","multiple":false}
[debug] &amp#27;[35m[WD Proxy]&amp#27;[39m Got response with status 200: {"sessionId":"b9791e08-e950-455d-abb7-57cd25fcf4fd","value":{"ELEMENT":"ca88cc1d-4cf5-4819-bd3d-2e0b0afd7304","element-6066-11e4-a52e-4f735466cecf":"ca88cc1d-4cf5-4819-bd3d-2e0b0afd7304"}}
[debug] &amp#27;[35m[W3C (5d4d029e)]&amp#27;[39m Responding to client with driver.findElement() result: {"element-6066-11e4-a52e-4f735466cecf":"ca88cc1d-4cf5-4819-bd3d-2e0b0afd7304","ELEMENT":"ca88cc1d-4cf5-4819-bd3d-2e0b0afd7304"}
&amp#27;[35m[HTTP]&amp#27;[39m &amp#27;[37m<-- POST /wd/hub/session/5d4d029e-608c-4025-b328-68d749c43761/element &amp#27;[39m&amp#27;[32m200&amp#27;[39m &amp#27;[90m30632 ms - 137&amp#27;[39m
&amp#27;[35m[HTTP]&amp#27;[39m &amp#27;[90m&amp#27;[39m
&amp#27;[35m[HTTP]&amp#27;[39m &amp#27;[37m-->&amp#27;[39m &amp#27;[37mPOST&amp#27;[39m &amp#27;[37m/wd/hub/session/5d4d029e-608c-4025-b328-68d749c43761/element/ca88cc1d-4cf5-4819-bd3d-2e0b0afd7304/click&amp#27;[39m
&amp#27;[35m[HTTP]&amp#27;[39m &amp#27;[90m{"id":"ca88cc1d-4cf5-4819-bd3d-2e0b0afd7304"}&amp#27;[39m
[debug] &amp#27;[35m[W3C (5d4d029e)]&amp#27;[39m Calling AppiumDriver.click() with args: ["ca88cc1d-4cf5-4819-bd3d-2e0b0afd7304","5d4d029e-608c-4025-b328-68d749c43761"]
[debug] &amp#27;[35m[WD Proxy]&amp#27;[39m Matched '/element/ca88cc1d-4cf5-4819-bd3d-2e0b0afd7304/click' to command name 'click'
[debug] &amp#27;[35m[WD Proxy]&amp#27;[39m Proxying [POST /element/ca88cc1d-4cf5-4819-bd3d-2e0b0afd7304/click] to [POST http://127.0.0.1:8200/wd/hub/session/b9791e08-e950-455d-abb7-57cd25fcf4fd/element/ca88cc1d-4cf5-4819-bd3d-2e0b0afd7304/click] with body: {"element":"ca88cc1d-4cf5-4819-bd3d-2e0b0afd7304"}
[debug] &amp#27;[35m[WD Proxy]&amp#27;[39m Got response with status 200: {"sessionId":"b9791e08-e950-455d-abb7-57cd25fcf4fd","value":null}
[debug] &amp#27;[35m[W3C (5d4d029e)]&amp#27;[39m Responding to client with driver.click() result: null
&amp#27;[35m[HTTP]&amp#27;[39m &amp#27;[37m<-- POST /wd/hub/session/5d4d029e-608c-4025-b328-68d749c43761/element/ca88cc1d-4cf5-4819-bd3d-2e0b0afd7304/click &amp#27;[39m&amp#27;[32m200&amp#27;[39m &amp#27;[90m30583 ms - 14&amp#27;[39m
&amp#27;[35m[HTTP]&amp#27;[39m &amp#27;[90m&amp#27;[39m
Switch and view "Making an offer on a home" vedio class
&amp#27;[35m[HTTP]&amp#27;[39m &amp#27;[37m-->&amp#27;[39m &amp#27;[37mPOST&amp#27;[39m &amp#27;[37m/wd/hub/session/5d4d029e-608c-4025-b328-68d749c43761/element&amp#27;[39m
&amp#27;[35m[HTTP]&amp#27;[39m &amp#27;[90m{"using":"class name","value":"android.view.View"}&amp#27;[39m
[debug] &amp#27;[35m[W3C (5d4d029e)]&amp#27;[39m Calling AppiumDriver.findElement() with args: ["class name","android.view.View","5d4d029e-608c-4025-b328-68d749c43761"]
[debug] &amp#27;[35m[BaseDriver]&amp#27;[39m Valid locator strategies for this request: xpath, id, class name, accessibility id, -android uiautomator
[debug] &amp#27;[35m[BaseDriver]&amp#27;[39m Waiting up to 30000 ms for condition
[debug] &amp#27;[35m[WD Proxy]&amp#27;[39m Matched '/element' to command name 'findElement'
[debug] &amp#27;[35m[WD Proxy]&amp#27;[39m Proxying [POST /element] to [POST http://127.0.0.1:8200/wd/hub/session/b9791e08-e950-455d-abb7-57cd25fcf4fd/element] with body: {"strategy":"class name","selector":"android.view.View","context":"","multiple":false}
[debug] &amp#27;[35m[WD Proxy]&amp#27;[39m Got response with status 200: {"sessionId":"b9791e08-e950-455d-abb7-57cd25fcf4fd","value":{"ELEMENT":"46dc62cc-7365-42c8-a484-918235af7f13","element-6066-11e4-a52e-4f735466cecf":"46dc62cc-7365-42c8-a484-918235af7f13"}}
[debug] &amp#27;[35m[W3C (5d4d029e)]&amp#27;[39m Responding to client with driver.findElement() result: {"element-6066-11e4-a52e-4f735466cecf":"46dc62cc-7365-42c8-a484-918235af7f13","ELEMENT":"46dc62cc-7365-42c8-a484-918235af7f13"}
&amp#27;[35m[HTTP]&amp#27;[39m &amp#27;[37m<-- POST /wd/hub/session/5d4d029e-608c-4025-b328-68d749c43761/element &amp#27;[39m&amp#27;[32m200&amp#27;[39m &amp#27;[90m10181 ms - 137&amp#27;[39m
&amp#27;[35m[HTTP]&amp#27;[39m &amp#27;[90m&amp#27;[39m
&amp#27;[35m[HTTP]&amp#27;[39m &amp#27;[37m-->&amp#27;[39m &amp#27;[37mPOST&amp#27;[39m &amp#27;[37m/wd/hub/session/5d4d029e-608c-4025-b328-68d749c43761/touch/perform&amp#27;[39m
&amp#27;[35m[HTTP]&amp#27;[39m &amp#27;[90m{"actions":[{"action":"tap","options":{"element":"46dc62cc-7365-42c8-a484-918235af7f13"}}]}&amp#27;[39m
[debug] &amp#27;[35m[W3C (5d4d029e)]&amp#27;[39m Calling AppiumDriver.performTouch() with args: [[{"action":"tap","options":{"element":"46dc62cc-7365-42c8-a484-918235af7f13"}}],"5d4d029e-608c-4025-b328-68d749c43761"]
&amp#27;[35m[UiAutomator2]&amp#27;[39m calling get location: 46dc62cc-7365-42c8-a484-918235af7f13
[debug] &amp#27;[35m[WD Proxy]&amp#27;[39m Matched '/element/46dc62cc-7365-42c8-a484-918235af7f13/location' to command name 'getLocation'
[debug] &amp#27;[35m[WD Proxy]&amp#27;[39m Proxying [GET /element/46dc62cc-7365-42c8-a484-918235af7f13/location] to [GET http://127.0.0.1:8200/wd/hub/session/b9791e08-e950-455d-abb7-57cd25fcf4fd/element/46dc62cc-7365-42c8-a484-918235af7f13/location] with body: {}
[debug] &amp#27;[35m[WD Proxy]&amp#27;[39m Got response with status 200: {"sessionId":"b9791e08-e950-455d-abb7-57cd25fcf4fd","value":{"x":0,"y":66}}
[debug] &amp#27;[35m[WD Proxy]&amp#27;[39m Matched '/element/46dc62cc-7365-42c8-a484-918235af7f13/size' to command name 'getSize'
[debug] &amp#27;[35m[WD Proxy]&amp#27;[39m Proxying [GET /element/46dc62cc-7365-42c8-a484-918235af7f13/size] to [GET http://127.0.0.1:8200/wd/hub/session/b9791e08-e950-455d-abb7-57cd25fcf4fd/element/46dc62cc-7365-42c8-a484-918235af7f13/size] with body: {}
[debug] &amp#27;[35m[WD Proxy]&amp#27;[39m Got response with status 200: {"sessionId":"b9791e08-e950-455d-abb7-57cd25fcf4fd","value":{"width":1080,"height":608}}
[debug] &amp#27;[35m[WD Proxy]&amp#27;[39m Matched '/element/46dc62cc-7365-42c8-a484-918235af7f13/click' to command name 'click'
[debug] &amp#27;[35m[WD Proxy]&amp#27;[39m Proxying [POST /element/46dc62cc-7365-42c8-a484-918235af7f13/click] to [POST http://127.0.0.1:8200/wd/hub/session/b9791e08-e950-455d-abb7-57cd25fcf4fd/element/46dc62cc-7365-42c8-a484-918235af7f13/click] with body: {"element":"46dc62cc-7365-42c8-a484-918235af7f13","x":540,"y":370}
[debug] &amp#27;[35m[WD Proxy]&amp#27;[39m Got response with status 200: {"sessionId":"b9791e08-e950-455d-abb7-57cd25fcf4fd","value":null}
[debug] &amp#27;[35m[W3C (5d4d029e)]&amp#27;[39m Responding to client with driver.performTouch() result: null
&amp#27;[35m[HTTP]&amp#27;[39m &amp#27;[37m<-- POST /wd/hub/session/5d4d029e-608c-4025-b328-68d749c43761/touch/perform &amp#27;[39m&amp#27;[32m200&amp#27;[39m &amp#27;[90m70616 ms - 14&amp#27;[39m
&amp#27;[35m[HTTP]&amp#27;[39m &amp#27;[90m&amp#27;[39m
&amp#27;[35m[HTTP]&amp#27;[39m &amp#27;[37m-->&amp#27;[39m &amp#27;[37mPOST&amp#27;[39m &amp#27;[37m/wd/hub/session/5d4d029e-608c-4025-b328-68d749c43761/back&amp#27;[39m
&amp#27;[35m[HTTP]&amp#27;[39m &amp#27;[90m{}&amp#27;[39m
&amp#27;[35m[W3C (5d4d029e)]&amp#27;[39m Driver proxy active, passing request on via HTTP proxy
[debug] &amp#27;[35m[WD Proxy]&amp#27;[39m Matched '/wd/hub/session/5d4d029e-608c-4025-b328-68d749c43761/back' to command name 'back'
[debug] &amp#27;[35m[WD Proxy]&amp#27;[39m Proxying [POST /wd/hub/session/5d4d029e-608c-4025-b328-68d749c43761/back] to [POST http://127.0.0.1:8200/wd/hub/session/b9791e08-e950-455d-abb7-57cd25fcf4fd/back] with body: {}
[debug] &amp#27;[35m[WD Proxy]&amp#27;[39m Got response with status 200: {"sessionId":"b9791e08-e950-455d-abb7-57cd25fcf4fd","value":null}
&amp#27;[35m[WD Proxy]&amp#27;[39m Replacing sessionId b9791e08-e950-455d-abb7-57cd25fcf4fd with 5d4d029e-608c-4025-b328-68d749c43761
&amp#27;[35m[HTTP]&amp#27;[39m &amp#27;[37m<-- POST /wd/hub/session/5d4d029e-608c-4025-b328-68d749c43761/back &amp#27;[39m&amp#27;[32m200&amp#27;[39m &amp#27;[90m10222 ms - 65&amp#27;[39m
&amp#27;[35m[HTTP]&amp#27;[39m &amp#27;[90m&amp#27;[39m
&amp#27;[35m[HTTP]&amp#27;[39m &amp#27;[37m-->&amp#27;[39m &amp#27;[37mPOST&amp#27;[39m &amp#27;[37m/wd/hub/session/5d4d029e-608c-4025-b328-68d749c43761/element&amp#27;[39m
&amp#27;[35m[HTTP]&amp#27;[39m &amp#27;[90m{"using":"xpath","value":"//*[@content-desc='Back']"}&amp#27;[39m
[debug] &amp#27;[35m[W3C (5d4d029e)]&amp#27;[39m Calling AppiumDriver.findElement() with args: ["xpath","//*[@content-desc='Back']","5d4d029e-608c-4025-b328-68d749c43761"]
[debug] &amp#27;[35m[BaseDriver]&amp#27;[39m Valid locator strategies for this request: xpath, id, class name, accessibility id, -android uiautomator
[debug] &amp#27;[35m[BaseDriver]&amp#27;[39m Waiting up to 30000 ms for condition
[debug] &amp#27;[35m[WD Proxy]&amp#27;[39m Matched '/element' to command name 'findElement'
[debug] &amp#27;[35m[WD Proxy]&amp#27;[39m Proxying [POST /element] to [POST http://127.0.0.1:8200/wd/hub/session/b9791e08-e950-455d-abb7-57cd25fcf4fd/element] with body: {"strategy":"xpath","selector":"//*[@content-desc='Back']","context":"","multiple":false}
[debug] &amp#27;[35m[WD Proxy]&amp#27;[39m Got response with status 200: {"sessionId":"b9791e08-e950-455d-abb7-57cd25fcf4fd","value":{"ELEMENT":"caa30c61-721e-4691-a513-e4278d031ce6","element-6066-11e4-a52e-4f735466cecf":"caa30c61-721e-4691-a513-e4278d031ce6"}}
[debug] &amp#27;[35m[W3C (5d4d029e)]&amp#27;[39m Responding to client with driver.findElement() result: {"element-6066-11e4-a52e-4f735466cecf":"caa30c61-721e-4691-a513-e4278d031ce6","ELEMENT":"caa30c61-721e-4691-a513-e4278d031ce6"}
&amp#27;[35m[HTTP]&amp#27;[39m &amp#27;[37m<-- POST /wd/hub/session/5d4d029e-608c-4025-b328-68d749c43761/element &amp#27;[39m&amp#27;[32m200&amp#27;[39m &amp#27;[90m743 ms - 137&amp#27;[39m
&amp#27;[35m[HTTP]&amp#27;[39m &amp#27;[90m&amp#27;[39m
&amp#27;[35m[HTTP]&amp#27;[39m &amp#27;[37m-->&amp#27;[39m &amp#27;[37mPOST&amp#27;[39m &amp#27;[37m/wd/hub/session/5d4d029e-608c-4025-b328-68d749c43761/element/caa30c61-721e-4691-a513-e4278d031ce6/click&amp#27;[39m
&amp#27;[35m[HTTP]&amp#27;[39m &amp#27;[90m{"id":"caa30c61-721e-4691-a513-e4278d031ce6"}&amp#27;[39m
[debug] &amp#27;[35m[W3C (5d4d029e)]&amp#27;[39m Calling AppiumDriver.click() with args: ["caa30c61-721e-4691-a513-e4278d031ce6","5d4d029e-608c-4025-b328-68d749c43761"]
[debug] &amp#27;[35m[WD Proxy]&amp#27;[39m Matched '/element/caa30c61-721e-4691-a513-e4278d031ce6/click' to command name 'click'
[debug] &amp#27;[35m[WD Proxy]&amp#27;[39m Proxying [POST /element/caa30c61-721e-4691-a513-e4278d031ce6/click] to [POST http://127.0.0.1:8200/wd/hub/session/b9791e08-e950-455d-abb7-57cd25fcf4fd/element/caa30c61-721e-4691-a513-e4278d031ce6/click] with body: {"element":"caa30c61-721e-4691-a513-e4278d031ce6"}
[debug] &amp#27;[35m[WD Proxy]&amp#27;[39m Got response with status 200: {"sessionId":"b9791e08-e950-455d-abb7-57cd25fcf4fd","value":null}
[debug] &amp#27;[35m[W3C (5d4d029e)]&amp#27;[39m Responding to client with driver.click() result: null
&amp#27;[35m[HTTP]&amp#27;[39m &amp#27;[37m<-- POST /wd/hub/session/5d4d029e-608c-4025-b328-68d749c43761/element/caa30c61-721e-4691-a513-e4278d031ce6/click &amp#27;[39m&amp#27;[32m200&amp#27;[39m &amp#27;[90m14 ms - 14&amp#27;[39m
&amp#27;[35m[HTTP]&amp#27;[39m &amp#27;[90m&amp#27;[39m
&amp#27;[35m[HTTP]&amp#27;[39m &amp#27;[37m-->&amp#27;[39m &amp#27;[37mPOST&amp#27;[39m &amp#27;[37m/wd/hub/session/5d4d029e-608c-4025-b328-68d749c43761/element&amp#27;[39m
&amp#27;[35m[HTTP]&amp#27;[39m &amp#27;[90m{"using":"xpath","value":"//*[@content-desc='Back']"}&amp#27;[39m
[debug] &amp#27;[35m[W3C (5d4d029e)]&amp#27;[39m Calling AppiumDriver.findElement() with args: ["xpath","//*[@content-desc='Back']","5d4d029e-608c-4025-b328-68d749c43761"]
[debug] &amp#27;[35m[BaseDriver]&amp#27;[39m Valid locator strategies for this request: xpath, id, class name, accessibility id, -android uiautomator
[debug] &amp#27;[35m[BaseDriver]&amp#27;[39m Waiting up to 30000 ms for condition
[debug] &amp#27;[35m[WD Proxy]&amp#27;[39m Matched '/element' to command name 'findElement'
[debug] &amp#27;[35m[WD Proxy]&amp#27;[39m Proxying [POST /element] to [POST http://127.0.0.1:8200/wd/hub/session/b9791e08-e950-455d-abb7-57cd25fcf4fd/element] with body: {"strategy":"xpath","selector":"//*[@content-desc='Back']","context":"","multiple":false}
[debug] &amp#27;[35m[WD Proxy]&amp#27;[39m Got response with status 200: {"sessionId":"b9791e08-e950-455d-abb7-57cd25fcf4fd","value":{"ELEMENT":"fb462b61-cf89-4995-99d9-2ab12364e49c","element-6066-11e4-a52e-4f735466cecf":"fb462b61-cf89-4995-99d9-2ab12364e49c"}}
[debug] &amp#27;[35m[W3C (5d4d029e)]&amp#27;[39m Responding to client with driver.findElement() result: {"element-6066-11e4-a52e-4f735466cecf":"fb462b61-cf89-4995-99d9-2ab12364e49c","ELEMENT":"fb462b61-cf89-4995-99d9-2ab12364e49c"}
&amp#27;[35m[HTTP]&amp#27;[39m &amp#27;[37m<-- POST /wd/hub/session/5d4d029e-608c-4025-b328-68d749c43761/element &amp#27;[39m&amp#27;[32m200&amp#27;[39m &amp#27;[90m240 ms - 137&amp#27;[39m
&amp#27;[35m[HTTP]&amp#27;[39m &amp#27;[90m&amp#27;[39m
&amp#27;[35m[HTTP]&amp#27;[39m &amp#27;[37m-->&amp#27;[39m &amp#27;[37mPOST&amp#27;[39m &amp#27;[37m/wd/hub/session/5d4d029e-608c-4025-b328-68d749c43761/element/fb462b61-cf89-4995-99d9-2ab12364e49c/click&amp#27;[39m
&amp#27;[35m[HTTP]&amp#27;[39m &amp#27;[90m{"id":"fb462b61-cf89-4995-99d9-2ab12364e49c"}&amp#27;[39m
[debug] &amp#27;[35m[W3C (5d4d029e)]&amp#27;[39m Calling AppiumDriver.click() with args: ["fb462b61-cf89-4995-99d9-2ab12364e49c","5d4d029e-608c-4025-b328-68d749c43761"]
[debug] &amp#27;[35m[WD Proxy]&amp#27;[39m Matched '/element/fb462b61-cf89-4995-99d9-2ab12364e49c/click' to command name 'click'
[debug] &amp#27;[35m[WD Proxy]&amp#27;[39m Proxying [POST /element/fb462b61-cf89-4995-99d9-2ab12364e49c/click] to [POST http://127.0.0.1:8200/wd/hub/session/b9791e08-e950-455d-abb7-57cd25fcf4fd/element/fb462b61-cf89-4995-99d9-2ab12364e49c/click] with body: {"element":"fb462b61-cf89-4995-99d9-2ab12364e49c"}
[debug] &amp#27;[35m[WD Proxy]&amp#27;[39m Got response with status 200: {"sessionId":"b9791e08-e950-455d-abb7-57cd25fcf4fd","value":null}
[debug] &amp#27;[35m[W3C (5d4d029e)]&amp#27;[39m Responding to client with driver.click() result: null
&amp#27;[35m[HTTP]&amp#27;[39m &amp#27;[37m<-- POST /wd/hub/session/5d4d029e-608c-4025-b328-68d749c43761/element/fb462b61-cf89-4995-99d9-2ab12364e49c/click &amp#27;[39m&amp#27;[32m200&amp#27;[39m &amp#27;[90m382 ms - 14&amp#27;[39m
&amp#27;[35m[HTTP]&amp#27;[39m &amp#27;[90m&amp#27;[39m
&amp#27;[35m[HTTP]&amp#27;[39m &amp#27;[37m-->&amp#27;[39m &amp#27;[37mPOST&amp#27;[39m &amp#27;[37m/wd/hub/session/5d4d029e-608c-4025-b328-68d749c43761/element&amp#27;[39m
&amp#27;[35m[HTTP]&amp#27;[39m &amp#27;[90m{"using":"xpath","value":"//*[@content-desc='Settings']"}&amp#27;[39m
[debug] &amp#27;[35m[W3C (5d4d029e)]&amp#27;[39m Calling AppiumDriver.findElement() with args: ["xpath","//*[@content-desc='Settings']","5d4d029e-608c-4025-b328-68d749c43761"]
[debug] &amp#27;[35m[BaseDriver]&amp#27;[39m Valid locator strategies for this request: xpath, id, class name, accessibility id, -android uiautomator
[debug] &amp#27;[35m[BaseDriver]&amp#27;[39m Waiting up to 30000 ms for condition
[debug] &amp#27;[35m[WD Proxy]&amp#27;[39m Matched '/element' to command name 'findElement'
[debug] &amp#27;[35m[WD Proxy]&amp#27;[39m Proxying [POST /element] to [POST http://127.0.0.1:8200/wd/hub/session/b9791e08-e950-455d-abb7-57cd25fcf4fd/element] with body: {"strategy":"xpath","selector":"//*[@content-desc='Settings']","context":"","multiple":false}
[debug] &amp#27;[35m[WD Proxy]&amp#27;[39m Got response with status 200: {"sessionId":"b9791e08-e950-455d-abb7-57cd25fcf4fd","value":{"ELEMENT":"8ebbb06c-c794-434d-be20-a981a46130e0","element-6066-11e4-a52e-4f735466cecf":"8ebbb06c-c794-434d-be20-a981a46130e0"}}
[debug] &amp#27;[35m[W3C (5d4d029e)]&amp#27;[39m Responding to client with driver.findElement() result: {"element-6066-11e4-a52e-4f735466cecf":"8ebbb06c-c794-434d-be20-a981a46130e0","ELEMENT":"8ebbb06c-c794-434d-be20-a981a46130e0"}
&amp#27;[35m[HTTP]&amp#27;[39m &amp#27;[37m<-- POST /wd/hub/session/5d4d029e-608c-4025-b328-68d749c43761/element &amp#27;[39m&amp#27;[32m200&amp#27;[39m &amp#27;[90m322 ms - 137&amp#27;[39m
&amp#27;[35m[HTTP]&amp#27;[39m &amp#27;[90m&amp#27;[39m
&amp#27;[35m[HTTP]&amp#27;[39m &amp#27;[37m-->&amp#27;[39m &amp#27;[37mPOST&amp#27;[39m &amp#27;[37m/wd/hub/session/5d4d029e-608c-4025-b328-68d749c43761/element/8ebbb06c-c794-434d-be20-a981a46130e0/click&amp#27;[39m
&amp#27;[35m[HTTP]&amp#27;[39m &amp#27;[90m{"id":"8ebbb06c-c794-434d-be20-a981a46130e0"}&amp#27;[39m
[debug] &amp#27;[35m[W3C (5d4d029e)]&amp#27;[39m Calling AppiumDriver.click() with args: ["8ebbb06c-c794-434d-be20-a981a46130e0","5d4d029e-608c-4025-b328-68d749c43761"]
[debug] &amp#27;[35m[WD Proxy]&amp#27;[39m Matched '/element/8ebbb06c-c794-434d-be20-a981a46130e0/click' to command name 'click'
[debug] &amp#27;[35m[WD Proxy]&amp#27;[39m Proxying [POST /element/8ebbb06c-c794-434d-be20-a981a46130e0/click] to [POST http://127.0.0.1:8200/wd/hub/session/b9791e08-e950-455d-abb7-57cd25fcf4fd/element/8ebbb06c-c794-434d-be20-a981a46130e0/click] with body: {"element":"8ebbb06c-c794-434d-be20-a981a46130e0"}
[debug] &amp#27;[35m[WD Proxy]&amp#27;[39m Got response with status 200: {"sessionId":"b9791e08-e950-455d-abb7-57cd25fcf4fd","value":null}
[debug] &amp#27;[35m[W3C (5d4d029e)]&amp#27;[39m Responding to client with driver.click() result: null
&amp#27;[35m[HTTP]&amp#27;[39m &amp#27;[37m<-- POST /wd/hub/session/5d4d029e-608c-4025-b328-68d749c43761/element/8ebbb06c-c794-434d-be20-a981a46130e0/click &amp#27;[39m&amp#27;[32m200&amp#27;[39m &amp#27;[90m302 ms - 14&amp#27;[39m
&amp#27;[35m[HTTP]&amp#27;[39m &amp#27;[90m&amp#27;[39m
&amp#27;[35m[HTTP]&amp#27;[39m &amp#27;[37m-->&amp#27;[39m &amp#27;[37mPOST&amp#27;[39m &amp#27;[37m/wd/hub/session/5d4d029e-608c-4025-b328-68d749c43761/element&amp#27;[39m
&amp#27;[35m[HTTP]&amp#27;[39m &amp#27;[90m{"using":"xpath","value":"//*[@text='Sign out']"}&amp#27;[39m
[debug] &amp#27;[35m[W3C (5d4d029e)]&amp#27;[39m Calling AppiumDriver.findElement() with args: ["xpath","//*[@text='Sign out']","5d4d029e-608c-4025-b328-68d749c43761"]
[debug] &amp#27;[35m[BaseDriver]&amp#27;[39m Valid locator strategies for this request: xpath, id, class name, accessibility id, -android uiautomator
[debug] &amp#27;[35m[BaseDriver]&amp#27;[39m Waiting up to 30000 ms for condition
[debug] &amp#27;[35m[WD Proxy]&amp#27;[39m Matched '/element' to command name 'findElement'
[debug] &amp#27;[35m[WD Proxy]&amp#27;[39m Proxying [POST /element] to [POST http://127.0.0.1:8200/wd/hub/session/b9791e08-e950-455d-abb7-57cd25fcf4fd/element] with body: {"strategy":"xpath","selector":"//*[@text='Sign out']","context":"","multiple":false}
&amp#27;[35m[WD Proxy]&amp#27;[39m Got response with status 404: {"sessionId":"b9791e08-e950-455d-abb7-57cd25fcf4fd","value":{"error":"no such element","message":"An element could not be located on the page using the given search parameters","stacktrace":"io.appium.uiautomator2.common.exceptions.ElementNotFoundException: An element could not be located on the page using the given search parameters\n\tat io.appium.uiautomator2.handler.FindElement.findElement(FindElement.java:102)\n\tat io.appium.uiautomator2.handler.FindElement.safeHandle(FindElement.java:72)\n\tat io.appium.uiautomator2.handler.request.SafeRequestHandler.handle(SafeRequestHandler.java:38)\n\tat io.appium.uiautomator2.server.AppiumServlet.handleRequest(AppiumServlet.java:252)\n\tat io.appium.uiautomator2.server.AppiumServlet.handleHttpRequest(AppiumServlet.java:242)\n\tat io.appium.uiautomator2.http.ServerHandler.channelRead(ServerHandler.java:51)\n\tat io.netty.channel.AbstractChannelHandlerContext.invokeChannelRead(AbstractChannelHandlerContext.java:366)\n\tat io.netty.channel.AbstractChannelHandlerCon...
[debug] &amp#27;[35m[W3C]&amp#27;[39m Matched W3C error code 'no such element' to NoSuchElementError
[debug] &amp#27;[35m[BaseDriver]&amp#27;[39m Waited for 55 ms so far
[debug] &amp#27;[35m[WD Proxy]&amp#27;[39m Matched '/element' to command name 'findElement'
[debug] &amp#27;[35m[WD Proxy]&amp#27;[39m Proxying [POST /element] to [POST http://127.0.0.1:8200/wd/hub/session/b9791e08-e950-455d-abb7-57cd25fcf4fd/element] with body: {"strategy":"xpath","selector":"//*[@text='Sign out']","context":"","multiple":false}
[debug] &amp#27;[35m[WD Proxy]&amp#27;[39m Got response with status 200: {"sessionId":"b9791e08-e950-455d-abb7-57cd25fcf4fd","value":{"ELEMENT":"352fa868-b432-4fdd-b633-7c07703ab624","element-6066-11e4-a52e-4f735466cecf":"352fa868-b432-4fdd-b633-7c07703ab624"}}
[debug] &amp#27;[35m[W3C (5d4d029e)]&amp#27;[39m Responding to client with driver.findElement() result: {"element-6066-11e4-a52e-4f735466cecf":"352fa868-b432-4fdd-b633-7c07703ab624","ELEMENT":"352fa868-b432-4fdd-b633-7c07703ab624"}
&amp#27;[35m[HTTP]&amp#27;[39m &amp#27;[37m<-- POST /wd/hub/session/5d4d029e-608c-4025-b328-68d749c43761/element &amp#27;[39m&amp#27;[32m200&amp#27;[39m &amp#27;[90m1031 ms - 137&amp#27;[39m
&amp#27;[35m[HTTP]&amp#27;[39m &amp#27;[90m&amp#27;[39m
&amp#27;[35m[HTTP]&amp#27;[39m &amp#27;[37m-->&amp#27;[39m &amp#27;[37mPOST&amp#27;[39m &amp#27;[37m/wd/hub/session/5d4d029e-608c-4025-b328-68d749c43761/element/352fa868-b432-4fdd-b633-7c07703ab624/click&amp#27;[39m
&amp#27;[35m[HTTP]&amp#27;[39m &amp#27;[90m{"id":"352fa868-b432-4fdd-b633-7c07703ab624"}&amp#27;[39m
[debug] &amp#27;[35m[W3C (5d4d029e)]&amp#27;[39m Calling AppiumDriver.click() with args: ["352fa868-b432-4fdd-b633-7c07703ab624","5d4d029e-608c-4025-b328-68d749c43761"]
[debug] &amp#27;[35m[WD Proxy]&amp#27;[39m Matched '/element/352fa868-b432-4fdd-b633-7c07703ab624/click' to command name 'click'
[debug] &amp#27;[35m[WD Proxy]&amp#27;[39m Proxying [POST /element/352fa868-b432-4fdd-b633-7c07703ab624/click] to [POST http://127.0.0.1:8200/wd/hub/session/b9791e08-e950-455d-abb7-57cd25fcf4fd/element/352fa868-b432-4fdd-b633-7c07703ab624/click] with body: {"element":"352fa868-b432-4fdd-b633-7c07703ab624"}
[debug] &amp#27;[35m[WD Proxy]&amp#27;[39m Got response with status 200: {"sessionId":"b9791e08-e950-455d-abb7-57cd25fcf4fd","value":null}
[debug] &amp#27;[35m[W3C (5d4d029e)]&amp#27;[39m Responding to client with driver.click() result: null
&amp#27;[35m[HTTP]&amp#27;[39m &amp#27;[37m<-- POST /wd/hub/session/5d4d029e-608c-4025-b328-68d749c43761/element/352fa868-b432-4fdd-b633-7c07703ab624/click &amp#27;[39m&amp#27;[32m200&amp#27;[39m &amp#27;[90m17 ms - 14&amp#27;[39m
&amp#27;[35m[HTTP]&amp#27;[39m &amp#27;[90m&amp#27;[39m
&amp#27;[35m[HTTP]&amp#27;[39m &amp#27;[37m-->&amp#27;[39m &amp#27;[37mPOST&amp#27;[39m &amp#27;[37m/wd/hub/session/5d4d029e-608c-4025-b328-68d749c43761/element&amp#27;[39m
&amp#27;[35m[HTTP]&amp#27;[39m &amp#27;[90m{"using":"id","value":"android:id/button1"}&amp#27;[39m
[debug] &amp#27;[35m[W3C (5d4d029e)]&amp#27;[39m Calling AppiumDriver.findElement() with args: ["id","android:id/button1","5d4d029e-608c-4025-b328-68d749c43761"]
[debug] &amp#27;[35m[BaseDriver]&amp#27;[39m Valid locator strategies for this request: xpath, id, class name, accessibility id, -android uiautomator
[debug] &amp#27;[35m[BaseDriver]&amp#27;[39m Waiting up to 30000 ms for condition
[debug] &amp#27;[35m[WD Proxy]&amp#27;[39m Matched '/element' to command name 'findElement'
[debug] &amp#27;[35m[WD Proxy]&amp#27;[39m Proxying [POST /element] to [POST http://127.0.0.1:8200/wd/hub/session/b9791e08-e950-455d-abb7-57cd25fcf4fd/element] with body: {"strategy":"id","selector":"android:id/button1","context":"","multiple":false}
&amp#27;[35m[WD Proxy]&amp#27;[39m Got response with status 404: {"sessionId":"b9791e08-e950-455d-abb7-57cd25fcf4fd","value":{"error":"no such element","message":"An element could not be located on the page using the given search parameters","stacktrace":"io.appium.uiautomator2.common.exceptions.ElementNotFoundException: An element could not be located on the page using the given search parameters\n\tat io.appium.uiautomator2.handler.FindElement.safeHandle(FindElement.java:78)\n\tat io.appium.uiautomator2.handler.request.SafeRequestHandler.handle(SafeRequestHandler.java:38)\n\tat io.appium.uiautomator2.server.AppiumServlet.handleRequest(AppiumServlet.java:252)\n\tat io.appium.uiautomator2.server.AppiumServlet.handleHttpRequest(AppiumServlet.java:242)\n\tat io.appium.uiautomator2.http.ServerHandler.channelRead(ServerHandler.java:51)\n\tat io.netty.channel.AbstractChannelHandlerContext.invokeChannelRead(AbstractChannelHandlerContext.java:366)\n\tat io.netty.channel.AbstractChannelHandlerContext.invokeChannelRead(AbstractChannelHandlerContext.java:352)\n\tat io.netty.chann...
[debug] &amp#27;[35m[W3C]&amp#27;[39m Matched W3C error code 'no such element' to NoSuchElementError
[debug] &amp#27;[35m[BaseDriver]&amp#27;[39m Waited for 81 ms so far
[debug] &amp#27;[35m[WD Proxy]&amp#27;[39m Matched '/element' to command name 'findElement'
[debug] &amp#27;[35m[WD Proxy]&amp#27;[39m Proxying [POST /element] to [POST http://127.0.0.1:8200/wd/hub/session/b9791e08-e950-455d-abb7-57cd25fcf4fd/element] with body: {"strategy":"id","selector":"android:id/button1","context":"","multiple":false}
[debug] &amp#27;[35m[WD Proxy]&amp#27;[39m Got response with status 200: {"sessionId":"b9791e08-e950-455d-abb7-57cd25fcf4fd","value":{"ELEMENT":"60badca2-98f4-44fc-86ab-09a829670f0d","element-6066-11e4-a52e-4f735466cecf":"60badca2-98f4-44fc-86ab-09a829670f0d"}}
[debug] &amp#27;[35m[W3C (5d4d029e)]&amp#27;[39m Responding to client with driver.findElement() result: {"element-6066-11e4-a52e-4f735466cecf":"60badca2-98f4-44fc-86ab-09a829670f0d","ELEMENT":"60badca2-98f4-44fc-86ab-09a829670f0d"}
&amp#27;[35m[HTTP]&amp#27;[39m &amp#27;[37m<-- POST /wd/hub/session/5d4d029e-608c-4025-b328-68d749c43761/element &amp#27;[39m&amp#27;[32m200&amp#27;[39m &amp#27;[90m631 ms - 137&amp#27;[39m
&amp#27;[35m[HTTP]&amp#27;[39m &amp#27;[90m&amp#27;[39m
&amp#27;[35m[HTTP]&amp#27;[39m &amp#27;[37m-->&amp#27;[39m &amp#27;[37mPOST&amp#27;[39m &amp#27;[37m/wd/hub/session/5d4d029e-608c-4025-b328-68d749c43761/element/60badca2-98f4-44fc-86ab-09a829670f0d/click&amp#27;[39m
&amp#27;[35m[HTTP]&amp#27;[39m &amp#27;[90m{"id":"60badca2-98f4-44fc-86ab-09a829670f0d"}&amp#27;[39m
[debug] &amp#27;[35m[W3C (5d4d029e)]&amp#27;[39m Calling AppiumDriver.click() with args: ["60badca2-98f4-44fc-86ab-09a829670f0d","5d4d029e-608c-4025-b328-68d749c43761"]
[debug] &amp#27;[35m[WD Proxy]&amp#27;[39m Matched '/element/60badca2-98f4-44fc-86ab-09a829670f0d/click' to command name 'click'
[debug] &amp#27;[35m[WD Proxy]&amp#27;[39m Proxying [POST /element/60badca2-98f4-44fc-86ab-09a829670f0d/click] to [POST http://127.0.0.1:8200/wd/hub/session/b9791e08-e950-455d-abb7-57cd25fcf4fd/element/60badca2-98f4-44fc-86ab-09a829670f0d/click] with body: {"element":"60badca2-98f4-44fc-86ab-09a829670f0d"}
[debug] &amp#27;[35m[WD Proxy]&amp#27;[39m Got response with status 200: {"sessionId":"b9791e08-e950-455d-abb7-57cd25fcf4fd","value":null}
[debug] &amp#27;[35m[W3C (5d4d029e)]&amp#27;[39m Responding to client with driver.click() result: null
&amp#27;[35m[HTTP]&amp#27;[39m &amp#27;[37m<-- POST /wd/hub/session/5d4d029e-608c-4025-b328-68d749c43761/element/60badca2-98f4-44fc-86ab-09a829670f0d/click &amp#27;[39m&amp#27;[32m200&amp#27;[39m &amp#27;[90m14 ms - 14&amp#27;[39m
&amp#27;[35m[HTTP]&amp#27;[39m &amp#27;[90m&amp#27;[39m
User Signed Out
]]></system-out>
    <system-err><![CDATA[SLF4J: Failed to load class "org.slf4j.impl.StaticLoggerBinder".
SLF4J: Defaulting to no-operation (NOP) logger implementation
SLF4J: See http://www.slf4j.org/codes.html#StaticLoggerBinder for further details.
Jun 02, 2021 4:48:10 PM io.appium.java_client.remote.AppiumCommandExecutor$1 lambda$0
INFO: Detected dialect: W3C
]]></system-err>
  </testcase>
</testsuite>