<?xml version="1.0" encoding="UTF-8"?>
<!-- Generated by org.testng.reporters.JUnitReportReporter -->
<testsuite hostname="SHRAVRA1" failures="0" tests="1" name="MobileAppiumFramework.HybridappTesting" time="354.320" errors="0" timestamp="2021-06-02T16:53:39 IST" skipped="0">
  <testcase classname="MobileAppiumFramework.HybridappTesting" name="testcase1" time="354.320"/>
  <system-out/>
</testsuite> <!-- MobileAppiumFramework.HybridappTesting -->
